{"/home/runner/work/backend-2/backend-2/app.js": {"path":"/home/runner/work/backend-2/backend-2/app.js","statementMap":{"0":{"start":{"line":1,"column":16},"end":{"line":1,"column":34}},"1":{"start":{"line":2,"column":16},"end":{"line":2,"column":34}},"2":{"start":{"line":3,"column":15},"end":{"line":3,"column":32}},"3":{"start":{"line":4,"column":21},"end":{"line":4,"column":45}},"4":{"start":{"line":5,"column":19},"end":{"line":5,"column":41}},"5":{"start":{"line":6,"column":20},"end":{"line":6,"column":42}},"6":{"start":{"line":7,"column":15},"end":{"line":7,"column":32}},"7":{"start":{"line":8,"column":12},"end":{"line":8,"column":34}},"8":{"start":{"line":9,"column":0},"end":{"line":9,"column":16}},"9":{"start":{"line":10,"column":19},"end":{"line":10,"column":49}},"10":{"start":{"line":11,"column":25},"end":{"line":11,"column":58}},"11":{"start":{"line":12,"column":14},"end":{"line":12,"column":39}},"12":{"start":{"line":13,"column":14},"end":{"line":13,"column":39}},"13":{"start":{"line":14,"column":13},"end":{"line":14,"column":37}},"14":{"start":{"line":15,"column":15},"end":{"line":15,"column":41}},"15":{"start":{"line":16,"column":14},"end":{"line":16,"column":39}},"16":{"start":{"line":17,"column":17},"end":{"line":17,"column":45}},"17":{"start":{"line":18,"column":17},"end":{"line":18,"column":45}},"18":{"start":{"line":20,"column":11},"end":{"line":34,"column":1}},"19":{"start":{"line":36,"column":12},"end":{"line":36,"column":21}},"20":{"start":{"line":38,"column":0},"end":{"line":38,"column":28}},"21":{"start":{"line":40,"column":0},"end":{"line":52,"column":3}},"22":{"start":{"line":41,"column":17},"end":{"line":41,"column":35}},"23":{"start":{"line":42,"column":4},"end":{"line":44,"column":5}},"24":{"start":{"line":43,"column":8},"end":{"line":43,"column":61}},"25":{"start":{"line":45,"column":4},"end":{"line":45,"column":115}},"26":{"start":{"line":46,"column":4},"end":{"line":46,"column":92}},"27":{"start":{"line":49,"column":4},"end":{"line":49,"column":60}},"28":{"start":{"line":51,"column":4},"end":{"line":51,"column":11}},"29":{"start":{"line":54,"column":0},"end":{"line":54,"column":18}},"30":{"start":{"line":56,"column":0},"end":{"line":58,"column":1}},"31":{"start":{"line":57,"column":4},"end":{"line":57,"column":63}},"32":{"start":{"line":60,"column":0},"end":{"line":60,"column":23}},"33":{"start":{"line":61,"column":0},"end":{"line":61,"column":60}},"34":{"start":{"line":62,"column":0},"end":{"line":65,"column":3}},"35":{"start":{"line":63,"column":21},"end":{"line":63,"column":87}},"36":{"start":{"line":64,"column":4},"end":{"line":64,"column":108}},"37":{"start":{"line":66,"column":0},"end":{"line":66,"column":44}},"38":{"start":{"line":67,"column":0},"end":{"line":67,"column":52}},"39":{"start":{"line":68,"column":0},"end":{"line":68,"column":24}},"40":{"start":{"line":70,"column":0},"end":{"line":70,"column":25}},"41":{"start":{"line":71,"column":0},"end":{"line":71,"column":35}},"42":{"start":{"line":72,"column":0},"end":{"line":72,"column":25}},"43":{"start":{"line":73,"column":0},"end":{"line":73,"column":23}},"44":{"start":{"line":74,"column":0},"end":{"line":74,"column":27}},"45":{"start":{"line":75,"column":0},"end":{"line":75,"column":20}},"46":{"start":{"line":76,"column":0},"end":{"line":76,"column":44}},"47":{"start":{"line":77,"column":0},"end":{"line":77,"column":31}},"48":{"start":{"line":78,"column":0},"end":{"line":78,"column":31}},"49":{"start":{"line":81,"column":0},"end":{"line":85,"column":3}},"50":{"start":{"line":82,"column":16},"end":{"line":82,"column":38}},"51":{"start":{"line":83,"column":4},"end":{"line":83,"column":21}},"52":{"start":{"line":84,"column":4},"end":{"line":84,"column":14}},"53":{"start":{"line":88,"column":0},"end":{"line":103,"column":3}},"54":{"start":{"line":90,"column":4},"end":{"line":96,"column":5}},"55":{"start":{"line":91,"column":24},"end":{"line":91,"column":26}},"56":{"start":{"line":92,"column":8},"end":{"line":94,"column":9}},"57":{"start":{"line":93,"column":12},"end":{"line":93,"column":34}},"58":{"start":{"line":95,"column":8},"end":{"line":95,"column":110}},"59":{"start":{"line":98,"column":4},"end":{"line":100,"column":5}},"60":{"start":{"line":99,"column":8},"end":{"line":99,"column":67}},"61":{"start":{"line":101,"column":4},"end":{"line":101,"column":42}},"62":{"start":{"line":102,"column":4},"end":{"line":102,"column":38}},"63":{"start":{"line":105,"column":0},"end":{"line":122,"column":1}},"64":{"start":{"line":106,"column":27},"end":{"line":106,"column":58}},"65":{"start":{"line":108,"column":61},"end":{"line":108,"column":97}},"66":{"start":{"line":109,"column":40},"end":{"line":109,"column":73}},"67":{"start":{"line":110,"column":44},"end":{"line":110,"column":75}},"68":{"start":{"line":111,"column":78},"end":{"line":111,"column":113}},"69":{"start":{"line":113,"column":4},"end":{"line":113,"column":27}},"70":{"start":{"line":115,"column":4},"end":{"line":115,"column":33}},"71":{"start":{"line":116,"column":4},"end":{"line":116,"column":35}},"72":{"start":{"line":117,"column":4},"end":{"line":117,"column":36}},"73":{"start":{"line":118,"column":4},"end":{"line":118,"column":40}},"74":{"start":{"line":120,"column":4},"end":{"line":120,"column":40}},"75":{"start":{"line":121,"column":4},"end":{"line":121,"column":33}},"76":{"start":{"line":124,"column":0},"end":{"line":124,"column":21}}},"fnMap":{"0":{"name":"(anonymous_0)","decl":{"start":{"line":40,"column":13},"end":{"line":40,"column":14}},"loc":{"start":{"line":40,"column":39},"end":{"line":52,"column":1}},"line":40},"1":{"name":"(anonymous_1)","decl":{"start":{"line":62,"column":37},"end":{"line":62,"column":38}},"loc":{"start":{"line":62,"column":51},"end":{"line":65,"column":1}},"line":62},"2":{"name":"(anonymous_2)","decl":{"start":{"line":81,"column":8},"end":{"line":81,"column":9}},"loc":{"start":{"line":81,"column":34},"end":{"line":85,"column":1}},"line":81},"3":{"name":"(anonymous_3)","decl":{"start":{"line":88,"column":8},"end":{"line":88,"column":9}},"loc":{"start":{"line":88,"column":39},"end":{"line":103,"column":1}},"line":88}},"branchMap":{"0":{"loc":{"start":{"line":42,"column":4},"end":{"line":44,"column":5}},"type":"if","locations":[{"start":{"line":42,"column":4},"end":{"line":44,"column":5}},{"start":{},"end":{}}],"line":42},"1":{"loc":{"start":{"line":56,"column":0},"end":{"line":58,"column":1}},"type":"if","locations":[{"start":{"line":56,"column":0},"end":{"line":58,"column":1}},{"start":{},"end":{}}],"line":56},"2":{"loc":{"start":{"line":90,"column":4},"end":{"line":96,"column":5}},"type":"if","locations":[{"start":{"line":90,"column":4},"end":{"line":96,"column":5}},{"start":{},"end":{}}],"line":90},"3":{"loc":{"start":{"line":98,"column":4},"end":{"line":100,"column":5}},"type":"if","locations":[{"start":{"line":98,"column":4},"end":{"line":100,"column":5}},{"start":{},"end":{}}],"line":98},"4":{"loc":{"start":{"line":98,"column":8},"end":{"line":98,"column":38}},"type":"binary-expr","locations":[{"start":{"line":98,"column":8},"end":{"line":98,"column":18}},{"start":{"line":98,"column":22},"end":{"line":98,"column":38}}],"line":98},"5":{"loc":{"start":{"line":102,"column":19},"end":{"line":102,"column":36}},"type":"binary-expr","locations":[{"start":{"line":102,"column":19},"end":{"line":102,"column":29}},{"start":{"line":102,"column":33},"end":{"line":102,"column":36}}],"line":102},"6":{"loc":{"start":{"line":105,"column":0},"end":{"line":122,"column":1}},"type":"if","locations":[{"start":{"line":105,"column":0},"end":{"line":122,"column":1}},{"start":{},"end":{}}],"line":105}},"s":{"0":2,"1":2,"2":2,"3":2,"4":2,"5":2,"6":2,"7":2,"8":2,"9":2,"10":2,"11":2,"12":2,"13":2,"14":2,"15":2,"16":2,"17":2,"18":2,"19":2,"20":2,"21":2,"22":19,"23":19,"24":0,"25":19,"26":19,"27":19,"28":19,"29":2,"30":2,"31":0,"32":2,"33":2,"34":2,"35":0,"36":0,"37":2,"38":2,"39":2,"40":2,"41":2,"42":2,"43":2,"44":2,"45":2,"46":2,"47":2,"48":2,"49":2,"50":0,"51":0,"52":0,"53":2,"54":8,"55":0,"56":0,"57":0,"58":0,"59":8,"60":8,"61":0,"62":0,"63":2,"64":0,"65":0,"66":0,"67":0,"68":0,"69":0,"70":0,"71":0,"72":0,"73":0,"74":0,"75":0,"76":2},"f":{"0":19,"1":0,"2":0,"3":8},"b":{"0":[0,19],"1":[0,2],"2":[0,8],"3":[8,0],"4":[8,8],"5":[0,0],"6":[0,2]},"_coverageSchema":"1a1c01bbd47fc00a2c39e90264f33305004495a9","hash":"e73ec5d28da06f8221f724503144fced49a09d40"}
,"/home/runner/work/backend-2/backend-2/db.js": {"path":"/home/runner/work/backend-2/backend-2/db.js","statementMap":{"0":{"start":{"line":1,"column":15},"end":{"line":1,"column":34}},"1":{"start":{"line":2,"column":0},"end":{"line":2,"column":34}},"2":{"start":{"line":3,"column":12},"end":{"line":3,"column":34}},"3":{"start":{"line":4,"column":0},"end":{"line":4,"column":27}},"4":{"start":{"line":6,"column":0},"end":{"line":8,"column":3}},"5":{"start":{"line":7,"column":4},"end":{"line":7,"column":54}},"6":{"start":{"line":10,"column":0},"end":{"line":10,"column":26}}},"fnMap":{"0":{"name":"(anonymous_0)","decl":{"start":{"line":6,"column":49},"end":{"line":6,"column":50}},"loc":{"start":{"line":6,"column":60},"end":{"line":8,"column":1}},"line":6}},"branchMap":{},"s":{"0":2,"1":2,"2":2,"3":2,"4":2,"5":0,"6":2},"f":{"0":0},"b":{},"_coverageSchema":"1a1c01bbd47fc00a2c39e90264f33305004495a9","hash":"9e4b121ec8889b2bb90e4fdfed76c6b023a6db09"}
,"/home/runner/work/backend-2/backend-2/constants/constants.js": {"path":"/home/runner/work/backend-2/backend-2/constants/constants.js","statementMap":{"0":{"start":{"line":1,"column":19},"end":{"line":5,"column":1}},"1":{"start":{"line":7,"column":29},"end":{"line":12,"column":1}},"2":{"start":{"line":14,"column":24},"end":{"line":16,"column":1}},"3":{"start":{"line":18,"column":28},"end":{"line":31,"column":1}},"4":{"start":{"line":33,"column":28},"end":{"line":36,"column":1}},"5":{"start":{"line":38,"column":31},"end":{"line":41,"column":1}},"6":{"start":{"line":43,"column":28},"end":{"line":48,"column":1}},"7":{"start":{"line":50,"column":20},"end":{"line":54,"column":1}},"8":{"start":{"line":56,"column":32},"end":{"line":59,"column":1}},"9":{"start":{"line":61,"column":38},"end":{"line":64,"column":1}},"10":{"start":{"line":66,"column":35},"end":{"line":69,"column":1}},"11":{"start":{"line":71,"column":35},"end":{"line":71,"column":41}},"12":{"start":{"line":73,"column":0},"end":{"line":86,"column":2}}},"fnMap":{},"branchMap":{},"s":{"0":5,"1":5,"2":5,"3":5,"4":5,"5":5,"6":5,"7":5,"8":5,"9":5,"10":5,"11":5,"12":5},"f":{},"b":{},"_coverageSchema":"1a1c01bbd47fc00a2c39e90264f33305004495a9","hash":"93fd22263a6621164fef724abcfc8c5e76ee7bfb"}
,"/home/runner/work/backend-2/backend-2/controllers/admin.js": {"path":"/home/runner/work/backend-2/backend-2/controllers/admin.js","statementMap":{"0":{"start":{"line":6,"column":4},"end":{"line":6,"column":37}},"1":{"start":{"line":7,"column":20},"end":{"line":7,"column":62}},"2":{"start":{"line":8,"column":18},"end":{"line":8,"column":48}},"3":{"start":{"line":9,"column":13},"end":{"line":9,"column":38}},"4":{"start":{"line":14,"column":4},"end":{"line":14,"column":30}},"5":{"start":{"line":15,"column":22},"end":{"line":15,"column":51}},"6":{"start":{"line":16,"column":10},"end":{"line":16,"column":27}},"7":{"start":{"line":17,"column":17},"end":{"line":17,"column":51}},"8":{"start":{"line":18,"column":15},"end":{"line":18,"column":40}},"9":{"start":{"line":19,"column":15},"end":{"line":19,"column":42}},"10":{"start":{"line":25,"column":4},"end":{"line":25,"column":43}},"11":{"start":{"line":32,"column":4},"end":{"line":32,"column":37}},"12":{"start":{"line":33,"column":26},"end":{"line":33,"column":59}},"13":{"start":{"line":34,"column":24},"end":{"line":34,"column":56}},"14":{"start":{"line":35,"column":35},"end":{"line":35,"column":58}},"15":{"start":{"line":36,"column":15},"end":{"line":36,"column":32}},"16":{"start":{"line":37,"column":23},"end":{"line":37,"column":52}},"17":{"start":{"line":38,"column":24},"end":{"line":38,"column":61}},"18":{"start":{"line":39,"column":21},"end":{"line":39,"column":54}},"19":{"start":{"line":40,"column":42},"end":{"line":40,"column":71}},"20":{"start":{"line":41,"column":17},"end":{"line":41,"column":39}},"21":{"start":{"line":42,"column":23},"end":{"line":42,"column":40}},"22":{"start":{"line":43,"column":58},"end":{"line":43,"column":85}},"23":{"start":{"line":44,"column":15},"end":{"line":44,"column":42}},"24":{"start":{"line":45,"column":27},"end":{"line":45,"column":58}},"25":{"start":{"line":46,"column":17},"end":{"line":46,"column":47}},"26":{"start":{"line":47,"column":20},"end":{"line":47,"column":53}},"27":{"start":{"line":49,"column":24},"end":{"line":61,"column":1}},"28":{"start":{"line":63,"column":33},"end":{"line":83,"column":1}},"29":{"start":{"line":64,"column":43},"end":{"line":64,"column":51}},"30":{"start":{"line":66,"column":24},"end":{"line":66,"column":65}},"31":{"start":{"line":68,"column":4},"end":{"line":68,"column":63}},"32":{"start":{"line":69,"column":4},"end":{"line":74,"column":7}},"33":{"start":{"line":75,"column":4},"end":{"line":79,"column":6}},"34":{"start":{"line":80,"column":4},"end":{"line":80,"column":29}},"35":{"start":{"line":82,"column":4},"end":{"line":82,"column":31}},"36":{"start":{"line":85,"column":26},"end":{"line":120,"column":1}},"37":{"start":{"line":87,"column":27},"end":{"line":87,"column":35}},"38":{"start":{"line":88,"column":17},"end":{"line":90,"column":6}},"39":{"start":{"line":91,"column":4},"end":{"line":93,"column":5}},"40":{"start":{"line":92,"column":8},"end":{"line":92,"column":65}},"41":{"start":{"line":94,"column":4},"end":{"line":94,"column":36}},"42":{"start":{"line":95,"column":22},"end":{"line":95,"column":41}},"43":{"start":{"line":98,"column":27},"end":{"line":98,"column":60}},"44":{"start":{"line":99,"column":4},"end":{"line":102,"column":11}},"45":{"start":{"line":100,"column":8},"end":{"line":102,"column":11}},"46":{"start":{"line":104,"column":22},"end":{"line":104,"column":70}},"47":{"start":{"line":105,"column":4},"end":{"line":107,"column":5}},"48":{"start":{"line":106,"column":8},"end":{"line":106,"column":71}},"49":{"start":{"line":108,"column":4},"end":{"line":112,"column":6}},"50":{"start":{"line":113,"column":4},"end":{"line":113,"column":29}},"51":{"start":{"line":116,"column":4},"end":{"line":119,"column":7}},"52":{"start":{"line":122,"column":33},"end":{"line":150,"column":1}},"53":{"start":{"line":123,"column":29},"end":{"line":123,"column":42}},"54":{"start":{"line":125,"column":4},"end":{"line":127,"column":5}},"55":{"start":{"line":126,"column":8},"end":{"line":126,"column":60}},"56":{"start":{"line":129,"column":27},"end":{"line":145,"column":15}},"57":{"start":{"line":147,"column":4},"end":{"line":147,"column":76}},"58":{"start":{"line":148,"column":4},"end":{"line":148,"column":76}},"59":{"start":{"line":149,"column":4},"end":{"line":149,"column":22}},"60":{"start":{"line":152,"column":26},"end":{"line":241,"column":1}},"61":{"start":{"line":153,"column":16},"end":{"line":153,"column":62}},"62":{"start":{"line":154,"column":21},"end":{"line":154,"column":41}},"63":{"start":{"line":155,"column":20},"end":{"line":155,"column":39}},"64":{"start":{"line":156,"column":16},"end":{"line":156,"column":54}},"65":{"start":{"line":157,"column":22},"end":{"line":157,"column":109}},"66":{"start":{"line":158,"column":22},"end":{"line":158,"column":24}},"67":{"start":{"line":160,"column":8},"end":{"line":160,"column":64}},"68":{"start":{"line":162,"column":4},"end":{"line":167,"column":5}},"69":{"start":{"line":163,"column":8},"end":{"line":165,"column":10}},"70":{"start":{"line":166,"column":8},"end":{"line":166,"column":39}},"71":{"start":{"line":168,"column":4},"end":{"line":172,"column":5}},"72":{"start":{"line":169,"column":8},"end":{"line":171,"column":10}},"73":{"start":{"line":173,"column":4},"end":{"line":192,"column":6}},"74":{"start":{"line":194,"column":18},"end":{"line":194,"column":53}},"75":{"start":{"line":195,"column":14},"end":{"line":198,"column":5}},"76":{"start":{"line":199,"column":18},"end":{"line":199,"column":23}},"77":{"start":{"line":200,"column":19},"end":{"line":200,"column":21}},"78":{"start":{"line":202,"column":4},"end":{"line":238,"column":49}},"79":{"start":{"line":203,"column":8},"end":{"line":203,"column":66}},"80":{"start":{"line":204,"column":8},"end":{"line":231,"column":9}},"81":{"start":{"line":204,"column":21},"end":{"line":204,"column":22}},"82":{"start":{"line":205,"column":26},"end":{"line":205,"column":42}},"83":{"start":{"line":206,"column":12},"end":{"line":230,"column":13}},"84":{"start":{"line":207,"column":16},"end":{"line":209,"column":17}},"85":{"start":{"line":208,"column":20},"end":{"line":208,"column":108}},"86":{"start":{"line":210,"column":16},"end":{"line":224,"column":18}},"87":{"start":{"line":225,"column":16},"end":{"line":229,"column":17}},"88":{"start":{"line":226,"column":20},"end":{"line":226,"column":84}},"89":{"start":{"line":228,"column":20},"end":{"line":228,"column":26}},"90":{"start":{"line":232,"column":8},"end":{"line":232,"column":36}},"91":{"start":{"line":233,"column":8},"end":{"line":237,"column":9}},"92":{"start":{"line":234,"column":12},"end":{"line":236,"column":15}},"93":{"start":{"line":240,"column":4},"end":{"line":240,"column":19}},"94":{"start":{"line":243,"column":42},"end":{"line":247,"column":1}},"95":{"start":{"line":244,"column":27},"end":{"line":244,"column":35}},"96":{"start":{"line":245,"column":20},"end":{"line":245,"column":72}},"97":{"start":{"line":246,"column":4},"end":{"line":246,"column":22}},"98":{"start":{"line":249,"column":24},"end":{"line":254,"column":1}},"99":{"start":{"line":250,"column":27},"end":{"line":250,"column":35}},"100":{"start":{"line":251,"column":20},"end":{"line":251,"column":91}},"101":{"start":{"line":252,"column":4},"end":{"line":252,"column":61}},"102":{"start":{"line":253,"column":4},"end":{"line":253,"column":22}},"103":{"start":{"line":256,"column":31},"end":{"line":262,"column":1}},"104":{"start":{"line":257,"column":23},"end":{"line":259,"column":55}},"105":{"start":{"line":261,"column":4},"end":{"line":261,"column":44}},"106":{"start":{"line":264,"column":22},"end":{"line":481,"column":1}},"107":{"start":{"line":265,"column":17},"end":{"line":265,"column":19}},"108":{"start":{"line":266,"column":17},"end":{"line":358,"column":5}},"109":{"start":{"line":361,"column":4},"end":{"line":394,"column":5}},"110":{"start":{"line":362,"column":8},"end":{"line":393,"column":9}},"111":{"start":{"line":364,"column":16},"end":{"line":364,"column":62}},"112":{"start":{"line":365,"column":16},"end":{"line":365,"column":22}},"113":{"start":{"line":368,"column":16},"end":{"line":368,"column":62}},"114":{"start":{"line":369,"column":16},"end":{"line":369,"column":22}},"115":{"start":{"line":372,"column":16},"end":{"line":372,"column":60}},"116":{"start":{"line":373,"column":16},"end":{"line":373,"column":22}},"117":{"start":{"line":376,"column":16},"end":{"line":376,"column":57}},"118":{"start":{"line":377,"column":16},"end":{"line":377,"column":22}},"119":{"start":{"line":381,"column":34},"end":{"line":381,"column":67}},"120":{"start":{"line":382,"column":20},"end":{"line":387,"column":22}},"121":{"start":{"line":388,"column":20},"end":{"line":390,"column":21}},"122":{"start":{"line":389,"column":24},"end":{"line":389,"column":66}},"123":{"start":{"line":392,"column":16},"end":{"line":392,"column":22}},"124":{"start":{"line":395,"column":4},"end":{"line":395,"column":30}},"125":{"start":{"line":397,"column":4},"end":{"line":466,"column":5}},"126":{"start":{"line":398,"column":8},"end":{"line":465,"column":9}},"127":{"start":{"line":401,"column":16},"end":{"line":413,"column":19}},"128":{"start":{"line":414,"column":16},"end":{"line":414,"column":22}},"129":{"start":{"line":419,"column":16},"end":{"line":432,"column":19}},"130":{"start":{"line":433,"column":16},"end":{"line":433,"column":22}},"131":{"start":{"line":438,"column":16},"end":{"line":463,"column":19}},"132":{"start":{"line":464,"column":16},"end":{"line":464,"column":22}},"133":{"start":{"line":468,"column":4},"end":{"line":477,"column":7}},"134":{"start":{"line":478,"column":20},"end":{"line":478,"column":53}},"135":{"start":{"line":479,"column":4},"end":{"line":479,"column":34}},"136":{"start":{"line":480,"column":4},"end":{"line":480,"column":11}},"137":{"start":{"line":483,"column":25},"end":{"line":504,"column":1}},"138":{"start":{"line":484,"column":20},"end":{"line":490,"column":6}},"139":{"start":{"line":491,"column":4},"end":{"line":493,"column":5}},"140":{"start":{"line":492,"column":8},"end":{"line":492,"column":33}},"141":{"start":{"line":495,"column":4},"end":{"line":495,"column":57}},"142":{"start":{"line":496,"column":4},"end":{"line":501,"column":48}},"143":{"start":{"line":503,"column":4},"end":{"line":503,"column":36}},"144":{"start":{"line":506,"column":28},"end":{"line":650,"column":1}},"145":{"start":{"line":507,"column":30},"end":{"line":507,"column":35}},"146":{"start":{"line":508,"column":17},"end":{"line":535,"column":5}},"147":{"start":{"line":536,"column":21},"end":{"line":536,"column":23}},"148":{"start":{"line":538,"column":4},"end":{"line":589,"column":5}},"149":{"start":{"line":539,"column":8},"end":{"line":588,"column":9}},"150":{"start":{"line":541,"column":16},"end":{"line":541,"column":61}},"151":{"start":{"line":542,"column":16},"end":{"line":542,"column":64}},"152":{"start":{"line":543,"column":16},"end":{"line":543,"column":43}},"153":{"start":{"line":544,"column":16},"end":{"line":544,"column":22}},"154":{"start":{"line":547,"column":16},"end":{"line":547,"column":60}},"155":{"start":{"line":548,"column":16},"end":{"line":548,"column":64}},"156":{"start":{"line":549,"column":16},"end":{"line":549,"column":43}},"157":{"start":{"line":550,"column":16},"end":{"line":550,"column":22}},"158":{"start":{"line":553,"column":16},"end":{"line":553,"column":71}},"159":{"start":{"line":554,"column":16},"end":{"line":554,"column":43}},"160":{"start":{"line":555,"column":16},"end":{"line":555,"column":22}},"161":{"start":{"line":558,"column":16},"end":{"line":558,"column":65}},"162":{"start":{"line":559,"column":16},"end":{"line":559,"column":43}},"163":{"start":{"line":560,"column":16},"end":{"line":560,"column":22}},"164":{"start":{"line":563,"column":16},"end":{"line":563,"column":69}},"165":{"start":{"line":564,"column":16},"end":{"line":564,"column":22}},"166":{"start":{"line":568,"column":34},"end":{"line":568,"column":66}},"167":{"start":{"line":569,"column":20},"end":{"line":579,"column":22}},"168":{"start":{"line":581,"column":20},"end":{"line":585,"column":21}},"169":{"start":{"line":582,"column":24},"end":{"line":584,"column":27}},"170":{"start":{"line":587,"column":16},"end":{"line":587,"column":22}},"171":{"start":{"line":590,"column":4},"end":{"line":635,"column":5}},"172":{"start":{"line":591,"column":8},"end":{"line":634,"column":10}},"173":{"start":{"line":636,"column":4},"end":{"line":636,"column":40}},"174":{"start":{"line":637,"column":4},"end":{"line":646,"column":7}},"175":{"start":{"line":647,"column":20},"end":{"line":647,"column":55}},"176":{"start":{"line":648,"column":4},"end":{"line":648,"column":34}},"177":{"start":{"line":649,"column":4},"end":{"line":649,"column":11}},"178":{"start":{"line":652,"column":31},"end":{"line":671,"column":1}},"179":{"start":{"line":653,"column":27},"end":{"line":668,"column":9}},"180":{"start":{"line":670,"column":4},"end":{"line":670,"column":41}},"181":{"start":{"line":673,"column":36},"end":{"line":693,"column":1}},"182":{"start":{"line":674,"column":25},"end":{"line":690,"column":5}},"183":{"start":{"line":692,"column":4},"end":{"line":692,"column":46}},"184":{"start":{"line":695,"column":33},"end":{"line":715,"column":1}},"185":{"start":{"line":696,"column":20},"end":{"line":700,"column":5}},"186":{"start":{"line":701,"column":4},"end":{"line":711,"column":5}},"187":{"start":{"line":702,"column":8},"end":{"line":704,"column":9}},"188":{"start":{"line":703,"column":12},"end":{"line":703,"column":32}},"189":{"start":{"line":705,"column":8},"end":{"line":710,"column":9}},"190":{"start":{"line":706,"column":12},"end":{"line":709,"column":15}},"191":{"start":{"line":712,"column":25},"end":{"line":712,"column":95}},"192":{"start":{"line":714,"column":4},"end":{"line":714,"column":39}},"193":{"start":{"line":717,"column":31},"end":{"line":840,"column":1}},"194":{"start":{"line":718,"column":23},"end":{"line":718,"column":25}},"195":{"start":{"line":719,"column":4},"end":{"line":740,"column":5}},"196":{"start":{"line":720,"column":8},"end":{"line":724,"column":10}},"197":{"start":{"line":726,"column":8},"end":{"line":739,"column":10}},"198":{"start":{"line":742,"column":4},"end":{"line":746,"column":5}},"199":{"start":{"line":743,"column":8},"end":{"line":745,"column":11}},"200":{"start":{"line":747,"column":4},"end":{"line":776,"column":5}},"201":{"start":{"line":748,"column":8},"end":{"line":757,"column":9}},"202":{"start":{"line":749,"column":22},"end":{"line":749,"column":32}},"203":{"start":{"line":750,"column":23},"end":{"line":752,"column":13}},"204":{"start":{"line":753,"column":12},"end":{"line":755,"column":13}},"205":{"start":{"line":754,"column":16},"end":{"line":754,"column":94}},"206":{"start":{"line":756,"column":12},"end":{"line":756,"column":39}},"207":{"start":{"line":758,"column":8},"end":{"line":762,"column":9}},"208":{"start":{"line":759,"column":12},"end":{"line":761,"column":15}},"209":{"start":{"line":763,"column":8},"end":{"line":768,"column":9}},"210":{"start":{"line":764,"column":12},"end":{"line":767,"column":15}},"211":{"start":{"line":769,"column":8},"end":{"line":775,"column":9}},"212":{"start":{"line":770,"column":12},"end":{"line":774,"column":14}},"213":{"start":{"line":777,"column":16},"end":{"line":777,"column":17}},"214":{"start":{"line":778,"column":21},"end":{"line":787,"column":5}},"215":{"start":{"line":779,"column":20},"end":{"line":779,"column":53}},"216":{"start":{"line":780,"column":8},"end":{"line":786,"column":9}},"217":{"start":{"line":785,"column":12},"end":{"line":785,"column":24}},"218":{"start":{"line":789,"column":16},"end":{"line":800,"column":15}},"219":{"start":{"line":801,"column":4},"end":{"line":805,"column":5}},"220":{"start":{"line":802,"column":8},"end":{"line":802,"column":48}},"221":{"start":{"line":804,"column":8},"end":{"line":804,"column":29}},"222":{"start":{"line":806,"column":4},"end":{"line":832,"column":33}},"223":{"start":{"line":833,"column":4},"end":{"line":835,"column":5}},"224":{"start":{"line":834,"column":8},"end":{"line":834,"column":41}},"225":{"start":{"line":836,"column":4},"end":{"line":839,"column":6}},"226":{"start":{"line":842,"column":25},"end":{"line":844,"column":1}},"227":{"start":{"line":843,"column":4},"end":{"line":843,"column":67}},"228":{"start":{"line":846,"column":28},"end":{"line":878,"column":1}},"229":{"start":{"line":847,"column":24},"end":{"line":875,"column":32}},"230":{"start":{"line":877,"column":4},"end":{"line":877,"column":45}},"231":{"start":{"line":880,"column":25},"end":{"line":889,"column":1}},"232":{"start":{"line":881,"column":21},"end":{"line":887,"column":32}},"233":{"start":{"line":888,"column":4},"end":{"line":888,"column":42}},"234":{"start":{"line":891,"column":33},"end":{"line":901,"column":1}},"235":{"start":{"line":892,"column":19},"end":{"line":892,"column":32}},"236":{"start":{"line":893,"column":21},"end":{"line":899,"column":32}},"237":{"start":{"line":900,"column":4},"end":{"line":900,"column":42}},"238":{"start":{"line":903,"column":17},"end":{"line":951,"column":1}},"239":{"start":{"line":904,"column":20},"end":{"line":904,"column":22}},"240":{"start":{"line":905,"column":4},"end":{"line":919,"column":5}},"241":{"start":{"line":906,"column":8},"end":{"line":918,"column":9}},"242":{"start":{"line":907,"column":12},"end":{"line":909,"column":14}},"243":{"start":{"line":910,"column":15},"end":{"line":918,"column":9}},"244":{"start":{"line":911,"column":12},"end":{"line":913,"column":14}},"245":{"start":{"line":914,"column":15},"end":{"line":918,"column":9}},"246":{"start":{"line":915,"column":12},"end":{"line":917,"column":14}},"247":{"start":{"line":920,"column":4},"end":{"line":938,"column":5}},"248":{"start":{"line":921,"column":8},"end":{"line":937,"column":10}},"249":{"start":{"line":940,"column":18},"end":{"line":940,"column":60}},"250":{"start":{"line":941,"column":18},"end":{"line":946,"column":15}},"251":{"start":{"line":947,"column":4},"end":{"line":950,"column":7}},"252":{"start":{"line":953,"column":20},"end":{"line":962,"column":1}},"253":{"start":{"line":954,"column":4},"end":{"line":954,"column":64}},"254":{"start":{"line":954,"column":24},"end":{"line":954,"column":64}},"255":{"start":{"line":955,"column":4},"end":{"line":955,"column":81}},"256":{"start":{"line":955,"column":42},"end":{"line":955,"column":81}},"257":{"start":{"line":957,"column":17},"end":{"line":959,"column":30}},"258":{"start":{"line":961,"column":4},"end":{"line":961,"column":31}},"259":{"start":{"line":964,"column":31},"end":{"line":985,"column":1}},"260":{"start":{"line":965,"column":19},"end":{"line":965,"column":29}},"261":{"start":{"line":968,"column":4},"end":{"line":970,"column":5}},"262":{"start":{"line":969,"column":8},"end":{"line":969,"column":63}},"263":{"start":{"line":973,"column":21},"end":{"line":982,"column":10}},"264":{"start":{"line":981,"column":12},"end":{"line":981,"column":83}},"265":{"start":{"line":984,"column":4},"end":{"line":984,"column":42}},"266":{"start":{"line":999,"column":28},"end":{"line":1007,"column":1}},"267":{"start":{"line":1000,"column":4},"end":{"line":1006,"column":5}},"268":{"start":{"line":1001,"column":33},"end":{"line":1001,"column":105}},"269":{"start":{"line":1002,"column":8},"end":{"line":1002,"column":47}},"270":{"start":{"line":1005,"column":8},"end":{"line":1005,"column":70}},"271":{"start":{"line":1015,"column":31},"end":{"line":1046,"column":1}},"272":{"start":{"line":1017,"column":4},"end":{"line":1018,"column":85}},"273":{"start":{"line":1018,"column":8},"end":{"line":1018,"column":85}},"274":{"start":{"line":1019,"column":4},"end":{"line":1020,"column":79}},"275":{"start":{"line":1020,"column":8},"end":{"line":1020,"column":79}},"276":{"start":{"line":1021,"column":4},"end":{"line":1022,"column":70}},"277":{"start":{"line":1022,"column":8},"end":{"line":1022,"column":70}},"278":{"start":{"line":1025,"column":4},"end":{"line":1045,"column":11}},"279":{"start":{"line":1038,"column":12},"end":{"line":1040,"column":107}},"280":{"start":{"line":1038,"column":32},"end":{"line":1038,"column":86}},"281":{"start":{"line":1040,"column":17},"end":{"line":1040,"column":107}},"282":{"start":{"line":1044,"column":12},"end":{"line":1044,"column":74}},"283":{"start":{"line":1054,"column":25},"end":{"line":1060,"column":1}},"284":{"start":{"line":1055,"column":4},"end":{"line":1055,"column":30}},"285":{"start":{"line":1056,"column":4},"end":{"line":1059,"column":7}},"286":{"start":{"line":1074,"column":25},"end":{"line":1086,"column":1}},"287":{"start":{"line":1075,"column":4},"end":{"line":1085,"column":5}},"288":{"start":{"line":1076,"column":22},"end":{"line":1080,"column":10}},"289":{"start":{"line":1081,"column":8},"end":{"line":1081,"column":36}},"290":{"start":{"line":1084,"column":8},"end":{"line":1084,"column":70}},"291":{"start":{"line":1094,"column":21},"end":{"line":1134,"column":1}},"292":{"start":{"line":1096,"column":4},"end":{"line":1096,"column":76}},"293":{"start":{"line":1096,"column":28},"end":{"line":1096,"column":76}},"294":{"start":{"line":1097,"column":4},"end":{"line":1097,"column":94}},"295":{"start":{"line":1097,"column":46},"end":{"line":1097,"column":94}},"296":{"start":{"line":1100,"column":4},"end":{"line":1133,"column":11}},"297":{"start":{"line":1110,"column":12},"end":{"line":1128,"column":19}},"298":{"start":{"line":1121,"column":20},"end":{"line":1123,"column":110}},"299":{"start":{"line":1121,"column":40},"end":{"line":1121,"column":90}},"300":{"start":{"line":1123,"column":25},"end":{"line":1123,"column":110}},"301":{"start":{"line":1127,"column":20},"end":{"line":1127,"column":82}},"302":{"start":{"line":1132,"column":12},"end":{"line":1132,"column":74}},"303":{"start":{"line":1142,"column":24},"end":{"line":1155,"column":1}},"304":{"start":{"line":1144,"column":4},"end":{"line":1144,"column":76}},"305":{"start":{"line":1144,"column":24},"end":{"line":1144,"column":76}},"306":{"start":{"line":1146,"column":20},"end":{"line":1149,"column":6}},"307":{"start":{"line":1151,"column":4},"end":{"line":1154,"column":7}},"308":{"start":{"line":1152,"column":8},"end":{"line":1152,"column":76}},"309":{"start":{"line":1152,"column":17},"end":{"line":1152,"column":76}},"310":{"start":{"line":1153,"column":8},"end":{"line":1153,"column":42}},"311":{"start":{"line":1163,"column":23},"end":{"line":1186,"column":1}},"312":{"start":{"line":1165,"column":4},"end":{"line":1165,"column":76}},"313":{"start":{"line":1165,"column":24},"end":{"line":1165,"column":76}},"314":{"start":{"line":1166,"column":4},"end":{"line":1185,"column":11}},"315":{"start":{"line":1178,"column":12},"end":{"line":1180,"column":120}},"316":{"start":{"line":1178,"column":32},"end":{"line":1178,"column":82}},"317":{"start":{"line":1180,"column":17},"end":{"line":1180,"column":120}},"318":{"start":{"line":1184,"column":12},"end":{"line":1184,"column":74}},"319":{"start":{"line":1194,"column":19},"end":{"line":1214,"column":1}},"320":{"start":{"line":1196,"column":4},"end":{"line":1196,"column":76}},"321":{"start":{"line":1196,"column":28},"end":{"line":1196,"column":76}},"322":{"start":{"line":1197,"column":4},"end":{"line":1197,"column":94}},"323":{"start":{"line":1197,"column":46},"end":{"line":1197,"column":94}},"324":{"start":{"line":1200,"column":4},"end":{"line":1213,"column":11}},"325":{"start":{"line":1206,"column":12},"end":{"line":1208,"column":82}},"326":{"start":{"line":1206,"column":43},"end":{"line":1206,"column":93}},"327":{"start":{"line":1208,"column":17},"end":{"line":1208,"column":82}},"328":{"start":{"line":1212,"column":12},"end":{"line":1212,"column":74}},"329":{"start":{"line":1222,"column":20},"end":{"line":1265,"column":1}},"330":{"start":{"line":1224,"column":4},"end":{"line":1224,"column":76}},"331":{"start":{"line":1224,"column":28},"end":{"line":1224,"column":76}},"332":{"start":{"line":1225,"column":4},"end":{"line":1225,"column":94}},"333":{"start":{"line":1225,"column":46},"end":{"line":1225,"column":94}},"334":{"start":{"line":1226,"column":4},"end":{"line":1226,"column":92}},"335":{"start":{"line":1226,"column":29},"end":{"line":1226,"column":92}},"336":{"start":{"line":1227,"column":4},"end":{"line":1227,"column":91}},"337":{"start":{"line":1227,"column":29},"end":{"line":1227,"column":91}},"338":{"start":{"line":1228,"column":4},"end":{"line":1228,"column":104}},"339":{"start":{"line":1228,"column":40},"end":{"line":1228,"column":104}},"340":{"start":{"line":1229,"column":4},"end":{"line":1229,"column":89}},"341":{"start":{"line":1229,"column":29},"end":{"line":1229,"column":89}},"342":{"start":{"line":1230,"column":4},"end":{"line":1230,"column":90}},"343":{"start":{"line":1230,"column":27},"end":{"line":1230,"column":90}},"344":{"start":{"line":1231,"column":4},"end":{"line":1231,"column":91}},"345":{"start":{"line":1231,"column":30},"end":{"line":1231,"column":91}},"346":{"start":{"line":1234,"column":4},"end":{"line":1264,"column":11}},"347":{"start":{"line":1257,"column":12},"end":{"line":1259,"column":120}},"348":{"start":{"line":1257,"column":40},"end":{"line":1257,"column":90}},"349":{"start":{"line":1259,"column":17},"end":{"line":1259,"column":120}},"350":{"start":{"line":1263,"column":12},"end":{"line":1263,"column":74}},"351":{"start":{"line":1273,"column":23},"end":{"line":1326,"column":1}},"352":{"start":{"line":1275,"column":4},"end":{"line":1275,"column":76}},"353":{"start":{"line":1275,"column":28},"end":{"line":1275,"column":76}},"354":{"start":{"line":1276,"column":4},"end":{"line":1276,"column":90}},"355":{"start":{"line":1276,"column":46},"end":{"line":1276,"column":90}},"356":{"start":{"line":1277,"column":4},"end":{"line":1277,"column":84}},"357":{"start":{"line":1277,"column":32},"end":{"line":1277,"column":84}},"358":{"start":{"line":1278,"column":4},"end":{"line":1278,"column":98}},"359":{"start":{"line":1278,"column":50},"end":{"line":1278,"column":98}},"360":{"start":{"line":1279,"column":4},"end":{"line":1279,"column":92}},"361":{"start":{"line":1279,"column":29},"end":{"line":1279,"column":92}},"362":{"start":{"line":1280,"column":4},"end":{"line":1280,"column":91}},"363":{"start":{"line":1280,"column":29},"end":{"line":1280,"column":91}},"364":{"start":{"line":1281,"column":4},"end":{"line":1281,"column":104}},"365":{"start":{"line":1281,"column":40},"end":{"line":1281,"column":104}},"366":{"start":{"line":1282,"column":4},"end":{"line":1282,"column":90}},"367":{"start":{"line":1282,"column":27},"end":{"line":1282,"column":90}},"368":{"start":{"line":1283,"column":4},"end":{"line":1283,"column":89}},"369":{"start":{"line":1283,"column":29},"end":{"line":1283,"column":89}},"370":{"start":{"line":1284,"column":4},"end":{"line":1284,"column":91}},"371":{"start":{"line":1284,"column":30},"end":{"line":1284,"column":91}},"372":{"start":{"line":1287,"column":17},"end":{"line":1290,"column":6}},"373":{"start":{"line":1291,"column":4},"end":{"line":1299,"column":5}},"374":{"start":{"line":1292,"column":30},"end":{"line":1292,"column":34}},"375":{"start":{"line":1293,"column":8},"end":{"line":1297,"column":9}},"376":{"start":{"line":1294,"column":12},"end":{"line":1296,"column":13}},"377":{"start":{"line":1295,"column":16},"end":{"line":1295,"column":86}},"378":{"start":{"line":1295,"column":62},"end":{"line":1295,"column":86}},"379":{"start":{"line":1298,"column":8},"end":{"line":1298,"column":90}},"380":{"start":{"line":1298,"column":30},"end":{"line":1298,"column":90}},"381":{"start":{"line":1302,"column":4},"end":{"line":1325,"column":11}},"382":{"start":{"line":1318,"column":12},"end":{"line":1320,"column":120}},"383":{"start":{"line":1318,"column":32},"end":{"line":1318,"column":86}},"384":{"start":{"line":1320,"column":17},"end":{"line":1320,"column":120}},"385":{"start":{"line":1324,"column":12},"end":{"line":1324,"column":74}},"386":{"start":{"line":1334,"column":23},"end":{"line":1359,"column":1}},"387":{"start":{"line":1336,"column":4},"end":{"line":1336,"column":76}},"388":{"start":{"line":1336,"column":28},"end":{"line":1336,"column":76}},"389":{"start":{"line":1337,"column":4},"end":{"line":1337,"column":90}},"390":{"start":{"line":1337,"column":46},"end":{"line":1337,"column":90}},"391":{"start":{"line":1338,"column":4},"end":{"line":1338,"column":80}},"392":{"start":{"line":1338,"column":32},"end":{"line":1338,"column":80}},"393":{"start":{"line":1339,"column":4},"end":{"line":1339,"column":98}},"394":{"start":{"line":1339,"column":50},"end":{"line":1339,"column":98}},"395":{"start":{"line":1342,"column":4},"end":{"line":1358,"column":11}},"396":{"start":{"line":1349,"column":12},"end":{"line":1353,"column":120}},"397":{"start":{"line":1349,"column":32},"end":{"line":1349,"column":82}},"398":{"start":{"line":1351,"column":17},"end":{"line":1353,"column":120}},"399":{"start":{"line":1351,"column":45},"end":{"line":1351,"column":99}},"400":{"start":{"line":1353,"column":17},"end":{"line":1353,"column":120}},"401":{"start":{"line":1357,"column":12},"end":{"line":1357,"column":74}},"402":{"start":{"line":1367,"column":19},"end":{"line":1381,"column":1}},"403":{"start":{"line":1368,"column":4},"end":{"line":1380,"column":5}},"404":{"start":{"line":1369,"column":24},"end":{"line":1375,"column":38}},"405":{"start":{"line":1376,"column":8},"end":{"line":1376,"column":38}},"406":{"start":{"line":1379,"column":8},"end":{"line":1379,"column":43}},"407":{"start":{"line":1383,"column":31},"end":{"line":1383,"column":33}},"408":{"start":{"line":1391,"column":19},"end":{"line":1501,"column":1}},"409":{"start":{"line":1393,"column":15},"end":{"line":1393,"column":36}},"410":{"start":{"line":1394,"column":4},"end":{"line":1394,"column":43}},"411":{"start":{"line":1394,"column":34},"end":{"line":1394,"column":43}},"412":{"start":{"line":1397,"column":17},"end":{"line":1397,"column":28}},"413":{"start":{"line":1398,"column":20},"end":{"line":1398,"column":21}},"414":{"start":{"line":1399,"column":19},"end":{"line":1399,"column":21}},"415":{"start":{"line":1402,"column":4},"end":{"line":1486,"column":5}},"416":{"start":{"line":1403,"column":29},"end":{"line":1403,"column":31}},"417":{"start":{"line":1404,"column":8},"end":{"line":1404,"column":72}},"418":{"start":{"line":1404,"column":38},"end":{"line":1404,"column":72}},"419":{"start":{"line":1405,"column":8},"end":{"line":1471,"column":9}},"420":{"start":{"line":1406,"column":29},"end":{"line":1450,"column":13}},"421":{"start":{"line":1451,"column":12},"end":{"line":1455,"column":21}},"422":{"start":{"line":1456,"column":12},"end":{"line":1462,"column":14}},"423":{"start":{"line":1463,"column":31},"end":{"line":1465,"column":23}},"424":{"start":{"line":1466,"column":12},"end":{"line":1468,"column":13}},"425":{"start":{"line":1467,"column":16},"end":{"line":1467,"column":37}},"426":{"start":{"line":1470,"column":12},"end":{"line":1470,"column":27}},"427":{"start":{"line":1474,"column":8},"end":{"line":1474,"column":80}},"428":{"start":{"line":1475,"column":8},"end":{"line":1485,"column":15}},"429":{"start":{"line":1487,"column":20},"end":{"line":1487,"column":65}},"430":{"start":{"line":1488,"column":21},"end":{"line":1488,"column":25}},"431":{"start":{"line":1489,"column":20},"end":{"line":1489,"column":59}},"432":{"start":{"line":1490,"column":19},"end":{"line":1490,"column":52}},"433":{"start":{"line":1492,"column":4},"end":{"line":1500,"column":7}},"434":{"start":{"line":1503,"column":28},"end":{"line":1512,"column":1}},"435":{"start":{"line":1504,"column":4},"end":{"line":1504,"column":84}},"436":{"start":{"line":1504,"column":24},"end":{"line":1504,"column":84}},"437":{"start":{"line":1505,"column":4},"end":{"line":1505,"column":98}},"438":{"start":{"line":1505,"column":42},"end":{"line":1505,"column":98}},"439":{"start":{"line":1506,"column":4},"end":{"line":1511,"column":5}},"440":{"start":{"line":1507,"column":39},"end":{"line":1507,"column":95}},"441":{"start":{"line":1508,"column":8},"end":{"line":1508,"column":53}},"442":{"start":{"line":1510,"column":8},"end":{"line":1510,"column":62}},"443":{"start":{"line":1526,"column":20},"end":{"line":1534,"column":1}},"444":{"start":{"line":1527,"column":4},"end":{"line":1533,"column":5}},"445":{"start":{"line":1528,"column":27},"end":{"line":1528,"column":57}},"446":{"start":{"line":1529,"column":8},"end":{"line":1529,"column":41}},"447":{"start":{"line":1532,"column":8},"end":{"line":1532,"column":70}},"448":{"start":{"line":1542,"column":30},"end":{"line":1575,"column":1}},"449":{"start":{"line":1544,"column":4},"end":{"line":1544,"column":79}},"450":{"start":{"line":1544,"column":24},"end":{"line":1544,"column":79}},"451":{"start":{"line":1545,"column":4},"end":{"line":1545,"column":89}},"452":{"start":{"line":1545,"column":27},"end":{"line":1545,"column":89}},"453":{"start":{"line":1546,"column":4},"end":{"line":1546,"column":88}},"454":{"start":{"line":1546,"column":27},"end":{"line":1546,"column":88}},"455":{"start":{"line":1547,"column":4},"end":{"line":1547,"column":88}},"456":{"start":{"line":1547,"column":31},"end":{"line":1547,"column":88}},"457":{"start":{"line":1548,"column":4},"end":{"line":1548,"column":87}},"458":{"start":{"line":1548,"column":31},"end":{"line":1548,"column":87}},"459":{"start":{"line":1549,"column":4},"end":{"line":1550,"column":83}},"460":{"start":{"line":1550,"column":8},"end":{"line":1550,"column":83}},"461":{"start":{"line":1551,"column":4},"end":{"line":1551,"column":90}},"462":{"start":{"line":1551,"column":36},"end":{"line":1551,"column":90}},"463":{"start":{"line":1552,"column":4},"end":{"line":1552,"column":90}},"464":{"start":{"line":1552,"column":36},"end":{"line":1552,"column":90}},"465":{"start":{"line":1555,"column":4},"end":{"line":1574,"column":5}},"466":{"start":{"line":1556,"column":25},"end":{"line":1569,"column":10}},"467":{"start":{"line":1570,"column":8},"end":{"line":1570,"column":39}},"468":{"start":{"line":1573,"column":8},"end":{"line":1573,"column":70}},"469":{"start":{"line":1583,"column":30},"end":{"line":1621,"column":1}},"470":{"start":{"line":1585,"column":4},"end":{"line":1585,"column":88}},"471":{"start":{"line":1585,"column":27},"end":{"line":1585,"column":88}},"472":{"start":{"line":1586,"column":4},"end":{"line":1586,"column":87}},"473":{"start":{"line":1586,"column":27},"end":{"line":1586,"column":87}},"474":{"start":{"line":1587,"column":4},"end":{"line":1587,"column":88}},"475":{"start":{"line":1587,"column":31},"end":{"line":1587,"column":88}},"476":{"start":{"line":1588,"column":4},"end":{"line":1588,"column":87}},"477":{"start":{"line":1588,"column":31},"end":{"line":1588,"column":87}},"478":{"start":{"line":1589,"column":4},"end":{"line":1590,"column":77}},"479":{"start":{"line":1590,"column":8},"end":{"line":1590,"column":77}},"480":{"start":{"line":1591,"column":4},"end":{"line":1591,"column":90}},"481":{"start":{"line":1591,"column":36},"end":{"line":1591,"column":90}},"482":{"start":{"line":1592,"column":4},"end":{"line":1592,"column":90}},"483":{"start":{"line":1592,"column":36},"end":{"line":1592,"column":90}},"484":{"start":{"line":1593,"column":4},"end":{"line":1593,"column":84}},"485":{"start":{"line":1593,"column":32},"end":{"line":1593,"column":84}},"486":{"start":{"line":1594,"column":4},"end":{"line":1594,"column":98}},"487":{"start":{"line":1594,"column":50},"end":{"line":1594,"column":98}},"488":{"start":{"line":1597,"column":4},"end":{"line":1620,"column":11}},"489":{"start":{"line":1613,"column":12},"end":{"line":1615,"column":115}},"490":{"start":{"line":1613,"column":32},"end":{"line":1613,"column":86}},"491":{"start":{"line":1615,"column":17},"end":{"line":1615,"column":115}},"492":{"start":{"line":1619,"column":12},"end":{"line":1619,"column":74}},"493":{"start":{"line":1629,"column":30},"end":{"line":1648,"column":1}},"494":{"start":{"line":1631,"column":4},"end":{"line":1631,"column":84}},"495":{"start":{"line":1631,"column":32},"end":{"line":1631,"column":84}},"496":{"start":{"line":1632,"column":4},"end":{"line":1632,"column":98}},"497":{"start":{"line":1632,"column":50},"end":{"line":1632,"column":98}},"498":{"start":{"line":1635,"column":4},"end":{"line":1647,"column":11}},"499":{"start":{"line":1640,"column":12},"end":{"line":1642,"column":86}},"500":{"start":{"line":1640,"column":43},"end":{"line":1640,"column":97}},"501":{"start":{"line":1642,"column":17},"end":{"line":1642,"column":86}},"502":{"start":{"line":1646,"column":12},"end":{"line":1646,"column":74}},"503":{"start":{"line":1656,"column":19},"end":{"line":1691,"column":1}},"504":{"start":{"line":1658,"column":4},"end":{"line":1658,"column":67}},"505":{"start":{"line":1658,"column":23},"end":{"line":1658,"column":67}},"506":{"start":{"line":1659,"column":4},"end":{"line":1659,"column":88}},"507":{"start":{"line":1659,"column":27},"end":{"line":1659,"column":88}},"508":{"start":{"line":1660,"column":4},"end":{"line":1660,"column":87}},"509":{"start":{"line":1660,"column":27},"end":{"line":1660,"column":87}},"510":{"start":{"line":1661,"column":4},"end":{"line":1661,"column":84}},"511":{"start":{"line":1661,"column":32},"end":{"line":1661,"column":84}},"512":{"start":{"line":1662,"column":4},"end":{"line":1662,"column":98}},"513":{"start":{"line":1662,"column":50},"end":{"line":1662,"column":98}},"514":{"start":{"line":1665,"column":4},"end":{"line":1690,"column":11}},"515":{"start":{"line":1683,"column":12},"end":{"line":1685,"column":115}},"516":{"start":{"line":1683,"column":40},"end":{"line":1683,"column":94}},"517":{"start":{"line":1685,"column":17},"end":{"line":1685,"column":115}},"518":{"start":{"line":1689,"column":12},"end":{"line":1689,"column":74}},"519":{"start":{"line":1699,"column":22},"end":{"line":1731,"column":1}},"520":{"start":{"line":1701,"column":4},"end":{"line":1701,"column":67}},"521":{"start":{"line":1701,"column":23},"end":{"line":1701,"column":67}},"522":{"start":{"line":1702,"column":4},"end":{"line":1702,"column":88}},"523":{"start":{"line":1702,"column":27},"end":{"line":1702,"column":88}},"524":{"start":{"line":1703,"column":4},"end":{"line":1703,"column":87}},"525":{"start":{"line":1703,"column":27},"end":{"line":1703,"column":87}},"526":{"start":{"line":1704,"column":4},"end":{"line":1704,"column":84}},"527":{"start":{"line":1704,"column":32},"end":{"line":1704,"column":84}},"528":{"start":{"line":1705,"column":4},"end":{"line":1705,"column":98}},"529":{"start":{"line":1705,"column":50},"end":{"line":1705,"column":98}},"530":{"start":{"line":1706,"column":4},"end":{"line":1706,"column":82}},"531":{"start":{"line":1706,"column":31},"end":{"line":1706,"column":82}},"532":{"start":{"line":1707,"column":4},"end":{"line":1707,"column":96}},"533":{"start":{"line":1707,"column":49},"end":{"line":1707,"column":96}},"534":{"start":{"line":1710,"column":4},"end":{"line":1730,"column":11}},"535":{"start":{"line":1723,"column":12},"end":{"line":1725,"column":115}},"536":{"start":{"line":1723,"column":32},"end":{"line":1723,"column":85}},"537":{"start":{"line":1725,"column":17},"end":{"line":1725,"column":115}},"538":{"start":{"line":1729,"column":12},"end":{"line":1729,"column":74}},"539":{"start":{"line":1739,"column":22},"end":{"line":1763,"column":1}},"540":{"start":{"line":1741,"column":4},"end":{"line":1741,"column":84}},"541":{"start":{"line":1741,"column":32},"end":{"line":1741,"column":84}},"542":{"start":{"line":1742,"column":4},"end":{"line":1742,"column":98}},"543":{"start":{"line":1742,"column":50},"end":{"line":1742,"column":98}},"544":{"start":{"line":1743,"column":4},"end":{"line":1743,"column":82}},"545":{"start":{"line":1743,"column":31},"end":{"line":1743,"column":82}},"546":{"start":{"line":1744,"column":4},"end":{"line":1744,"column":96}},"547":{"start":{"line":1744,"column":49},"end":{"line":1744,"column":96}},"548":{"start":{"line":1747,"column":4},"end":{"line":1762,"column":11}},"549":{"start":{"line":1753,"column":12},"end":{"line":1757,"column":115}},"550":{"start":{"line":1753,"column":32},"end":{"line":1753,"column":86}},"551":{"start":{"line":1755,"column":17},"end":{"line":1757,"column":115}},"552":{"start":{"line":1755,"column":45},"end":{"line":1755,"column":98}},"553":{"start":{"line":1757,"column":17},"end":{"line":1757,"column":115}},"554":{"start":{"line":1761,"column":12},"end":{"line":1761,"column":74}},"555":{"start":{"line":1777,"column":25},"end":{"line":1790,"column":1}},"556":{"start":{"line":1778,"column":4},"end":{"line":1789,"column":5}},"557":{"start":{"line":1779,"column":30},"end":{"line":1779,"column":57}},"558":{"start":{"line":1780,"column":35},"end":{"line":1780,"column":37}},"559":{"start":{"line":1781,"column":8},"end":{"line":1784,"column":9}},"560":{"start":{"line":1782,"column":12},"end":{"line":1782,"column":111}},"561":{"start":{"line":1783,"column":12},"end":{"line":1783,"column":81}},"562":{"start":{"line":1785,"column":8},"end":{"line":1785,"column":49}},"563":{"start":{"line":1788,"column":8},"end":{"line":1788,"column":70}},"564":{"start":{"line":1798,"column":27},"end":{"line":1827,"column":1}},"565":{"start":{"line":1800,"column":4},"end":{"line":1800,"column":83}},"566":{"start":{"line":1800,"column":24},"end":{"line":1800,"column":83}},"567":{"start":{"line":1801,"column":4},"end":{"line":1801,"column":93}},"568":{"start":{"line":1801,"column":27},"end":{"line":1801,"column":93}},"569":{"start":{"line":1802,"column":4},"end":{"line":1802,"column":92}},"570":{"start":{"line":1802,"column":27},"end":{"line":1802,"column":92}},"571":{"start":{"line":1803,"column":4},"end":{"line":1803,"column":91}},"572":{"start":{"line":1803,"column":35},"end":{"line":1803,"column":91}},"573":{"start":{"line":1806,"column":4},"end":{"line":1809,"column":5}},"574":{"start":{"line":1807,"column":8},"end":{"line":1807,"column":110}},"575":{"start":{"line":1808,"column":8},"end":{"line":1808,"column":15}},"576":{"start":{"line":1812,"column":4},"end":{"line":1826,"column":5}},"577":{"start":{"line":1813,"column":29},"end":{"line":1820,"column":10}},"578":{"start":{"line":1821,"column":8},"end":{"line":1821,"column":55}},"579":{"start":{"line":1822,"column":8},"end":{"line":1822,"column":70}},"580":{"start":{"line":1825,"column":8},"end":{"line":1825,"column":70}},"581":{"start":{"line":1835,"column":27},"end":{"line":1866,"column":1}},"582":{"start":{"line":1837,"column":4},"end":{"line":1837,"column":92}},"583":{"start":{"line":1837,"column":36},"end":{"line":1837,"column":92}},"584":{"start":{"line":1838,"column":4},"end":{"line":1838,"column":106}},"585":{"start":{"line":1838,"column":54},"end":{"line":1838,"column":106}},"586":{"start":{"line":1841,"column":4},"end":{"line":1865,"column":11}},"587":{"start":{"line":1846,"column":12},"end":{"line":1846,"column":101}},"588":{"start":{"line":1846,"column":43},"end":{"line":1846,"column":101}},"589":{"start":{"line":1848,"column":12},"end":{"line":1860,"column":19}},"590":{"start":{"line":1854,"column":20},"end":{"line":1854,"column":91}},"591":{"start":{"line":1855,"column":20},"end":{"line":1855,"column":93}},"592":{"start":{"line":1859,"column":20},"end":{"line":1859,"column":82}},"593":{"start":{"line":1864,"column":12},"end":{"line":1864,"column":74}},"594":{"start":{"line":1874,"column":27},"end":{"line":1919,"column":1}},"595":{"start":{"line":1876,"column":4},"end":{"line":1876,"column":83}},"596":{"start":{"line":1876,"column":24},"end":{"line":1876,"column":83}},"597":{"start":{"line":1877,"column":4},"end":{"line":1877,"column":93}},"598":{"start":{"line":1877,"column":27},"end":{"line":1877,"column":93}},"599":{"start":{"line":1878,"column":4},"end":{"line":1878,"column":92}},"600":{"start":{"line":1878,"column":27},"end":{"line":1878,"column":92}},"601":{"start":{"line":1879,"column":4},"end":{"line":1879,"column":92}},"602":{"start":{"line":1879,"column":36},"end":{"line":1879,"column":92}},"603":{"start":{"line":1880,"column":4},"end":{"line":1880,"column":106}},"604":{"start":{"line":1880,"column":54},"end":{"line":1880,"column":106}},"605":{"start":{"line":1881,"column":4},"end":{"line":1881,"column":91}},"606":{"start":{"line":1881,"column":35},"end":{"line":1881,"column":91}},"607":{"start":{"line":1884,"column":4},"end":{"line":1892,"column":5}},"608":{"start":{"line":1890,"column":8},"end":{"line":1890,"column":110}},"609":{"start":{"line":1891,"column":8},"end":{"line":1891,"column":15}},"610":{"start":{"line":1895,"column":4},"end":{"line":1918,"column":11}},"611":{"start":{"line":1907,"column":12},"end":{"line":1913,"column":13}},"612":{"start":{"line":1907,"column":32},"end":{"line":1907,"column":90}},"613":{"start":{"line":1910,"column":37},"end":{"line":1910,"column":113}},"614":{"start":{"line":1911,"column":16},"end":{"line":1911,"column":63}},"615":{"start":{"line":1912,"column":16},"end":{"line":1912,"column":78}},"616":{"start":{"line":1917,"column":12},"end":{"line":1917,"column":74}},"617":{"start":{"line":1927,"column":31},"end":{"line":1956,"column":1}},"618":{"start":{"line":1929,"column":4},"end":{"line":1929,"column":88}},"619":{"start":{"line":1929,"column":36},"end":{"line":1929,"column":88}},"620":{"start":{"line":1930,"column":4},"end":{"line":1930,"column":80}},"621":{"start":{"line":1930,"column":29},"end":{"line":1930,"column":80}},"622":{"start":{"line":1931,"column":4},"end":{"line":1931,"column":106}},"623":{"start":{"line":1931,"column":54},"end":{"line":1931,"column":106}},"624":{"start":{"line":1934,"column":25},"end":{"line":1934,"column":73}},"625":{"start":{"line":1935,"column":4},"end":{"line":1935,"column":72}},"626":{"start":{"line":1935,"column":23},"end":{"line":1935,"column":72}},"627":{"start":{"line":1938,"column":4},"end":{"line":1939,"column":99}},"628":{"start":{"line":1939,"column":8},"end":{"line":1939,"column":99}},"629":{"start":{"line":1939,"column":44},"end":{"line":1939,"column":99}},"630":{"start":{"line":1942,"column":4},"end":{"line":1955,"column":11}},"631":{"start":{"line":1948,"column":12},"end":{"line":1950,"column":88}},"632":{"start":{"line":1948,"column":40},"end":{"line":1948,"column":99}},"633":{"start":{"line":1950,"column":17},"end":{"line":1950,"column":88}},"634":{"start":{"line":1954,"column":12},"end":{"line":1954,"column":74}},"635":{"start":{"line":1964,"column":34},"end":{"line":1991,"column":1}},"636":{"start":{"line":1966,"column":4},"end":{"line":1966,"column":92}},"637":{"start":{"line":1966,"column":36},"end":{"line":1966,"column":92}},"638":{"start":{"line":1967,"column":4},"end":{"line":1967,"column":106}},"639":{"start":{"line":1967,"column":54},"end":{"line":1967,"column":106}},"640":{"start":{"line":1968,"column":4},"end":{"line":1968,"column":80}},"641":{"start":{"line":1968,"column":29},"end":{"line":1968,"column":80}},"642":{"start":{"line":1971,"column":25},"end":{"line":1971,"column":73}},"643":{"start":{"line":1972,"column":4},"end":{"line":1972,"column":72}},"644":{"start":{"line":1972,"column":23},"end":{"line":1972,"column":72}},"645":{"start":{"line":1975,"column":4},"end":{"line":1990,"column":11}},"646":{"start":{"line":1981,"column":12},"end":{"line":1985,"column":88}},"647":{"start":{"line":1981,"column":32},"end":{"line":1981,"column":91}},"648":{"start":{"line":1983,"column":17},"end":{"line":1985,"column":88}},"649":{"start":{"line":1983,"column":45},"end":{"line":1983,"column":98}},"650":{"start":{"line":1985,"column":17},"end":{"line":1985,"column":88}},"651":{"start":{"line":1989,"column":12},"end":{"line":1989,"column":74}},"652":{"start":{"line":1997,"column":45},"end":{"line":2018,"column":1}},"653":{"start":{"line":1998,"column":4},"end":{"line":2017,"column":5}},"654":{"start":{"line":2000,"column":27},"end":{"line":2003,"column":10}},"655":{"start":{"line":2005,"column":8},"end":{"line":2010,"column":15}},"656":{"start":{"line":2006,"column":12},"end":{"line":2010,"column":15}},"657":{"start":{"line":2012,"column":8},"end":{"line":2012,"column":39}},"658":{"start":{"line":2012,"column":27},"end":{"line":2012,"column":39}},"659":{"start":{"line":2013,"column":8},"end":{"line":2013,"column":28}},"660":{"start":{"line":2016,"column":8},"end":{"line":2016,"column":20}},"661":{"start":{"line":2024,"column":24},"end":{"line":2030,"column":1}},"662":{"start":{"line":2025,"column":25},"end":{"line":2025,"column":78}},"663":{"start":{"line":2026,"column":4},"end":{"line":2026,"column":35}},"664":{"start":{"line":2026,"column":23},"end":{"line":2026,"column":35}},"665":{"start":{"line":2028,"column":4},"end":{"line":2028,"column":103}},"666":{"start":{"line":2029,"column":4},"end":{"line":2029,"column":55}},"667":{"start":{"line":2036,"column":32},"end":{"line":2046,"column":1}},"668":{"start":{"line":2037,"column":4},"end":{"line":2045,"column":5}},"669":{"start":{"line":2038,"column":29},"end":{"line":2038,"column":100}},"670":{"start":{"line":2039,"column":8},"end":{"line":2039,"column":39}},"671":{"start":{"line":2039,"column":27},"end":{"line":2039,"column":39}},"672":{"start":{"line":2040,"column":8},"end":{"line":2040,"column":66}},"673":{"start":{"line":2041,"column":8},"end":{"line":2041,"column":62}},"674":{"start":{"line":2042,"column":8},"end":{"line":2042,"column":28}},"675":{"start":{"line":2044,"column":8},"end":{"line":2044,"column":20}},"676":{"start":{"line":2048,"column":35},"end":{"line":2054,"column":1}},"677":{"start":{"line":2049,"column":4},"end":{"line":2049,"column":56}},"678":{"start":{"line":2050,"column":4},"end":{"line":2053,"column":6}},"679":{"start":{"line":2056,"column":36},"end":{"line":2058,"column":1}},"680":{"start":{"line":2057,"column":4},"end":{"line":2057,"column":110}},"681":{"start":{"line":2066,"column":23},"end":{"line":2066,"column":24}},"682":{"start":{"line":2072,"column":24},"end":{"line":2193,"column":1}},"683":{"start":{"line":2074,"column":15},"end":{"line":2074,"column":36}},"684":{"start":{"line":2075,"column":4},"end":{"line":2075,"column":43}},"685":{"start":{"line":2075,"column":34},"end":{"line":2075,"column":43}},"686":{"start":{"line":2078,"column":17},"end":{"line":2078,"column":28}},"687":{"start":{"line":2080,"column":20},"end":{"line":2080,"column":21}},"688":{"start":{"line":2081,"column":18},"end":{"line":2081,"column":20}},"689":{"start":{"line":2083,"column":4},"end":{"line":2178,"column":5}},"690":{"start":{"line":2084,"column":29},"end":{"line":2084,"column":31}},"691":{"start":{"line":2085,"column":8},"end":{"line":2085,"column":72}},"692":{"start":{"line":2085,"column":38},"end":{"line":2085,"column":72}},"693":{"start":{"line":2086,"column":8},"end":{"line":2167,"column":9}},"694":{"start":{"line":2087,"column":29},"end":{"line":2153,"column":13}},"695":{"start":{"line":2154,"column":12},"end":{"line":2155,"column":24}},"696":{"start":{"line":2156,"column":12},"end":{"line":2158,"column":14}},"697":{"start":{"line":2159,"column":31},"end":{"line":2161,"column":23}},"698":{"start":{"line":2162,"column":12},"end":{"line":2164,"column":13}},"699":{"start":{"line":2163,"column":16},"end":{"line":2163,"column":36}},"700":{"start":{"line":2166,"column":12},"end":{"line":2166,"column":27}},"701":{"start":{"line":2169,"column":8},"end":{"line":2169,"column":60}},"702":{"start":{"line":2170,"column":8},"end":{"line":2177,"column":48}},"703":{"start":{"line":2179,"column":20},"end":{"line":2179,"column":57}},"704":{"start":{"line":2180,"column":21},"end":{"line":2180,"column":25}},"705":{"start":{"line":2181,"column":20},"end":{"line":2181,"column":51}},"706":{"start":{"line":2182,"column":19},"end":{"line":2182,"column":44}},"707":{"start":{"line":2184,"column":4},"end":{"line":2192,"column":7}},"708":{"start":{"line":2205,"column":19},"end":{"line":2212,"column":1}},"709":{"start":{"line":2206,"column":4},"end":{"line":2211,"column":5}},"710":{"start":{"line":2207,"column":25},"end":{"line":2207,"column":81}},"711":{"start":{"line":2208,"column":8},"end":{"line":2208,"column":115}},"712":{"start":{"line":2210,"column":8},"end":{"line":2210,"column":57}},"713":{"start":{"line":2218,"column":20},"end":{"line":2225,"column":1}},"714":{"start":{"line":2219,"column":4},"end":{"line":2224,"column":5}},"715":{"start":{"line":2220,"column":25},"end":{"line":2220,"column":110}},"716":{"start":{"line":2221,"column":8},"end":{"line":2221,"column":115}},"717":{"start":{"line":2223,"column":8},"end":{"line":2223,"column":57}},"718":{"start":{"line":2231,"column":19},"end":{"line":2238,"column":1}},"719":{"start":{"line":2232,"column":4},"end":{"line":2237,"column":5}},"720":{"start":{"line":2233,"column":25},"end":{"line":2233,"column":109}},"721":{"start":{"line":2234,"column":8},"end":{"line":2234,"column":115}},"722":{"start":{"line":2236,"column":8},"end":{"line":2236,"column":57}},"723":{"start":{"line":2244,"column":21},"end":{"line":2255,"column":1}},"724":{"start":{"line":2245,"column":4},"end":{"line":2254,"column":5}},"725":{"start":{"line":2246,"column":25},"end":{"line":2250,"column":9}},"726":{"start":{"line":2251,"column":8},"end":{"line":2251,"column":115}},"727":{"start":{"line":2253,"column":8},"end":{"line":2253,"column":57}},"728":{"start":{"line":2261,"column":18},"end":{"line":2270,"column":1}},"729":{"start":{"line":2262,"column":4},"end":{"line":2269,"column":5}},"730":{"start":{"line":2263,"column":25},"end":{"line":2265,"column":9}},"731":{"start":{"line":2266,"column":8},"end":{"line":2266,"column":115}},"732":{"start":{"line":2268,"column":8},"end":{"line":2268,"column":57}},"733":{"start":{"line":2276,"column":18},"end":{"line":2283,"column":1}},"734":{"start":{"line":2277,"column":4},"end":{"line":2282,"column":5}},"735":{"start":{"line":2278,"column":25},"end":{"line":2278,"column":107}},"736":{"start":{"line":2279,"column":8},"end":{"line":2279,"column":115}},"737":{"start":{"line":2281,"column":8},"end":{"line":2281,"column":57}},"738":{"start":{"line":2289,"column":19},"end":{"line":2296,"column":1}},"739":{"start":{"line":2290,"column":4},"end":{"line":2295,"column":5}},"740":{"start":{"line":2291,"column":25},"end":{"line":2291,"column":97}},"741":{"start":{"line":2292,"column":8},"end":{"line":2292,"column":115}},"742":{"start":{"line":2294,"column":8},"end":{"line":2294,"column":57}},"743":{"start":{"line":2302,"column":26},"end":{"line":2309,"column":1}},"744":{"start":{"line":2303,"column":4},"end":{"line":2308,"column":5}},"745":{"start":{"line":2304,"column":25},"end":{"line":2304,"column":111}},"746":{"start":{"line":2305,"column":8},"end":{"line":2305,"column":115}},"747":{"start":{"line":2307,"column":8},"end":{"line":2307,"column":57}},"748":{"start":{"line":2315,"column":20},"end":{"line":2325,"column":1}},"749":{"start":{"line":2316,"column":4},"end":{"line":2324,"column":5}},"750":{"start":{"line":2317,"column":25},"end":{"line":2319,"column":9}},"751":{"start":{"line":2320,"column":8},"end":{"line":2320,"column":115}},"752":{"start":{"line":2322,"column":8},"end":{"line":2322,"column":23}},"753":{"start":{"line":2323,"column":8},"end":{"line":2323,"column":57}},"754":{"start":{"line":2333,"column":15},"end":{"line":2333,"column":56}},"755":{"start":{"line":2335,"column":0},"end":{"line":2337,"column":3}},"756":{"start":{"line":2336,"column":4},"end":{"line":2336,"column":49}},"757":{"start":{"line":2339,"column":0},"end":{"line":2341,"column":3}},"758":{"start":{"line":2340,"column":4},"end":{"line":2340,"column":54}},"759":{"start":{"line":2343,"column":0},"end":{"line":2345,"column":3}},"760":{"start":{"line":2344,"column":4},"end":{"line":2344,"column":25}},"761":{"start":{"line":2347,"column":29},"end":{"line":2359,"column":1}},"762":{"start":{"line":2348,"column":4},"end":{"line":2348,"column":40}},"763":{"start":{"line":2349,"column":25},"end":{"line":2351,"column":6}},"764":{"start":{"line":2352,"column":4},"end":{"line":2354,"column":5}},"765":{"start":{"line":2353,"column":8},"end":{"line":2353,"column":65}},"766":{"start":{"line":2355,"column":4},"end":{"line":2355,"column":42}},"767":{"start":{"line":2356,"column":4},"end":{"line":2356,"column":32}},"768":{"start":{"line":2358,"column":4},"end":{"line":2358,"column":11}},"769":{"start":{"line":2362,"column":29},"end":{"line":2391,"column":1}},"770":{"start":{"line":2363,"column":29},"end":{"line":2363,"column":49}},"771":{"start":{"line":2364,"column":25},"end":{"line":2366,"column":6}},"772":{"start":{"line":2368,"column":4},"end":{"line":2370,"column":5}},"773":{"start":{"line":2369,"column":8},"end":{"line":2369,"column":65}},"774":{"start":{"line":2371,"column":20},"end":{"line":2371,"column":80}},"775":{"start":{"line":2372,"column":18},"end":{"line":2372,"column":75}},"776":{"start":{"line":2373,"column":21},"end":{"line":2373,"column":116}},"777":{"start":{"line":2374,"column":4},"end":{"line":2387,"column":7}},"778":{"start":{"line":2388,"column":30},"end":{"line":2388,"column":57}},"779":{"start":{"line":2389,"column":4},"end":{"line":2389,"column":32}},"780":{"start":{"line":2390,"column":4},"end":{"line":2390,"column":11}},"781":{"start":{"line":2393,"column":48},"end":{"line":2412,"column":1}},"782":{"start":{"line":2394,"column":29},"end":{"line":2394,"column":49}},"783":{"start":{"line":2395,"column":25},"end":{"line":2408,"column":15}},"784":{"start":{"line":2409,"column":4},"end":{"line":2409,"column":48}},"785":{"start":{"line":2410,"column":4},"end":{"line":2410,"column":63}},"786":{"start":{"line":2411,"column":4},"end":{"line":2411,"column":11}},"787":{"start":{"line":2414,"column":19},"end":{"line":2416,"column":1}},"788":{"start":{"line":2415,"column":4},"end":{"line":2415,"column":41}},"789":{"start":{"line":2418,"column":20},"end":{"line":2501,"column":1}},"790":{"start":{"line":2419,"column":28},"end":{"line":2419,"column":36}},"791":{"start":{"line":2421,"column":4},"end":{"line":2423,"column":5}},"792":{"start":{"line":2422,"column":8},"end":{"line":2422,"column":60}},"793":{"start":{"line":2425,"column":25},"end":{"line":2427,"column":6}},"794":{"start":{"line":2428,"column":22},"end":{"line":2430,"column":6}},"795":{"start":{"line":2432,"column":25},"end":{"line":2435,"column":6}},"796":{"start":{"line":2437,"column":4},"end":{"line":2454,"column":5}},"797":{"start":{"line":2438,"column":8},"end":{"line":2453,"column":9}},"798":{"start":{"line":2438,"column":21},"end":{"line":2438,"column":22}},"799":{"start":{"line":2439,"column":12},"end":{"line":2452,"column":13}},"800":{"start":{"line":2443,"column":16},"end":{"line":2451,"column":17}},"801":{"start":{"line":2443,"column":29},"end":{"line":2443,"column":30}},"802":{"start":{"line":2444,"column":20},"end":{"line":2450,"column":21}},"803":{"start":{"line":2449,"column":24},"end":{"line":2449,"column":103}},"804":{"start":{"line":2456,"column":18},"end":{"line":2456,"column":60}},"805":{"start":{"line":2458,"column":4},"end":{"line":2460,"column":5}},"806":{"start":{"line":2459,"column":8},"end":{"line":2459,"column":66}},"807":{"start":{"line":2462,"column":17},"end":{"line":2462,"column":88}},"808":{"start":{"line":2462,"column":50},"end":{"line":2462,"column":84}},"809":{"start":{"line":2465,"column":8},"end":{"line":2466,"column":72}},"810":{"start":{"line":2467,"column":31},"end":{"line":2467,"column":96}},"811":{"start":{"line":2469,"column":4},"end":{"line":2471,"column":5}},"812":{"start":{"line":2470,"column":8},"end":{"line":2470,"column":58}},"813":{"start":{"line":2473,"column":21},"end":{"line":2473,"column":116}},"814":{"start":{"line":2475,"column":28},"end":{"line":2480,"column":6}},"815":{"start":{"line":2482,"column":4},"end":{"line":2497,"column":7}},"816":{"start":{"line":2499,"column":30},"end":{"line":2499,"column":57}},"817":{"start":{"line":2500,"column":4},"end":{"line":2500,"column":44}},"818":{"start":{"line":2503,"column":18},"end":{"line":2534,"column":1}},"819":{"start":{"line":2504,"column":23},"end":{"line":2504,"column":31}},"820":{"start":{"line":2505,"column":27},"end":{"line":2521,"column":15}},"821":{"start":{"line":2522,"column":4},"end":{"line":2532,"column":5}},"822":{"start":{"line":2524,"column":12},"end":{"line":2524,"column":79}},"823":{"start":{"line":2525,"column":12},"end":{"line":2525,"column":74}},"824":{"start":{"line":2526,"column":12},"end":{"line":2526,"column":85}},"825":{"start":{"line":2527,"column":12},"end":{"line":2527,"column":18}},"826":{"start":{"line":2529,"column":12},"end":{"line":2529,"column":84}},"827":{"start":{"line":2530,"column":12},"end":{"line":2530,"column":84}},"828":{"start":{"line":2531,"column":12},"end":{"line":2531,"column":18}},"829":{"start":{"line":2533,"column":4},"end":{"line":2533,"column":34}},"830":{"start":{"line":2536,"column":27},"end":{"line":2541,"column":1}},"831":{"start":{"line":2537,"column":23},"end":{"line":2537,"column":31}},"832":{"start":{"line":2538,"column":4},"end":{"line":2538,"column":24}},"833":{"start":{"line":2539,"column":18},"end":{"line":2539,"column":65}},"834":{"start":{"line":2540,"column":4},"end":{"line":2540,"column":50}},"835":{"start":{"line":2543,"column":22},"end":{"line":2549,"column":1}},"836":{"start":{"line":2544,"column":31},"end":{"line":2544,"column":41}},"837":{"start":{"line":2546,"column":22},"end":{"line":2546,"column":58}},"838":{"start":{"line":2548,"column":4},"end":{"line":2548,"column":35}},"839":{"start":{"line":2551,"column":31},"end":{"line":2618,"column":1}},"840":{"start":{"line":2552,"column":40},"end":{"line":2552,"column":48}},"841":{"start":{"line":2553,"column":24},"end":{"line":2563,"column":10}},"842":{"start":{"line":2565,"column":27},"end":{"line":2565,"column":53}},"843":{"start":{"line":2567,"column":4},"end":{"line":2569,"column":5}},"844":{"start":{"line":2568,"column":8},"end":{"line":2568,"column":85}},"845":{"start":{"line":2571,"column":4},"end":{"line":2607,"column":5}},"846":{"start":{"line":2572,"column":37},"end":{"line":2572,"column":103}},"847":{"start":{"line":2573,"column":21},"end":{"line":2573,"column":101}},"848":{"start":{"line":2574,"column":31},"end":{"line":2574,"column":78}},"849":{"start":{"line":2575,"column":21},"end":{"line":2575,"column":48}},"850":{"start":{"line":2576,"column":8},"end":{"line":2576,"column":76}},"851":{"start":{"line":2578,"column":8},"end":{"line":2593,"column":11}},"852":{"start":{"line":2595,"column":29},"end":{"line":2595,"column":87}},"853":{"start":{"line":2596,"column":31},"end":{"line":2596,"column":91}},"854":{"start":{"line":2598,"column":8},"end":{"line":2606,"column":11}},"855":{"start":{"line":2609,"column":30},"end":{"line":2609,"column":114}},"856":{"start":{"line":2610,"column":4},"end":{"line":2610,"column":118}},"857":{"start":{"line":2611,"column":4},"end":{"line":2611,"column":46}},"858":{"start":{"line":2613,"column":4},"end":{"line":2613,"column":40}},"859":{"start":{"line":2614,"column":4},"end":{"line":2614,"column":29}},"860":{"start":{"line":2615,"column":4},"end":{"line":2615,"column":61}},"861":{"start":{"line":2617,"column":4},"end":{"line":2617,"column":34}},"862":{"start":{"line":2620,"column":31},"end":{"line":2761,"column":1}},"863":{"start":{"line":2621,"column":59},"end":{"line":2621,"column":67}},"864":{"start":{"line":2623,"column":24},"end":{"line":2633,"column":10}},"865":{"start":{"line":2635,"column":23},"end":{"line":2635,"column":62}},"866":{"start":{"line":2636,"column":24},"end":{"line":2636,"column":65}},"867":{"start":{"line":2638,"column":25},"end":{"line":2640,"column":6}},"868":{"start":{"line":2642,"column":4},"end":{"line":2665,"column":5}},"869":{"start":{"line":2643,"column":8},"end":{"line":2664,"column":9}},"870":{"start":{"line":2643,"column":21},"end":{"line":2643,"column":22}},"871":{"start":{"line":2644,"column":12},"end":{"line":2646,"column":13}},"872":{"start":{"line":2645,"column":16},"end":{"line":2645,"column":25}},"873":{"start":{"line":2648,"column":31},"end":{"line":2648,"column":36}},"874":{"start":{"line":2649,"column":12},"end":{"line":2654,"column":13}},"875":{"start":{"line":2650,"column":16},"end":{"line":2653,"column":17}},"876":{"start":{"line":2651,"column":20},"end":{"line":2651,"column":40}},"877":{"start":{"line":2652,"column":20},"end":{"line":2652,"column":26}},"878":{"start":{"line":2656,"column":12},"end":{"line":2663,"column":13}},"879":{"start":{"line":2657,"column":16},"end":{"line":2659,"column":17}},"880":{"start":{"line":2658,"column":20},"end":{"line":2658,"column":99}},"881":{"start":{"line":2660,"column":16},"end":{"line":2662,"column":17}},"882":{"start":{"line":2661,"column":20},"end":{"line":2661,"column":99}},"883":{"start":{"line":2666,"column":18},"end":{"line":2666,"column":84}},"884":{"start":{"line":2667,"column":4},"end":{"line":2667,"column":72}},"885":{"start":{"line":2667,"column":26},"end":{"line":2667,"column":72}},"886":{"start":{"line":2669,"column":21},"end":{"line":2669,"column":98}},"887":{"start":{"line":2670,"column":29},"end":{"line":2670,"column":37}},"888":{"start":{"line":2675,"column":4},"end":{"line":2679,"column":5}},"889":{"start":{"line":2676,"column":37},"end":{"line":2676,"column":93}},"890":{"start":{"line":2677,"column":8},"end":{"line":2678,"column":109}},"891":{"start":{"line":2681,"column":4},"end":{"line":2685,"column":5}},"892":{"start":{"line":2682,"column":38},"end":{"line":2682,"column":95}},"893":{"start":{"line":2683,"column":8},"end":{"line":2684,"column":112}},"894":{"start":{"line":2687,"column":4},"end":{"line":2687,"column":59}},"895":{"start":{"line":2688,"column":4},"end":{"line":2688,"column":62}},"896":{"start":{"line":2689,"column":4},"end":{"line":2689,"column":48}},"897":{"start":{"line":2690,"column":4},"end":{"line":2690,"column":52}},"898":{"start":{"line":2691,"column":4},"end":{"line":2691,"column":44}},"899":{"start":{"line":2693,"column":28},"end":{"line":2698,"column":6}},"900":{"start":{"line":2700,"column":4},"end":{"line":2710,"column":6}},"901":{"start":{"line":2712,"column":27},"end":{"line":2712,"column":53}},"902":{"start":{"line":2714,"column":4},"end":{"line":2716,"column":5}},"903":{"start":{"line":2715,"column":8},"end":{"line":2715,"column":85}},"904":{"start":{"line":2720,"column":4},"end":{"line":2725,"column":5}},"905":{"start":{"line":2721,"column":8},"end":{"line":2721,"column":98}},"906":{"start":{"line":2723,"column":29},"end":{"line":2723,"column":87}},"907":{"start":{"line":2724,"column":8},"end":{"line":2724,"column":105}},"908":{"start":{"line":2726,"column":35},"end":{"line":2726,"column":85}},"909":{"start":{"line":2727,"column":29},"end":{"line":2729,"column":25}},"910":{"start":{"line":2731,"column":19},"end":{"line":2746,"column":5}},"911":{"start":{"line":2747,"column":4},"end":{"line":2750,"column":7}},"912":{"start":{"line":2752,"column":30},"end":{"line":2752,"column":114}},"913":{"start":{"line":2753,"column":4},"end":{"line":2753,"column":118}},"914":{"start":{"line":2754,"column":4},"end":{"line":2754,"column":46}},"915":{"start":{"line":2756,"column":4},"end":{"line":2756,"column":29}},"916":{"start":{"line":2758,"column":4},"end":{"line":2758,"column":60}},"917":{"start":{"line":2760,"column":4},"end":{"line":2760,"column":34}},"918":{"start":{"line":2763,"column":34},"end":{"line":2784,"column":1}},"919":{"start":{"line":2764,"column":40},"end":{"line":2764,"column":48}},"920":{"start":{"line":2765,"column":24},"end":{"line":2775,"column":10}},"921":{"start":{"line":2777,"column":4},"end":{"line":2777,"column":40}},"922":{"start":{"line":2779,"column":4},"end":{"line":2779,"column":29}},"923":{"start":{"line":2781,"column":4},"end":{"line":2781,"column":61}},"924":{"start":{"line":2783,"column":4},"end":{"line":2783,"column":34}},"925":{"start":{"line":2786,"column":26},"end":{"line":2819,"column":1}},"926":{"start":{"line":2787,"column":30},"end":{"line":2787,"column":38}},"927":{"start":{"line":2788,"column":24},"end":{"line":2798,"column":10}},"928":{"start":{"line":2800,"column":25},"end":{"line":2800,"column":51}},"929":{"start":{"line":2802,"column":4},"end":{"line":2804,"column":5}},"930":{"start":{"line":2803,"column":8},"end":{"line":2803,"column":85}},"931":{"start":{"line":2806,"column":4},"end":{"line":2809,"column":5}},"932":{"start":{"line":2807,"column":29},"end":{"line":2807,"column":81}},"933":{"start":{"line":2808,"column":8},"end":{"line":2808,"column":47}},"934":{"start":{"line":2811,"column":4},"end":{"line":2811,"column":69}},"935":{"start":{"line":2813,"column":4},"end":{"line":2813,"column":61}},"936":{"start":{"line":2814,"column":4},"end":{"line":2814,"column":29}},"937":{"start":{"line":2816,"column":4},"end":{"line":2816,"column":62}},"938":{"start":{"line":2818,"column":4},"end":{"line":2818,"column":34}},"939":{"start":{"line":2821,"column":35},"end":{"line":2893,"column":1}},"940":{"start":{"line":2822,"column":30},"end":{"line":2822,"column":38}},"941":{"start":{"line":2823,"column":24},"end":{"line":2823,"column":65}},"942":{"start":{"line":2824,"column":30},"end":{"line":2887,"column":53}},"943":{"start":{"line":2888,"column":30},"end":{"line":2888,"column":85}},"944":{"start":{"line":2889,"column":4},"end":{"line":2889,"column":54}},"945":{"start":{"line":2890,"column":4},"end":{"line":2890,"column":29}},"946":{"start":{"line":2892,"column":4},"end":{"line":2892,"column":50}},"947":{"start":{"line":2895,"column":35},"end":{"line":2906,"column":1}},"948":{"start":{"line":2896,"column":30},"end":{"line":2896,"column":38}},"949":{"start":{"line":2897,"column":24},"end":{"line":2901,"column":6}},"950":{"start":{"line":2902,"column":22},"end":{"line":2902,"column":71}},"951":{"start":{"line":2903,"column":4},"end":{"line":2903,"column":120}},"952":{"start":{"line":2905,"column":4},"end":{"line":2905,"column":34}},"953":{"start":{"line
[...]
:{"line":266,"column":1}},"line":241},"12":{"name":"(anonymous_12)","decl":{"start":{"line":268,"column":24},"end":{"line":268,"column":25}},"loc":{"start":{"line":268,"column":37},"end":{"line":273,"column":1}},"line":268},"13":{"name":"(anonymous_13)","decl":{"start":{"line":275,"column":28},"end":{"line":275,"column":29}},"loc":{"start":{"line":275,"column":41},"end":{"line":280,"column":1}},"line":275},"14":{"name":"(anonymous_14)","decl":{"start":{"line":282,"column":23},"end":{"line":282,"column":24}},"loc":{"start":{"line":282,"column":36},"end":{"line":288,"column":1}},"line":282},"15":{"name":"(anonymous_15)","decl":{"start":{"line":284,"column":20},"end":{"line":284,"column":21}},"loc":{"start":{"line":284,"column":32},"end":{"line":286,"column":5}},"line":284}},"branchMap":{"0":{"loc":{"start":{"line":11,"column":4},"end":{"line":11,"column":81}},"type":"if","locations":[{"start":{"line":11,"column":4},"end":{"line":11,"column":81}},{"start":{},"end":{}}],"line":11},"1":{"loc":{"start":{"line":11,"column":8},"end":{"line":11,"column":67}},"type":"binary-expr","locations":[{"start":{"line":11,"column":8},"end":{"line":11,"column":35}},{"start":{"line":11,"column":39},"end":{"line":11,"column":67}}],"line":11},"2":{"loc":{"start":{"line":56,"column":4},"end":{"line":70,"column":5}},"type":"if","locations":[{"start":{"line":56,"column":4},"end":{"line":70,"column":5}},{"start":{"line":68,"column":11},"end":{"line":70,"column":5}}],"line":56},"3":{"loc":{"start":{"line":58,"column":8},"end":{"line":67,"column":9}},"type":"if","locations":[{"start":{"line":58,"column":8},"end":{"line":67,"column":9}},{"start":{},"end":{}}],"line":58},"4":{"loc":{"start":{"line":61,"column":12},"end":{"line":66,"column":13}},"type":"if","locations":[{"start":{"line":61,"column":12},"end":{"line":66,"column":13}},{"start":{"line":64,"column":19},"end":{"line":66,"column":13}}],"line":61},"5":{"loc":{"start":{"line":73,"column":4},"end":{"line":80,"column":5}},"type":"if","locations":[{"start":{"line":73,"column":4},"end":{"line":80,"column":5}},{"start":{},"end":{}}],"line":73},"6":{"loc":{"start":{"line":74,"column":8},"end":{"line":76,"column":79}},"type":"binary-expr","locations":[{"start":{"line":74,"column":8},"end":{"line":74,"column":18}},{"start":{"line":75,"column":8},"end":{"line":75,"column":35}},{"start":{"line":76,"column":8},"end":{"line":76,"column":79}}],"line":74},"7":{"loc":{"start":{"line":110,"column":4},"end":{"line":137,"column":5}},"type":"if","locations":[{"start":{"line":110,"column":4},"end":{"line":137,"column":5}},{"start":{"line":113,"column":11},"end":{"line":137,"column":5}}],"line":110},"8":{"loc":{"start":{"line":110,"column":8},"end":{"line":110,"column":60}},"type":"binary-expr","locations":[{"start":{"line":110,"column":8},"end":{"line":110,"column":40}},{"start":{"line":110,"column":44},"end":{"line":110,"column":60}}],"line":110},"9":{"loc":{"start":{"line":113,"column":11},"end":{"line":137,"column":5}},"type":"if","locations":[{"start":{"line":113,"column":11},"end":{"line":137,"column":5}},{"start":{"line":116,"column":11},"end":{"line":137,"column":5}}],"line":113},"10":{"loc":{"start":{"line":113,"column":15},"end":{"line":113,"column":51}},"type":"binary-expr","locations":[{"start":{"line":113,"column":15},"end":{"line":113,"column":30}},{"start":{"line":113,"column":34},"end":{"line":113,"column":51}}],"line":113},"11":{"loc":{"start":{"line":116,"column":11},"end":{"line":137,"column":5}},"type":"if","locations":[{"start":{"line":116,"column":11},"end":{"line":137,"column":5}},{"start":{"line":119,"column":11},"end":{"line":137,"column":5}}],"line":116},"12":{"loc":{"start":{"line":116,"column":15},"end":{"line":116,"column":52}},"type":"binary-expr","locations":[{"start":{"line":116,"column":15},"end":{"line":116,"column":31}},{"start":{"line":116,"column":35},"end":{"line":116,"column":52}}],"line":116},"13":{"loc":{"start":{"line":119,"column":11},"end":{"line":137,"column":5}},"type":"if","locations":[{"start":{"line":119,"column":11},"end":{"line":137,"column":5}},{"start":{"line":122,"column":11},"end":{"line":137,"column":5}}],"line":119},"14":{"loc":{"start":{"line":119,"column":15},"end":{"line":119,"column":52}},"type":"binary-expr","locations":[{"start":{"line":119,"column":15},"end":{"line":119,"column":31}},{"start":{"line":119,"column":35},"end":{"line":119,"column":52}}],"line":119},"15":{"loc":{"start":{"line":122,"column":11},"end":{"line":137,"column":5}},"type":"if","locations":[{"start":{"line":122,"column":11},"end":{"line":137,"column":5}},{"start":{"line":125,"column":11},"end":{"line":137,"column":5}}],"line":122},"16":{"loc":{"start":{"line":122,"column":15},"end":{"line":122,"column":52}},"type":"binary-expr","locations":[{"start":{"line":122,"column":15},"end":{"line":122,"column":31}},{"start":{"line":122,"column":35},"end":{"line":122,"column":52}}],"line":122},"17":{"loc":{"start":{"line":125,"column":11},"end":{"line":137,"column":5}},"type":"if","locations":[{"start":{"line":125,"column":11},"end":{"line":137,"column":5}},{"start":{"line":128,"column":11},"end":{"line":137,"column":5}}],"line":125},"18":{"loc":{"start":{"line":125,"column":15},"end":{"line":125,"column":52}},"type":"binary-expr","locations":[{"start":{"line":125,"column":15},"end":{"line":125,"column":31}},{"start":{"line":125,"column":35},"end":{"line":125,"column":52}}],"line":125},"19":{"loc":{"start":{"line":128,"column":11},"end":{"line":137,"column":5}},"type":"if","locations":[{"start":{"line":128,"column":11},"end":{"line":137,"column":5}},{"start":{"line":131,"column":11},"end":{"line":137,"column":5}}],"line":128},"20":{"loc":{"start":{"line":128,"column":15},"end":{"line":128,"column":52}},"type":"binary-expr","locations":[{"start":{"line":128,"column":15},"end":{"line":128,"column":31}},{"start":{"line":128,"column":35},"end":{"line":128,"column":52}}],"line":128},"21":{"loc":{"start":{"line":131,"column":11},"end":{"line":137,"column":5}},"type":"if","locations":[{"start":{"line":131,"column":11},"end":{"line":137,"column":5}},{"start":{"line":134,"column":11},"end":{"line":137,"column":5}}],"line":131},"22":{"loc":{"start":{"line":131,"column":15},"end":{"line":131,"column":52}},"type":"binary-expr","locations":[{"start":{"line":131,"column":15},"end":{"line":131,"column":31}},{"start":{"line":131,"column":35},"end":{"line":131,"column":52}}],"line":131},"23":{"loc":{"start":{"line":134,"column":11},"end":{"line":137,"column":5}},"type":"if","locations":[{"start":{"line":134,"column":11},"end":{"line":137,"column":5}},{"start":{},"end":{}}],"line":134},"24":{"loc":{"start":{"line":147,"column":4},"end":{"line":147,"column":74}},"type":"if","locations":[{"start":{"line":147,"column":4},"end":{"line":147,"column":74}},{"start":{},"end":{}}],"line":147},"25":{"loc":{"start":{"line":156,"column":33},"end":{"line":156,"column":101}},"type":"cond-expr","locations":[{"start":{"line":156,"column":67},"end":{"line":156,"column":80}},{"start":{"line":156,"column":83},"end":{"line":156,"column":101}}],"line":156},"26":{"loc":{"start":{"line":160,"column":25},"end":{"line":160,"column":104}},"type":"cond-expr","locations":[{"start":{"line":160,"column":65},"end":{"line":160,"column":77}},{"start":{"line":160,"column":80},"end":{"line":160,"column":104}}],"line":160},"27":{"loc":{"start":{"line":163,"column":8},"end":{"line":164,"column":101}},"type":"binary-expr","locations":[{"start":{"line":163,"column":8},"end":{"line":163,"column":40}},{"start":{"line":164,"column":8},"end":{"line":164,"column":101}}],"line":163},"28":{"loc":{"start":{"line":182,"column":4},"end":{"line":194,"column":5}},"type":"if","locations":[{"start":{"line":182,"column":4},"end":{"line":194,"column":5}},{"start":{},"end":{}}],"line":182},"29":{"loc":{"start":{"line":182,"column":8},"end":{"line":182,"column":80}},"type":"binary-expr","locations":[{"start":{"line":182,"column":8},"end":{"line":182,"column":45}},{"start":{"line":182,"column":49},"end":{"line":182,"column":80}}],"line":182},"30":{"loc":{"start":{"line":197,"column":4},"end":{"line":212,"column":5}},"type":"if","locations":[{"start":{"line":197,"column":4},"end":{"line":212,"column":5}},{"start":{},"end":{}}],"line":197},"31":{"loc":{"start":{"line":198,"column":8},"end":{"line":199,"column":40}},"type":"binary-expr","locations":[{"start":{"line":198,"column":8},"end":{"line":198,"column":84}},{"start":{"line":199,"column":8},"end":{"line":199,"column":40}}],"line":198},"32":{"loc":{"start":{"line":207,"column":27},"end":{"line":207,"column":104}},"type":"cond-expr","locations":[{"start":{"line":207,"column":92},"end":{"line":207,"column":96}},{"start":{"line":207,"column":99},"end":{"line":207,"column":104}}],"line":207},"33":{"loc":{"start":{"line":253,"column":8},"end":{"line":263,"column":9}},"type":"if","locations":[{"start":{"line":253,"column":8},"end":{"line":263,"column":9}},{"start":{},"end":{}}],"line":253},"34":{"loc":{"start":{"line":270,"column":8},"end":{"line":270,"column":56}},"type":"if","locations":[{"start":{"line":270,"column":8},"end":{"line":270,"column":56}},{"start":{},"end":{}}],"line":270},"35":{"loc":{"start":{"line":277,"column":8},"end":{"line":277,"column":90}},"type":"if","locations":[{"start":{"line":277,"column":8},"end":{"line":277,"column":90}},{"start":{},"end":{}}],"line":277},"36":{"loc":{"start":{"line":277,"column":12},"end":{"line":277,"column":70}},"type":"binary-expr","locations":[{"start":{"line":277,"column":12},"end":{"line":277,"column":37}},{"start":{"line":277,"column":41},"end":{"line":277,"column":70}}],"line":277}},"s":{"0":5,"1":5,"2":5,"3":5,"4":5,"5":5,"6":5,"7":5,"8":5,"9":0,"10":0,"11":0,"12":0,"13":0,"14":5,"15":16,"16":16,"17":16,"18":16,"19":16,"20":16,"21":16,"22":12,"23":4,"24":4,"25":2,"26":2,"27":2,"28":4,"29":16,"30":2,"31":16,"32":5,"33":2,"34":2,"35":2,"36":5,"37":2,"38":2,"39":2,"40":2,"41":2,"42":5,"43":4,"44":4,"45":1,"46":3,"47":3,"48":0,"49":0,"50":0,"51":0,"52":0,"53":0,"54":0,"55":0,"56":0,"57":0,"58":0,"59":0,"60":0,"61":0,"62":0,"63":5,"64":8,"65":8,"66":8,"67":0,"68":8,"69":8,"70":8,"71":8,"72":8,"73":8,"74":8,"75":8,"76":8,"77":8,"78":8,"79":8,"80":8,"81":8,"82":6,"83":8,"84":2,"85":8,"86":5,"87":0,"88":0,"89":5,"90":8,"91":8,"92":8,"93":16,"94":16,"95":8,"96":5,"97":0,"98":0,"99":0,"100":0,"101":0,"102":5,"103":0,"104":0,"105":0,"106":0,"107":0,"108":0,"109":0,"110":0,"111":0,"112":0,"113":5,"114":0,"115":0,"116":0,"117":0,"118":0,"119":5,"120":0,"121":0,"122":0,"123":0,"124":0,"125":5,"126":8,"127":8,"128":16,"129":8,"130":5},"f":{"0":0,"1":16,"2":2,"3":2,"4":4,"5":8,"6":0,"7":8,"8":16,"9":0,"10":0,"11":0,"12":0,"13":0,"14":8,"15":16},"b":{"0":[0,0],"1":[0,0],"2":[12,4],"3":[4,8],"4":[2,2],"5":[2,14],"6":[16,12,4],"7":[1,3],"8":[4,4],"9":[3,0],"10":[3,3],"11":[0,0],"12":[0,0],"13":[0,0],"14":[0,0],"15":[0,0],"16":[0,0],"17":[0,0],"18":[0,0],"19":[0,0],"20":[0,0],"21":[0,0],"22":[0,0],"23":[0,0],"24":[0,8],"25":[4,4],"26":[4,4],"27":[16,12],"28":[6,2],"29":[8,4],"30":[2,6],"31":[8,4],"32":[0,2],"33":[0,0],"34":[0,0],"35":[0,0],"36":[0,0]},"_coverageSchema":"1a1c01bbd47fc00a2c39e90264f33305004495a9","hash":"ea06386461c1cf5247c5c5402c21942735b64dde"}
,"/home/runner/work/backend-2/backend-2/utils/s3Utils.js": {"path":"/home/runner/work/backend-2/backend-2/utils/s3Utils.js","statementMap":{"0":{"start":{"line":1,"column":0},"end":{"line":1,"column":27}},"1":{"start":{"line":3,"column":13},"end":{"line":3,"column":28}},"2":{"start":{"line":4,"column":16},"end":{"line":4,"column":39}},"3":{"start":{"line":5,"column":12},"end":{"line":5,"column":35}},"4":{"start":{"line":6,"column":11},"end":{"line":6,"column":24}},"5":{"start":{"line":7,"column":21},"end":{"line":7,"column":36}},"6":{"start":{"line":8,"column":18},"end":{"line":8,"column":37}},"7":{"start":{"line":10,"column":10},"end":{"line":10,"column":28}},"8":{"start":{"line":11,"column":0},"end":{"line":11,"column":55}},"9":{"start":{"line":12,"column":0},"end":{"line":12,"column":59}},"10":{"start":{"line":14,"column":0},"end":{"line":14,"column":46}},"11":{"start":{"line":15,"column":11},"end":{"line":15,"column":23}},"12":{"start":{"line":17,"column":24},"end":{"line":45,"column":1}},"13":{"start":{"line":18,"column":21},"end":{"line":18,"column":71}},"14":{"start":{"line":20,"column":4},"end":{"line":44,"column":5}},"15":{"start":{"line":21,"column":36},"end":{"line":39,"column":10}},"16":{"start":{"line":22,"column":12},"end":{"line":38,"column":19}},"17":{"start":{"line":25,"column":20},"end":{"line":27,"column":21}},"18":{"start":{"line":26,"column":24},"end":{"line":26,"column":36}},"19":{"start":{"line":29,"column":41},"end":{"line":34,"column":21}},"20":{"start":{"line":36,"column":20},"end":{"line":36,"column":60}},"21":{"start":{"line":37,"column":20},"end":{"line":37,"column":38}},"22":{"start":{"line":40,"column":8},"end":{"line":40,"column":35}},"23":{"start":{"line":42,"column":8},"end":{"line":42,"column":52}},"24":{"start":{"line":43,"column":8},"end":{"line":43,"column":18}},"25":{"start":{"line":47,"column":19},"end":{"line":95,"column":1}},"26":{"start":{"line":48,"column":19},"end":{"line":48,"column":102}},"27":{"start":{"line":50,"column":4},"end":{"line":54,"column":5}},"28":{"start":{"line":51,"column":8},"end":{"line":51,"column":88}},"29":{"start":{"line":53,"column":8},"end":{"line":53,"column":86}},"30":{"start":{"line":57,"column":4},"end":{"line":61,"column":5}},"31":{"start":{"line":58,"column":28},"end":{"line":58,"column":73}},"32":{"start":{"line":59,"column":8},"end":{"line":59,"column":54}},"33":{"start":{"line":60,"column":8},"end":{"line":60,"column":59}},"34":{"start":{"line":64,"column":4},"end":{"line":78,"column":5}},"35":{"start":{"line":68,"column":8},"end":{"line":77,"column":9}},"36":{"start":{"line":69,"column":12},"end":{"line":73,"column":15}},"37":{"start":{"line":74,"column":12},"end":{"line":74,"column":30}},"38":{"start":{"line":76,"column":12},"end":{"line":76,"column":77}},"39":{"start":{"line":80,"column":21},"end":{"line":80,"column":78}},"40":{"start":{"line":81,"column":19},"end":{"line":86,"column":5}},"41":{"start":{"line":88,"column":4},"end":{"line":94,"column":5}},"42":{"start":{"line":89,"column":8},"end":{"line":89,"column":45}},"43":{"start":{"line":90,"column":8},"end":{"line":90,"column":24}},"44":{"start":{"line":92,"column":8},"end":{"line":92,"column":48}},"45":{"start":{"line":93,"column":8},"end":{"line":93,"column":18}},"46":{"start":{"line":97,"column":20},"end":{"line":106,"column":1}},"47":{"start":{"line":98,"column":19},"end":{"line":103,"column":5}},"48":{"start":{"line":105,"column":4},"end":{"line":105,"column":46}},"49":{"start":{"line":108,"column":23},"end":{"line":123,"column":1}},"50":{"start":{"line":109,"column":19},"end":{"line":112,"column":5}},"51":{"start":{"line":114,"column":4},"end":{"line":122,"column":7}},"52":{"start":{"line":115,"column":8},"end":{"line":121,"column":11}},"53":{"start":{"line":116,"column":12},"end":{"line":120,"column":13}},"54":{"start":{"line":117,"column":16},"end":{"line":117,"column":28}},"55":{"start":{"line":119,"column":16},"end":{"line":119,"column":29}},"56":{"start":{"line":125,"column":21},"end":{"line":132,"column":1}},"57":{"start":{"line":126,"column":21},"end":{"line":129,"column":5}},"58":{"start":{"line":130,"column":21},"end":{"line":130,"column":59}},"59":{"start":{"line":131,"column":4},"end":{"line":131,"column":16}},"60":{"start":{"line":134,"column":0},"end":{"line":140,"column":2}}},"fnMap":{"0":{"name":"(anonymous_0)","decl":{"start":{"line":17,"column":24},"end":{"line":17,"column":25}},"loc":{"start":{"line":17,"column":53},"end":{"line":45,"column":1}},"line":17},"1":{"name":"(anonymous_1)","decl":{"start":{"line":21,"column":54},"end":{"line":21,"column":55}},"loc":{"start":{"line":21,"column":75},"end":{"line":39,"column":9}},"line":21},"2":{"name":"(anonymous_2)","decl":{"start":{"line":24,"column":26},"end":{"line":24,"column":27}},"loc":{"start":{"line":24,"column":49},"end":{"line":38,"column":17}},"line":24},"3":{"name":"(anonymous_3)","decl":{"start":{"line":47,"column":19},"end":{"line":47,"column":20}},"loc":{"start":{"line":47,"column":50},"end":{"line":95,"column":1}},"line":47},"4":{"name":"(anonymous_4)","decl":{"start":{"line":97,"column":20},"end":{"line":97,"column":21}},"loc":{"start":{"line":97,"column":43},"end":{"line":106,"column":1}},"line":97},"5":{"name":"(anonymous_5)","decl":{"start":{"line":108,"column":23},"end":{"line":108,"column":24}},"loc":{"start":{"line":108,"column":49},"end":{"line":123,"column":1}},"line":108},"6":{"name":"(anonymous_6)","decl":{"start":{"line":114,"column":23},"end":{"line":114,"column":24}},"loc":{"start":{"line":114,"column":44},"end":{"line":122,"column":5}},"line":114},"7":{"name":"(anonymous_7)","decl":{"start":{"line":115,"column":45},"end":{"line":115,"column":46}},"loc":{"start":{"line":115,"column":65},"end":{"line":121,"column":9}},"line":115},"8":{"name":"(anonymous_8)","decl":{"start":{"line":125,"column":21},"end":{"line":125,"column":22}},"loc":{"start":{"line":125,"column":41},"end":{"line":132,"column":1}},"line":125}},"branchMap":{"0":{"loc":{"start":{"line":25,"column":20},"end":{"line":27,"column":21}},"type":"if","locations":[{"start":{"line":25,"column":20},"end":{"line":27,"column":21}},{"start":{},"end":{}}],"line":25},"1":{"loc":{"start":{"line":48,"column":19},"end":{"line":48,"column":102}},"type":"cond-expr","locations":[{"start":{"line":48,"column":44},"end":{"line":48,"column":94}},{"start":{"line":48,"column":97},"end":{"line":48,"column":102}}],"line":48},"2":{"loc":{"start":{"line":50,"column":4},"end":{"line":54,"column":5}},"type":"if","locations":[{"start":{"line":50,"column":4},"end":{"line":54,"column":5}},{"start":{"line":52,"column":11},"end":{"line":54,"column":5}}],"line":50},"3":{"loc":{"start":{"line":50,"column":8},"end":{"line":50,"column":62}},"type":"binary-expr","locations":[{"start":{"line":50,"column":8},"end":{"line":50,"column":33}},{"start":{"line":50,"column":37},"end":{"line":50,"column":62}}],"line":50},"4":{"loc":{"start":{"line":53,"column":19},"end":{"line":53,"column":85}},"type":"cond-expr","locations":[{"start":{"line":53,"column":44},"end":{"line":53,"column":49}},{"start":{"line":53,"column":52},"end":{"line":53,"column":85}}],"line":53},"5":{"loc":{"start":{"line":57,"column":4},"end":{"line":61,"column":5}},"type":"if","locations":[{"start":{"line":57,"column":4},"end":{"line":61,"column":5}},{"start":{},"end":{}}],"line":57},"6":{"loc":{"start":{"line":64,"column":4},"end":{"line":78,"column":5}},"type":"if","locations":[{"start":{"line":64,"column":4},"end":{"line":78,"column":5}},{"start":{},"end":{}}],"line":64},"7":{"loc":{"start":{"line":65,"column":8},"end":{"line":66,"column":106}},"type":"binary-expr","locations":[{"start":{"line":65,"column":8},"end":{"line":65,"column":21}},{"start":{"line":66,"column":9},"end":{"line":66,"column":55}},{"start":{"line":66,"column":59},"end":{"line":66,"column":105}}],"line":65},"8":{"loc":{"start":{"line":116,"column":12},"end":{"line":120,"column":13}},"type":"if","locations":[{"start":{"line":116,"column":12},"end":{"line":120,"column":13}},{"start":{"line":118,"column":19},"end":{"line":120,"column":13}}],"line":116}},"s":{"0":2,"1":2,"2":2,"3":2,"4":2,"5":2,"6":2,"7":2,"8":2,"9":2,"10":2,"11":2,"12":2,"13":0,"14":0,"15":0,"16":0,"17":0,"18":0,"19":0,"20":0,"21":0,"22":0,"23":0,"24":0,"25":2,"26":0,"27":0,"28":0,"29":0,"30":0,"31":0,"32":0,"33":0,"34":0,"35":0,"36":0,"37":0,"38":0,"39":0,"40":0,"41":0,"42":0,"43":0,"44":0,"45":0,"46":2,"47":0,"48":0,"49":2,"50":0,"51":0,"52":0,"53":0,"54":0,"55":0,"56":2,"57":0,"58":0,"59":0,"60":2},"f":{"0":0,"1":0,"2":0,"3":0,"4":0,"5":0,"6":0,"7":0,"8":0},"b":{"0":[0,0],"1":[0,0],"2":[0,0],"3":[0,0],"4":[0,0],"5":[0,0],"6":[0,0],"7":[0,0,0],"8":[0,0]},"_coverageSchema":"1a1c01bbd47fc00a2c39e90264f33305004495a9","hash":"31888d454f7766e39a8d399d4416b9890e543988"}
}
