TN:
SF:app.js
FN:40,(anonymous_0)
FN:62,(anonymous_1)
FN:81,(anonymous_2)
FN:88,(anonymous_3)
FNF:4
FNH:2
FNDA:19,(anonymous_0)
FNDA:0,(anonymous_1)
FNDA:0,(anonymous_2)
FNDA:8,(anonymous_3)
DA:1,2
DA:2,2
DA:3,2
DA:4,2
DA:5,2
DA:6,2
DA:7,2
DA:8,2
DA:9,2
DA:10,2
DA:11,2
DA:12,2
DA:13,2
DA:14,2
DA:15,2
DA:16,2
DA:17,2
DA:18,2
DA:20,2
DA:36,2
DA:38,2
DA:40,2
DA:41,19
DA:42,19
DA:43,0
DA:45,19
DA:46,19
DA:49,19
DA:51,19
DA:54,2
DA:56,2
DA:57,0
DA:60,2
DA:61,2
DA:62,2
DA:63,0
DA:64,0
DA:66,2
DA:67,2
DA:68,2
DA:70,2
DA:71,2
DA:72,2
DA:73,2
DA:74,2
DA:75,2
DA:76,2
DA:77,2
DA:78,2
DA:81,2
DA:82,0
DA:83,0
DA:84,0
DA:88,2
DA:90,8
DA:91,0
DA:92,0
DA:93,0
DA:95,0
DA:98,8
DA:99,8
DA:101,0
DA:102,0
DA:105,2
DA:106,0
DA:108,0
DA:109,0
DA:110,0
DA:111,0
DA:113,0
DA:115,0
DA:116,0
DA:117,0
DA:118,0
DA:120,0
DA:121,0
DA:124,2
LF:77
LH:52
BRDA:42,0,0,0
BRDA:42,0,1,19
BRDA:56,1,0,0
BRDA:56,1,1,2
BRDA:90,2,0,0
BRDA:90,2,1,8
BRDA:98,3,0,8
BRDA:98,3,1,0
BRDA:98,4,0,8
BRDA:98,4,1,8
BRDA:102,5,0,0
BRDA:102,5,1,0
BRDA:105,6,0,0
BRDA:105,6,1,2
BRF:14
BRH:7
end_of_record
TN:
SF:db.js
FN:6,(anonymous_0)
FNF:1
FNH:0
FNDA:0,(anonymous_0)
DA:1,2
DA:2,2
DA:3,2
DA:4,2
DA:6,2
DA:7,0
DA:10,2
LF:7
LH:6
BRF:0
BRH:0
end_of_record
TN:
SF:constants/constants.js
FNF:0
FNH:0
DA:1,5
DA:7,5
DA:14,5
DA:18,5
DA:33,5
DA:38,5
DA:43,5
DA:50,5
DA:56,5
DA:61,5
DA:66,5
DA:71,5
DA:73,5
LF:13
LH:13
BRF:0
BRH:0
end_of_record
TN:
SF:controllers/admin.js
FN:63,(anonymous_0)
FN:85,(anonymous_1)
FN:122,(anonymous_2)
FN:152,(anonymous_3)
FN:159,escapeRegex
FN:243,(anonymous_5)
FN:249,(anonymous_6)
FN:256,(anonymous_7)
FN:264,(anonymous_8)
FN:483,(anonymous_9)
FN:506,(anonymous_10)
FN:652,(anonymous_11)
FN:673,(anonymous_12)
FN:695,(anonymous_13)
FN:717,(anonymous_14)
FN:778,(anonymous_15)
FN:842,(anonymous_16)
FN:846,(anonymous_17)
FN:880,(anonymous_18)
FN:891,(anonymous_19)
FN:903,(anonymous_20)
FN:953,(anonymous_21)
FN:964,(anonymous_22)
FN:980,(anonymous_23)
FN:999,(anonymous_24)
FN:1015,(anonymous_25)
FN:1036,(anonymous_26)
FN:1042,(anonymous_27)
FN:1054,(anonymous_28)
FN:1074,(anonymous_29)
FN:1094,(anonymous_30)
FN:1109,(anonymous_31)
FN:1119,(anonymous_32)
FN:1125,(anonymous_33)
FN:1130,(anonymous_34)
FN:1142,(anonymous_35)
FN:1151,(anonymous_36)
FN:1163,(anonymous_37)
FN:1176,(anonymous_38)
FN:1182,(anonymous_39)
FN:1194,(anonymous_40)
FN:1204,(anonymous_41)
FN:1210,(anonymous_42)
FN:1222,(anonymous_43)
FN:1255,(anonymous_44)
FN:1261,(anonymous_45)
FN:1273,(anonymous_46)
FN:1316,(anonymous_47)
FN:1322,(anonymous_48)
FN:1334,(anonymous_49)
FN:1347,(anonymous_50)
FN:1355,(anonymous_51)
FN:1367,(anonymous_52)
FN:1391,(anonymous_53)
FN:1503,(anonymous_54)
FN:1526,(anonymous_55)
FN:1542,(anonymous_56)
FN:1583,(anonymous_57)
FN:1611,(anonymous_58)
FN:1617,(anonymous_59)
FN:1629,(anonymous_60)
FN:1638,(anonymous_61)
FN:1644,(anonymous_62)
FN:1656,(anonymous_63)
FN:1681,(anonymous_64)
FN:1687,(anonymous_65)
FN:1699,(anonymous_66)
FN:1721,(anonymous_67)
FN:1727,(anonymous_68)
FN:1739,(anonymous_69)
FN:1751,(anonymous_70)
FN:1759,(anonymous_71)
FN:1777,(anonymous_72)
FN:1798,(anonymous_73)
FN:1835,(anonymous_74)
FN:1844,(anonymous_75)
FN:1852,(anonymous_76)
FN:1857,(anonymous_77)
FN:1862,(anonymous_78)
FN:1874,(anonymous_79)
FN:1905,(anonymous_80)
FN:1915,(anonymous_81)
FN:1927,(anonymous_82)
FN:1946,(anonymous_83)
FN:1952,(anonymous_84)
FN:1964,(anonymous_85)
FN:1979,(anonymous_86)
FN:1987,(anonymous_87)
FN:1997,(anonymous_88)
FN:2024,(anonymous_89)
FN:2036,(anonymous_90)
FN:2048,(anonymous_91)
FN:2056,(anonymous_92)
FN:2072,(anonymous_93)
FN:2205,(anonymous_94)
FN:2218,(anonymous_95)
FN:2231,(anonymous_96)
FN:2244,(anonymous_97)
FN:2261,(anonymous_98)
FN:2276,(anonymous_99)
FN:2289,(anonymous_100)
FN:2302,(anonymous_101)
FN:2315,(anonymous_102)
FN:2335,(anonymous_103)
FN:2339,(anonymous_104)
FN:2343,(anonymous_105)
FN:2347,(anonymous_106)
FN:2362,(anonymous_107)
FN:2393,(anonymous_108)
FN:2414,(anonymous_109)
FN:2418,(anonymous_110)
FN:2462,(anonymous_111)
FN:2503,(anonymous_112)
FN:2536,(anonymous_113)
FN:2543,(anonymous_114)
FN:2551,(anonymous_115)
FN:2620,(anonymous_116)
FN:2763,(anonymous_117)
FN:2786,(anonymous_118)
FN:2821,(anonymous_119)
FN:2895,(anonymous_120)
FN:2908,(anonymous_121)
FN:3012,(anonymous_122)
FNF:123
FNH:2
FNDA:0,(anonymous_0)
FNDA:0,(anonymous_1)
FNDA:0,(anonymous_2)
FNDA:0,(anonymous_3)
FNDA:0,escapeRegex
FNDA:0,(anonymous_5)
FNDA:0,(anonymous_6)
FNDA:0,(anonymous_7)
FNDA:0,(anonymous_8)
FNDA:0,(anonymous_9)
FNDA:0,(anonymous_10)
FNDA:0,(anonymous_11)
FNDA:0,(anonymous_12)
FNDA:0,(anonymous_13)
FNDA:0,(anonymous_14)
FNDA:0,(anonymous_15)
FNDA:0,(anonymous_16)
FNDA:0,(anonymous_17)
FNDA:0,(anonymous_18)
FNDA:0,(anonymous_19)
FNDA:0,(anonymous_20)
FNDA:0,(anonymous_21)
FNDA:0,(anonymous_22)
FNDA:0,(anonymous_23)
FNDA:0,(anonymous_24)
FNDA:0,(anonymous_25)
FNDA:0,(anonymous_26)
FNDA:0,(anonymous_27)
FNDA:0,(anonymous_28)
FNDA:0,(anonymous_29)
FNDA:0,(anonymous_30)
FNDA:0,(anonymous_31)
FNDA:0,(anonymous_32)
FNDA:0,(anonymous_33)
FNDA:0,(anonymous_34)
FNDA:0,(anonymous_35)
FNDA:0,(anonymous_36)
FNDA:0,(anonymous_37)
FNDA:0,(anonymous_38)
FNDA:0,(anonymous_39)
FNDA:0,(anonymous_40)
FNDA:0,(anonymous_41)
FNDA:0,(anonymous_42)
FNDA:0,(anonymous_43)
FNDA:0,(anonymous_44)
FNDA:0,(anonymous_45)
FNDA:0,(anonymous_46)
FNDA:0,(anonymous_47)
FNDA:0,(anonymous_48)
FNDA:0,(anonymous_49)
FNDA:0,(anonymous_50)
FNDA:0,(anonymous_51)
FNDA:0,(anonymous_52)
FNDA:0,(anonymous_53)
FNDA:0,(anonymous_54)
FNDA:0,(anonymous_55)
FNDA:0,(anonymous_56)
FNDA:0,(anonymous_57)
FNDA:0,(anonymous_58)
FNDA:0,(anonymous_59)
FNDA:0,(anonymous_60)
FNDA:0,(anonymous_61)
FNDA:0,(anonymous_62)
FNDA:0,(anonymous_63)
FNDA:0,(anonymous_64)
FNDA:0,(anonymous_65)
FNDA:0,(anonymous_66)
FNDA:0,(anonymous_67)
FNDA:0,(anonymous_68)
FNDA:0,(anonymous_69)
FNDA:0,(anonymous_70)
FNDA:0,(anonymous_71)
FNDA:0,(anonymous_72)
FNDA:0,(anonymous_73)
FNDA:0,(anonymous_74)
FNDA:0,(anonymous_75)
FNDA:0,(anonymous_76)
FNDA:0,(anonymous_77)
FNDA:0,(anonymous_78)
FNDA:0,(anonymous_79)
FNDA:0,(anonymous_80)
FNDA:0,(anonymous_81)
FNDA:0,(anonymous_82)
FNDA:0,(anonymous_83)
FNDA:0,(anonymous_84)
FNDA:0,(anonymous_85)
FNDA:0,(anonymous_86)
FNDA:0,(anonymous_87)
FNDA:0,(anonymous_88)
FNDA:0,(anonymous_89)
FNDA:0,(anonymous_90)
FNDA:0,(anonymous_91)
FNDA:0,(anonymous_92)
FNDA:0,(anonymous_93)
FNDA:0,(anonymous_94)
FNDA:0,(anonymous_95)
FNDA:0,(anonymous_96)
FNDA:0,(anonymous_97)
FNDA:0,(anonymous_98)
FNDA:0,(anonymous_99)
FNDA:0,(anonymous_100)
FNDA:0,(anonymous_101)
FNDA:0,(anonymous_102)
FNDA:0,(anonymous_103)
FNDA:0,(anonymous_104)
FNDA:0,(anonymous_105)
FNDA:0,(anonymous_106)
FNDA:0,(anonymous_107)
FNDA:0,(anonymous_108)
FNDA:0,(anonymous_109)
FNDA:6,(anonymous_110)
FNDA:15,(anonymous_111)
FNDA:0,(anonymous_112)
FNDA:0,(anonymous_113)
FNDA:0,(anonymous_114)
FNDA:0,(anonymous_115)
FNDA:0,(anonymous_116)
FNDA:0,(anonymous_117)
FNDA:0,(anonymous_118)
FNDA:0,(anonymous_119)
FNDA:0,(anonymous_120)
FNDA:0,(anonymous_121)
FNDA:0,(anonymous_122)
DA:6,2
DA:7,2
DA:8,2
DA:9,2
DA:14,2
DA:15,2
DA:16,2
DA:17,2
DA:18,2
DA:19,2
DA:25,2
DA:32,2
DA:33,2
DA:34,2
DA:35,2
DA:36,2
DA:37,2
DA:38,2
DA:39,2
DA:40,2
DA:41,2
DA:42,2
DA:43,2
DA:44,2
DA:45,2
DA:46,2
DA:47,2
DA:49,2
DA:63,2
DA:64,0
DA:66,0
DA:68,0
DA:69,0
DA:75,0
DA:80,0
DA:82,0
DA:85,2
DA:87,0
DA:88,0
DA:91,0
DA:92,0
DA:94,0
DA:95,0
DA:98,0
DA:99,0
DA:100,0
DA:104,0
DA:105,0
DA:106,0
DA:108,0
DA:113,0
DA:116,0
DA:122,2
DA:123,0
DA:125,0
DA:126,0
DA:129,0
DA:147,0
DA:148,0
DA:149,0
DA:152,2
DA:153,0
DA:154,0
DA:155,0
DA:156,0
DA:157,0
DA:158,0
DA:160,0
DA:162,0
DA:163,0
DA:166,0
DA:168,0
DA:169,0
DA:173,0
DA:194,0
DA:195,0
DA:199,0
DA:200,0
DA:202,0
DA:203,0
DA:204,0
DA:205,0
DA:206,0
DA:207,0
DA:208,0
DA:210,0
DA:225,0
DA:226,0
DA:228,0
DA:232,0
DA:233,0
DA:234,0
DA:240,0
DA:243,2
DA:244,0
DA:245,0
DA:246,0
DA:249,2
DA:250,0
DA:251,0
DA:252,0
DA:253,0
DA:256,2
DA:257,0
DA:261,0
DA:264,2
DA:265,0
DA:266,0
DA:361,0
DA:362,0
DA:364,0
DA:365,0
DA:368,0
DA:369,0
DA:372,0
DA:373,0
DA:376,0
DA:377,0
DA:381,0
DA:382,0
DA:388,0
DA:389,0
DA:392,0
DA:395,0
DA:397,0
DA:398,0
DA:401,0
DA:414,0
DA:419,0
DA:433,0
DA:438,0
DA:464,0
DA:468,0
DA:478,0
DA:479,0
DA:480,0
DA:483,2
DA:484,0
DA:491,0
DA:492,0
DA:495,0
DA:496,0
DA:503,0
DA:506,2
DA:507,0
DA:508,0
DA:536,0
DA:538,0
DA:539,0
DA:541,0
DA:542,0
DA:543,0
DA:544,0
DA:547,0
DA:548,0
DA:549,0
DA:550,0
DA:553,0
DA:554,0
DA:555,0
DA:558,0
DA:559,0
DA:560,0
DA:563,0
DA:564,0
DA:568,0
DA:569,0
DA:581,0
DA:582,0
DA:587,0
DA:590,0
DA:591,0
DA:636,0
DA:637,0
DA:647,0
DA:648,0
DA:649,0
DA:652,2
DA:653,0
DA:670,0
DA:673,2
DA:674,0
DA:692,0
DA:695,2
DA:696,0
DA:701,0
DA:702,0
DA:703,0
DA:705,0
DA:706,0
DA:712,0
DA:714,0
DA:717,2
DA:718,0
DA:719,0
DA:720,0
DA:726,0
DA:742,0
DA:743,0
DA:747,0
DA:748,0
DA:749,0
DA:750,0
DA:753,0
DA:754,0
DA:756,0
DA:758,0
DA:759,0
DA:763,0
DA:764,0
DA:769,0
DA:770,0
DA:777,0
DA:778,0
DA:779,0
DA:780,0
DA:785,0
DA:789,0
DA:801,0
DA:802,0
DA:804,0
DA:806,0
DA:833,0
DA:834,0
DA:836,0
DA:842,2
DA:843,0
DA:846,2
DA:847,0
DA:877,0
DA:880,2
DA:881,0
DA:888,0
DA:891,2
DA:892,0
DA:893,0
DA:900,0
DA:903,2
DA:904,0
DA:905,0
DA:906,0
DA:907,0
DA:910,0
DA:911,0
DA:914,0
DA:915,0
DA:920,0
DA:921,0
DA:940,0
DA:941,0
DA:947,0
DA:953,2
DA:954,0
DA:955,0
DA:957,0
DA:961,0
DA:964,2
DA:965,0
DA:968,0
DA:969,0
DA:973,0
DA:981,0
DA:984,0
DA:999,2
DA:1000,0
DA:1001,0
DA:1002,0
DA:1005,0
DA:1015,2
DA:1017,0
DA:1018,0
DA:1019,0
DA:1020,0
DA:1021,0
DA:1022,0
DA:1025,0
DA:1038,0
DA:1040,0
DA:1044,0
DA:1054,2
DA:1055,0
DA:1056,0
DA:1074,2
DA:1075,0
DA:1076,0
DA:1081,0
DA:1084,0
DA:1094,2
DA:1096,0
DA:1097,0
DA:1100,0
DA:1110,0
DA:1121,0
DA:1123,0
DA:1127,0
DA:1132,0
DA:1142,2
DA:1144,0
DA:1146,0
DA:1151,0
DA:1152,0
DA:1153,0
DA:1163,2
DA:1165,0
DA:1166,0
DA:1178,0
DA:1180,0
DA:1184,0
DA:1194,2
DA:1196,0
DA:1197,0
DA:1200,0
DA:1206,0
DA:1208,0
DA:1212,0
DA:1222,2
DA:1224,0
DA:1225,0
DA:1226,0
DA:1227,0
DA:1228,0
DA:1229,0
DA:1230,0
DA:1231,0
DA:1234,0
DA:1257,0
DA:1259,0
DA:1263,0
DA:1273,2
DA:1275,0
DA:1276,0
DA:1277,0
DA:1278,0
DA:1279,0
DA:1280,0
DA:1281,0
DA:1282,0
DA:1283,0
DA:1284,0
DA:1287,0
DA:1291,0
DA:1292,0
DA:1293,0
DA:1294,0
DA:1295,0
DA:1298,0
DA:1302,0
DA:1318,0
DA:1320,0
DA:1324,0
DA:1334,2
DA:1336,0
DA:1337,0
DA:1338,0
DA:1339,0
DA:1342,0
DA:1349,0
DA:1351,0
DA:1353,0
DA:1357,0
DA:1367,2
DA:1368,0
DA:1369,0
DA:1376,0
DA:1379,0
DA:1383,2
DA:1391,2
DA:1393,0
DA:1394,0
DA:1397,0
DA:1398,0
DA:1399,0
DA:1402,0
DA:1403,0
DA:1404,0
DA:1405,0
DA:1406,0
DA:1451,0
DA:1456,0
DA:1463,0
DA:1466,0
DA:1467,0
DA:1470,0
DA:1474,0
DA:1475,0
DA:1487,0
DA:1488,0
DA:1489,0
DA:1490,0
DA:1492,0
DA:1503,2
DA:1504,0
DA:1505,0
DA:1506,0
DA:1507,0
DA:1508,0
DA:1510,0
DA:1526,2
DA:1527,0
DA:1528,0
DA:1529,0
DA:1532,0
DA:1542,2
DA:1544,0
DA:1545,0
DA:1546,0
DA:1547,0
DA:1548,0
DA:1549,0
DA:1550,0
DA:1551,0
DA:1552,0
DA:1555,0
DA:1556,0
DA:1570,0
DA:1573,0
DA:1583,2
DA:1585,0
DA:1586,0
DA:1587,0
DA:1588,0
DA:1589,0
DA:1590,0
DA:1591,0
DA:1592,0
DA:1593,0
DA:1594,0
DA:1597,0
DA:1613,0
DA:1615,0
DA:1619,0
DA:1629,2
DA:1631,0
DA:1632,0
DA:1635,0
DA:1640,0
DA:1642,0
DA:1646,0
DA:1656,2
DA:1658,0
DA:1659,0
DA:1660,0
DA:1661,0
DA:1662,0
DA:1665,0
DA:1683,0
DA:1685,0
DA:1689,0
DA:1699,2
DA:1701,0
DA:1702,0
DA:1703,0
DA:1704,0
DA:1705,0
DA:1706,0
DA:1707,0
DA:1710,0
DA:1723,0
DA:1725,0
DA:1729,0
DA:1739,2
DA:1741,0
DA:1742,0
DA:1743,0
DA:1744,0
DA:1747,0
DA:1753,0
DA:1755,0
DA:1757,0
DA:1761,0
DA:1777,2
DA:1778,0
DA:1779,0
DA:1780,0
DA:1781,0
DA:1782,0
DA:1783,0
DA:1785,0
DA:1788,0
DA:1798,2
DA:1800,0
DA:1801,0
DA:1802,0
DA:1803,0
DA:1806,0
DA:1807,0
DA:1808,0
DA:1812,0
DA:1813,0
DA:1821,0
DA:1822,0
DA:1825,0
DA:1835,2
DA:1837,0
DA:1838,0
DA:1841,0
DA:1846,0
DA:1848,0
DA:1854,0
DA:1855,0
DA:1859,0
DA:1864,0
DA:1874,2
DA:1876,0
DA:1877,0
DA:1878,0
DA:1879,0
DA:1880,0
DA:1881,0
DA:1884,0
DA:1890,0
DA:1891,0
DA:1895,0
DA:1907,0
DA:1910,0
DA:1911,0
DA:1912,0
DA:1917,0
DA:1927,2
DA:1929,0
DA:1930,0
DA:1931,0
DA:1934,0
DA:1935,0
DA:1938,0
DA:1939,0
DA:1942,0
DA:1948,0
DA:1950,0
DA:1954,0
DA:1964,2
DA:1966,0
DA:1967,0
DA:1968,0
DA:1971,0
DA:1972,0
DA:1975,0
DA:1981,0
DA:1983,0
DA:1985,0
DA:1989,0
DA:1997,2
DA:1998,0
DA:2000,0
DA:2005,0
DA:2006,0
DA:2012,0
DA:2013,0
DA:2016,0
DA:2024,2
DA:2025,0
DA:2026,0
DA:2028,0
DA:2029,0
DA:2036,2
DA:2037,0
DA:2038,0
DA:2039,0
DA:2040,0
DA:2041,0
DA:2042,0
DA:2044,0
DA:2048,2
DA:2049,0
DA:2050,0
DA:2056,2
DA:2057,0
DA:2066,2
DA:2072,2
DA:2074,0
DA:2075,0
DA:2078,0
DA:2080,0
DA:2081,0
DA:2083,0
DA:2084,0
DA:2085,0
DA:2086,0
DA:2087,0
DA:2154,0
DA:2156,0
DA:2159,0
DA:2162,0
DA:2163,0
DA:2166,0
DA:2169,0
DA:2170,0
DA:2179,0
DA:2180,0
DA:2181,0
DA:2182,0
DA:2184,0
DA:2205,2
DA:2206,0
DA:2207,0
DA:2208,0
DA:2210,0
DA:2218,2
DA:2219,0
DA:2220,0
DA:2221,0
DA:2223,0
DA:2231,2
DA:2232,0
DA:2233,0
DA:2234,0
DA:2236,0
DA:2244,2
DA:2245,0
DA:2246,0
DA:2251,0
DA:2253,0
DA:2261,2
DA:2262,0
DA:2263,0
DA:2266,0
DA:2268,0
DA:2276,2
DA:2277,0
DA:2278,0
DA:2279,0
DA:2281,0
DA:2289,2
DA:2290,0
DA:2291,0
DA:2292,0
DA:2294,0
DA:2302,2
DA:2303,0
DA:2304,0
DA:2305,0
DA:2307,0
DA:2315,2
DA:2316,0
DA:2317,0
DA:2320,0
DA:2322,0
DA:2323,0
DA:2333,2
DA:2335,2
DA:2336,0
DA:2339,2
DA:2340,0
DA:2343,2
DA:2344,0
DA:2347,2
DA:2348,0
DA:2349,0
DA:2352,0
DA:2353,0
DA:2355,0
DA:2356,0
DA:2358,0
DA:2362,2
DA:2363,0
DA:2364,0
DA:2368,0
DA:2369,0
DA:2371,0
DA:2372,0
DA:2373,0
DA:2374,0
DA:2388,0
DA:2389,0
DA:2390,0
DA:2393,2
DA:2394,0
DA:2395,0
DA:2409,0
DA:2410,0
DA:2411,0
DA:2414,2
DA:2415,0
DA:2418,2
DA:2419,6
DA:2421,6
DA:2422,1
DA:2425,5
DA:2428,5
DA:2432,5
DA:2437,5
DA:2438,5
DA:2439,5
DA:2443,2
DA:2444,2
DA:2449,1
DA:2456,4
DA:2458,4
DA:2459,1
DA:2462,15
DA:2465,3
DA:2467,3
DA:2469,3
DA:2470,1
DA:2473,2
DA:2475,2
DA:2482,2
DA:2499,2
DA:2500,2
DA:2503,2
DA:2504,0
DA:2505,0
DA:2522,0
DA:2524,0
DA:2525,0
DA:2526,0
DA:2527,0
DA:2529,0
DA:2530,0
DA:2531,0
DA:2533,0
DA:2536,2
DA:2537,0
DA:2538,0
DA:2539,0
DA:2540,0
DA:2543,2
DA:2544,0
DA:2546,0
DA:2548,0
DA:2551,2
DA:2552,0
DA:2553,0
DA:2565,0
DA:2567,0
DA:2568,0
DA:2571,0
DA:2572,0
DA:2573,0
DA:2574,0
DA:2575,0
DA:2576,0
DA:2578,0
DA:2595,0
DA:2596,0
DA:2598,0
DA:2609,0
DA:2610,0
DA:2611,0
DA:2613,0
DA:2614,0
DA:2615,0
DA:2617,0
DA:2620,2
DA:2621,0
DA:2623,0
DA:2635,0
DA:2636,0
DA:2638,0
DA:2642,0
DA:2643,0
DA:2644,0
DA:2645,0
DA:2648,0
DA:2649,0
DA:2650,0
DA:2651,0
DA:2652,0
DA:2656,0
DA:2657,0
DA:2658,0
DA:2660,0
DA:2661,0
DA:2666,0
DA:2667,0
DA:2669,0
DA:2670,0
DA:2675,0
DA:2676,0
DA:2677,0
DA:2681,0
DA:2682,0
DA:2683,0
DA:2687,0
DA:2688,0
DA:2689,0
DA:2690,0
DA:2691,0
DA:2693,0
DA:2700,0
DA:2712,0
DA:2714,0
DA:2715,0
DA:2720,0
DA:2721,0
DA:2723,0
DA:2724,0
DA:2726,0
DA:2727,0
DA:2731,0
DA:2747,0
DA:2752,0
DA:2753,0
DA:2754,0
DA:2756,0
DA:2758,0
DA:2760,0
DA:2763,2
DA:2764,0
DA:2765,0
DA:2777,0
DA:2779,0
DA:2781,0
DA:2783,0
DA:2786,2
DA:2787,0
DA:2788,0
DA:2800,0
DA:2802,0
DA:2803,0
DA:2806,0
DA:2807,0
DA:2808,0
DA:2811,0
DA:2813,0
DA:2814,0
DA:2816,0
DA:2818,0
DA:2821,2
DA:2822,0
DA:2823,0
DA:2824,0
DA:2888,0
DA:2889,0
DA:2890,0
DA:2892,0
DA:2895,2
DA:2896,0
DA:2897,0
DA:2902,0
DA:2903,0
DA:2905,0
DA:2908,2
DA:2909,0
DA:2910,0
DA:3008,0
DA:3009,0
DA:3012,2
DA:3013,0
DA:3014,0
DA:3016,0
DA:3023,0
DA:3025,2
LF:843
LH:139
BRDA:91,0,0,0
BRDA:91,0,1,0
BRDA:99,1,0,0
BRDA:99,1,1,0
BRDA:105,2,0,0
BRDA:105,2,1,0
BRDA:125,3,0,0
BRDA:125,3,1,0
BRDA:153,4,0,0
BRDA:153,4,1,0
BRDA:156,5,0,0
BRDA:156,5,1,0
BRDA:157,6,0,0
BRDA:157,6,1,0
BRDA:162,7,0,0
BRDA:162,7,1,0
BRDA:168,8,0,0
BRDA:168,8,1,0
BRDA:175,9,0,0
BRDA:175,9,1,0
BRDA:180,10,0,0
BRDA:180,10,1,0
BRDA:185,11,0,0
BRDA:185,11,1,0
BRDA:190,12,0,0
BRDA:190,12,1,0
BRDA:191,13,0,0
BRDA:191,13,1,0
BRDA:238,14,0,0
BRDA:238,14,1,0
BRDA:206,15,0,0
BRDA:206,15,1,0
BRDA:206,16,0,0
BRDA:206,16,1,0
BRDA:207,17,0,0
BRDA:207,17,1,0
BRDA:225,18,0,0
BRDA:225,18,1,0
BRDA:226,19,0,0
BRDA:226,19,1,0
BRDA:233,20,0,0
BRDA:233,20,1,0
BRDA:233,21,0,0
BRDA:233,21,1,0
BRDA:362,22,0,0
BRDA:362,22,1,0
BRDA:362,22,2,0
BRDA:362,22,3,0
BRDA:362,22,4,0
BRDA:388,23,0,0
BRDA:388,23,1,0
BRDA:398,24,0,0
BRDA:398,24,1,0
BRDA:398,24,2,0
BRDA:491,25,0,0
BRDA:491,25,1,0
BRDA:539,26,0,0
BRDA:539,26,1,0
BRDA:539,26,2,0
BRDA:539,26,3,0
BRDA:539,26,4,0
BRDA:539,26,5,0
BRDA:581,27,0,0
BRDA:581,27,1,0
BRDA:590,28,0,0
BRDA:590,28,1,0
BRDA:701,29,0,0
BRDA:701,29,1,0
BRDA:702,30,0,0
BRDA:702,30,1,0
BRDA:705,31,0,0
BRDA:705,31,1,0
BRDA:719,32,0,0
BRDA:719,32,1,0
BRDA:719,33,0,0
BRDA:719,33,1,0
BRDA:742,34,0,0
BRDA:742,34,1,0
BRDA:747,35,0,0
BRDA:747,35,1,0
BRDA:748,36,0,0
BRDA:748,36,1,0
BRDA:753,37,0,0
BRDA:753,37,1,0
BRDA:758,38,0,0
BRDA:758,38,1,0
BRDA:763,39,0,0
BRDA:763,39,1,0
BRDA:769,40,0,0
BRDA:769,40,1,0
BRDA:780,41,0,0
BRDA:780,41,1,0
BRDA:781,42,0,0
BRDA:781,42,1,0
BRDA:781,42,2,0
BRDA:781,42,3,0
BRDA:801,43,0,0
BRDA:801,43,1,0
BRDA:833,44,0,0
BRDA:833,44,1,0
BRDA:905,45,0,0
BRDA:905,45,1,0
BRDA:906,46,0,0
BRDA:906,46,1,0
BRDA:910,47,0,0
BRDA:910,47,1,0
BRDA:914,48,0,0
BRDA:914,48,1,0
BRDA:920,49,0,0
BRDA:920,49,1,0
BRDA:954,50,0,0
BRDA:954,50,1,0
BRDA:955,51,0,0
BRDA:955,51,1,0
BRDA:968,52,0,0
BRDA:968,52,1,0
BRDA:1017,53,0,0
BRDA:1017,53,1,0
BRDA:1017,54,0,0
BRDA:1017,54,1,0
BRDA:1019,55,0,0
BRDA:1019,55,1,0
BRDA:1019,56,0,0
BRDA:1019,56,1,0
BRDA:1021,57,0,0
BRDA:1021,57,1,0
BRDA:1021,58,0,0
BRDA:1021,58,1,0
BRDA:1038,59,0,0
BRDA:1038,59,1,0
BRDA:1096,60,0,0
BRDA:1096,60,1,0
BRDA:1097,61,0,0
BRDA:1097,61,1,0
BRDA:1121,62,0,0
BRDA:1121,62,1,0
BRDA:1144,63,0,0
BRDA:1144,63,1,0
BRDA:1152,64,0,0
BRDA:1152,64,1,0
BRDA:1165,65,0,0
BRDA:1165,65,1,0
BRDA:1178,66,0,0
BRDA:1178,66,1,0
BRDA:1196,67,0,0
BRDA:1196,67,1,0
BRDA:1197,68,0,0
BRDA:1197,68,1,0
BRDA:1206,69,0,0
BRDA:1206,69,1,0
BRDA:1224,70,0,0
BRDA:1224,70,1,0
BRDA:1225,71,0,0
BRDA:1225,71,1,0
BRDA:1226,72,0,0
BRDA:1226,72,1,0
BRDA:1227,73,0,0
BRDA:1227,73,1,0
BRDA:1228,74,0,0
BRDA:1228,74,1,0
BRDA:1229,75,0,0
BRDA:1229,75,1,0
BRDA:1230,76,0,0
BRDA:1230,76,1,0
BRDA:1231,77,0,0
BRDA:1231,77,1,0
BRDA:1257,78,0,0
BRDA:1257,78,1,0
BRDA:1275,79,0,0
BRDA:1275,79,1,0
BRDA:1276,80,0,0
BRDA:1276,80,1,0
BRDA:1277,81,0,0
BRDA:1277,81,1,0
BRDA:1278,82,0,0
BRDA:1278,82,1,0
BRDA:1279,83,0,0
BRDA:1279,83,1,0
BRDA:1280,84,0,0
BRDA:1280,84,1,0
BRDA:1281,85,0,0
BRDA:1281,85,1,0
BRDA:1282,86,0,0
BRDA:1282,86,1,0
BRDA:1283,87,0,0
BRDA:1283,87,1,0
BRDA:1284,88,0,0
BRDA:1284,88,1,0
BRDA:1291,89,0,0
BRDA:1291,89,1,0
BRDA:1294,90,0,0
BRDA:1294,90,1,0
BRDA:1295,91,0,0
BRDA:1295,91,1,0
BRDA:1298,92,0,0
BRDA:1298,92,1,0
BRDA:1318,93,0,0
BRDA:1318,93,1,0
BRDA:1336,94,0,0
BRDA:1336,94,1,0
BRDA:1337,95,0,0
BRDA:1337,95,1,0
BRDA:1338,96,0,0
BRDA:1338,96,1,0
BRDA:1339,97,0,0
BRDA:1339,97,1,0
BRDA:1349,98,0,0
BRDA:1349,98,1,0
BRDA:1351,99,0,0
BRDA:1351,99,1,0
BRDA:1394,100,0,0
BRDA:1394,100,1,0
BRDA:1394,101,0,0
BRDA:1394,101,1,0
BRDA:1402,102,0,0
BRDA:1402,102,1,0
BRDA:1404,103,0,0
BRDA:1404,103,1,0
BRDA:1504,104,0,0
BRDA:1504,104,1,0
BRDA:1505,105,0,0
BRDA:1505,105,1,0
BRDA:1544,106,0,0
BRDA:1544,106,1,0
BRDA:1545,107,0,0
BRDA:1545,107,1,0
BRDA:1546,108,0,0
BRDA:1546,108,1,0
BRDA:1547,109,0,0
BRDA:1547,109,1,0
BRDA:1548,110,0,0
BRDA:1548,110,1,0
BRDA:1549,111,0,0
BRDA:1549,111,1,0
BRDA:1549,112,0,0
BRDA:1549,112,1,0
BRDA:1551,113,0,0
BRDA:1551,113,1,0
BRDA:1552,114,0,0
BRDA:1552,114,1,0
BRDA:1585,115,0,0
BRDA:1585,115,1,0
BRDA:1586,116,0,0
BRDA:1586,116,1,0
BRDA:1587,117,0,0
BRDA:1587,117,1,0
BRDA:1588,118,0,0
BRDA:1588,118,1,0
BRDA:1589,119,0,0
BRDA:1589,119,1,0
BRDA:1589,120,0,0
BRDA:1589,120,1,0
BRDA:1591,121,0,0
BRDA:1591,121,1,0
BRDA:1592,122,0,0
BRDA:1592,122,1,0
BRDA:1593,123,0,0
BRDA:1593,123,1,0
BRDA:1594,124,0,0
BRDA:1594,124,1,0
BRDA:1613,125,0,0
BRDA:1613,125,1,0
BRDA:1631,126,0,0
BRDA:1631,126,1,0
BRDA:1632,127,0,0
BRDA:1632,127,1,0
BRDA:1640,128,0,0
BRDA:1640,128,1,0
BRDA:1658,129,0,0
BRDA:1658,129,1,0
BRDA:1659,130,0,0
BRDA:1659,130,1,0
BRDA:1660,131,0,0
BRDA:1660,131,1,0
BRDA:1661,132,0,0
BRDA:1661,132,1,0
BRDA:1662,133,0,0
BRDA:1662,133,1,0
BRDA:1683,134,0,0
BRDA:1683,134,1,0
BRDA:1701,135,0,0
BRDA:1701,135,1,0
BRDA:1702,136,0,0
BRDA:1702,136,1,0
BRDA:1703,137,0,0
BRDA:1703,137,1,0
BRDA:1704,138,0,0
BRDA:1704,138,1,0
BRDA:1705,139,0,0
BRDA:1705,139,1,0
BRDA:1706,140,0,0
BRDA:1706,140,1,0
BRDA:1707,141,0,0
BRDA:1707,141,1,0
BRDA:1723,142,0,0
BRDA:1723,142,1,0
BRDA:1741,143,0,0
BRDA:1741,143,1,0
BRDA:1742,144,0,0
BRDA:1742,144,1,0
BRDA:1743,145,0,0
BRDA:1743,145,1,0
BRDA:1744,146,0,0
BRDA:1744,146,1,0
BRDA:1753,147,0,0
BRDA:1753,147,1,0
BRDA:1755,148,0,0
BRDA:1755,148,1,0
BRDA:1800,149,0,0
BRDA:1800,149,1,0
BRDA:1801,150,0,0
BRDA:1801,150,1,0
BRDA:1802,151,0,0
BRDA:1802,151,1,0
BRDA:1803,152,0,0
BRDA:1803,152,1,0
BRDA:1806,153,0,0
BRDA:1806,153,1,0
BRDA:1837,154,0,0
BRDA:1837,154,1,0
BRDA:1838,155,0,0
BRDA:1838,155,1,0
BRDA:1846,156,0,0
BRDA:1846,156,1,0
BRDA:1876,157,0,0
BRDA:1876,157,1,0
BRDA:1877,158,0,0
BRDA:1877,158,1,0
BRDA:1878,159,0,0
BRDA:1878,159,1,0
BRDA:1879,160,0,0
BRDA:1879,160,1,0
BRDA:1880,161,0,0
BRDA:1880,161,1,0
BRDA:1881,162,0,0
BRDA:1881,162,1,0
BRDA:1884,163,0,0
BRDA:1884,163,1,0
BRDA:1907,164,0,0
BRDA:1907,164,1,0
BRDA:1929,165,0,0
BRDA:1929,165,1,0
BRDA:1930,166,0,0
BRDA:1930,166,1,0
BRDA:1931,167,0,0
BRDA:1931,167,1,0
BRDA:1935,168,0,0
BRDA:1935,168,1,0
BRDA:1939,169,0,0
BRDA:1939,169,1,0
BRDA:1948,170,0,0
BRDA:1948,170,1,0
BRDA:1966,171,0,0
BRDA:1966,171,1,0
BRDA:1967,172,0,0
BRDA:1967,172,1,0
BRDA:1968,173,0,0
BRDA:1968,173,1,0
BRDA:1972,174,0,0
BRDA:1972,174,1,0
BRDA:1981,175,0,0
BRDA:1981,175,1,0
BRDA:1983,176,0,0
BRDA:1983,176,1,0
BRDA:2005,177,0,0
BRDA:2005,177,1,0
BRDA:2012,178,0,0
BRDA:2012,178,1,0
BRDA:2026,179,0,0
BRDA:2026,179,1,0
BRDA:2039,180,0,0
BRDA:2039,180,1,0
BRDA:2075,181,0,0
BRDA:2075,181,1,0
BRDA:2075,182,0,0
BRDA:2075,182,1,0
BRDA:2083,183,0,0
BRDA:2083,183,1,0
BRDA:2085,184,0,0
BRDA:2085,184,1,0
BRDA:2208,185,0,0
BRDA:2208,185,1,0
BRDA:2208,186,0,0
BRDA:2208,186,1,0
BRDA:2221,187,0,0
BRDA:2221,187,1,0
BRDA:2221,188,0,0
BRDA:2221,188,1,0
BRDA:2234,189,0,0
BRDA:2234,189,1,0
BRDA:2234,190,0,0
BRDA:2234,190,1,0
BRDA:2251,191,0,0
BRDA:2251,191,1,0
BRDA:2251,192,0,0
BRDA:2251,192,1,0
BRDA:2264,193,0,0
BRDA:2264,193,1,0
BRDA:2266,194,0,0
BRDA:2266,194,1,0
BRDA:2266,195,0,0
BRDA:2266,195,1,0
BRDA:2279,196,0,0
BRDA:2279,196,1,0
BRDA:2279,197,0,0
BRDA:2279,197,1,0
BRDA:2292,198,0,0
BRDA:2292,198,1,0
BRDA:2292,199,0,0
BRDA:2292,199,1,0
BRDA:2305,200,0,0
BRDA:2305,200,1,0
BRDA:2305,201,0,0
BRDA:2305,201,1,0
BRDA:2318,202,0,0
BRDA:2318,202,1,0
BRDA:2320,203,0,0
BRDA:2320,203,1,0
BRDA:2320,204,0,0
BRDA:2320,204,1,0
BRDA:2352,205,0,0
BRDA:2352,205,1,0
BRDA:2368,206,0,0
BRDA:2368,206,1,0
BRDA:2421,207,0,1
BRDA:2421,207,1,5
BRDA:2421,208,0,6
BRDA:2421,208,1,5
BRDA:2437,209,0,5
BRDA:2437,209,1,0
BRDA:2439,210,0,2
BRDA:2439,210,1,3
BRDA:2440,211,0,5
BRDA:2440,211,1,3
BRDA:2444,212,0,1
BRDA:2444,212,1,1
BRDA:2445,213,0,2
BRDA:2445,213,1,1
BRDA:2445,213,2,1
BRDA:2458,214,0,1
BRDA:2458,214,1,3
BRDA:2465,215,0,3
BRDA:2465,215,1,3
BRDA:2469,216,0,1
BRDA:2469,216,1,2
BRDA:2469,217,0,3
BRDA:2469,217,1,2
BRDA:2522,218,0,0
BRDA:2522,218,1,0
BRDA:2567,219,0,0
BRDA:2567,219,1,0
BRDA:2571,220,0,0
BRDA:2571,220,1,0
BRDA:2586,221,0,0
BRDA:2586,221,1,0
BRDA:2589,222,0,0
BRDA:2589,222,1,0
BRDA:2635,223,0,0
BRDA:2635,223,1,0
BRDA:2636,224,0,0
BRDA:2636,224,1,0
BRDA:2642,225,0,0
BRDA:2642,225,1,0
BRDA:2644,226,0,0
BRDA:2644,226,1,0
BRDA:2650,227,0,0
BRDA:2650,227,1,0
BRDA:2656,228,0,0
BRDA:2656,228,1,0
BRDA:2657,229,0,0
BRDA:2657,229,1,0
BRDA:2657,230,0,0
BRDA:2657,230,1,0
BRDA:2660,231,0,0
BRDA:2660,231,1,0
BRDA:2660,232,0,0
BRDA:2660,232,1,0
BRDA:2667,233,0,0
BRDA:2667,233,1,0
BRDA:2675,234,0,0
BRDA:2675,234,1,0
BRDA:2678,235,0,0
BRDA:2678,235,1,0
BRDA:2681,236,0,0
BRDA:2681,236,1,0
BRDA:2684,237,0,0
BRDA:2684,237,1,0
BRDA:2687,238,0,0
BRDA:2687,238,1,0
BRDA:2688,239,0,0
BRDA:2688,239,1,0
BRDA:2714,240,0,0
BRDA:2714,240,1,0
BRDA:2720,241,0,0
BRDA:2720,241,1,0
BRDA:2726,242,0,0
BRDA:2726,242,1,0
BRDA:2727,243,0,0
BRDA:2727,243,1,0
BRDA:2734,244,0,0
BRDA:2734,244,1,0
BRDA:2735,245,0,0
BRDA:2735,245,1,0
BRDA:2737,246,0,0
BRDA:2737,246,1,0
BRDA:2741,247,0,0
BRDA:2741,247,1,0
BRDA:2744,248,0,0
BRDA:2744,248,1,0
BRDA:2802,249,0,0
BRDA:2802,249,1,0
BRDA:2806,250,0,0
BRDA:2806,250,1,0
BRF:513
BRH:22
end_of_record
TN:
SF:controllers/apartments.js
FN:50,_getFilters
FN:137,(anonymous_1)
FN:190,_buildFilters
FN:222,(anonymous_3)
FN:300,(anonymous_4)
FN:339,(anonymous_5)
FN:344,(anonymous_6)
FN:363,(anonymous_7)
FN:366,(anonymous_8)
FN:378,(anonymous_9)
FN:433,(anonymous_10)
FN:435,(anonymous_11)
FN:442,(anonymous_12)
FN:459,(anonymous_13)
FN:520,(anonymous_14)
FN:520,(anonymous_15)
FN:579,updateApartmentAvailabilityCache
FN:591,(anonymous_17)
FN:603,(anonymous_18)
FN:612,(anonymous_19)
FN:632,(anonymous_20)
FN:664,(anonymous_21)
FN:669,(anonymous_22)
FN:671,(anonymous_23)
FN:676,(anonymous_24)
FN:683,(anonymous_25)
FN:707,(anonymous_26)
FN:748,(anonymous_27)
FN:764,(anonymous_28)
FN:894,(anonymous_29)
FN:908,(anonymous_30)
FN:1079,(anonymous_31)
FN:1085,(anonymous_32)
FN:1087,(anonymous_33)
FN:1088,(anonymous_34)
FN:1095,(anonymous_35)
FN:1104,(anonymous_36)
FN:1115,(anonymous_37)
FN:1123,(anonymous_38)
FN:1132,(anonymous_39)
FN:1151,(anonymous_40)
FN:1188,(anonymous_41)
FNF:42
FNH:4
FNDA:0,_getFilters
FNDA:0,(anonymous_1)
FNDA:0,_buildFilters
FNDA:0,(anonymous_3)
FNDA:0,(anonymous_4)
FNDA:0,(anonymous_5)
FNDA:0,(anonymous_6)
FNDA:0,(anonymous_7)
FNDA:0,(anonymous_8)
FNDA:0,(anonymous_9)
FNDA:0,(anonymous_10)
FNDA:0,(anonymous_11)
FNDA:0,(anonymous_12)
FNDA:0,(anonymous_13)
FNDA:0,(anonymous_14)
FNDA:0,(anonymous_15)
FNDA:0,updateApartmentAvailabilityCache
FNDA:0,(anonymous_17)
FNDA:0,(anonymous_18)
FNDA:0,(anonymous_19)
FNDA:0,(anonymous_20)
FNDA:0,(anonymous_21)
FNDA:0,(anonymous_22)
FNDA:0,(anonymous_23)
FNDA:0,(anonymous_24)
FNDA:0,(anonymous_25)
FNDA:0,(anonymous_26)
FNDA:0,(anonymous_27)
FNDA:0,(anonymous_28)
FNDA:0,(anonymous_29)
FNDA:11,(anonymous_30)
FNDA:0,(anonymous_31)
FNDA:14,(anonymous_32)
FNDA:14,(anonymous_33)
FNDA:40,(anonymous_34)
FNDA:0,(anonymous_35)
FNDA:0,(anonymous_36)
FNDA:0,(anonymous_37)
FNDA:0,(anonymous_38)
FNDA:0,(anonymous_39)
FNDA:0,(anonymous_40)
FNDA:0,(anonymous_41)
DA:1,2
DA:2,2
DA:3,2
DA:4,2
DA:5,2
DA:6,2
DA:7,2
DA:8,2
DA:9,2
DA:10,2
DA:11,2
DA:12,2
DA:13,2
DA:14,2
DA:15,2
DA:22,2
DA:23,2
DA:24,2
DA:25,2
DA:26,2
DA:36,2
DA:37,2
DA:39,2
DA:51,0
DA:52,0
DA:53,0
DA:56,0
DA:57,0
DA:59,0
DA:60,0
DA:64,0
DA:67,0
DA:68,0
DA:70,0
DA:71,0
DA:72,0
DA:73,0
DA:76,0
DA:77,0
DA:80,0
DA:81,0
DA:84,0
DA:88,0
DA:91,0
DA:94,0
DA:95,0
DA:97,0
DA:99,0
DA:100,0
DA:101,0
DA:104,0
DA:107,0
DA:108,0
DA:110,0
DA:111,0
DA:112,0
DA:114,0
DA:115,0
DA:122,0
DA:125,0
DA:126,0
DA:127,0
DA:129,0
DA:132,0
DA:135,0
DA:137,0
DA:138,0
DA:139,0
DA:141,0
DA:145,0
DA:148,0
DA:150,0
DA:153,0
DA:155,0
DA:158,0
DA:160,0
DA:163,0
DA:164,0
DA:165,0
DA:166,0
DA:167,0
DA:170,0
DA:173,0
DA:174,0
DA:175,0
DA:177,0
DA:179,0
DA:181,0
DA:184,0
DA:187,0
DA:191,0
DA:192,0
DA:193,0
DA:194,0
DA:196,0
DA:197,0
DA:200,0
DA:202,0
DA:203,0
DA:204,0
DA:205,0
DA:209,0
DA:210,0
DA:214,0
DA:219,0
DA:222,2
DA:226,0
DA:227,0
DA:228,0
DA:232,0
DA:233,0
DA:234,0
DA:235,0
DA:237,0
DA:240,0
DA:243,0
DA:251,0
DA:254,0
DA:255,0
DA:256,0
DA:257,0
DA:258,0
DA:259,0
DA:260,0
DA:262,0
DA:265,0
DA:266,0
DA:267,0
DA:269,0
DA:270,0
DA:271,0
DA:273,0
DA:274,0
DA:276,0
DA:279,0
DA:280,0
DA:282,0
DA:286,0
DA:287,0
DA:288,0
DA:289,0
DA:290,0
DA:294,0
DA:297,0
DA:300,2
DA:304,0
DA:305,0
DA:306,0
DA:307,0
DA:308,0
DA:309,0
DA:313,0
DA:314,0
DA:315,0
DA:316,0
DA:319,0
DA:320,0
DA:322,0
DA:324,0
DA:325,0
DA:328,0
DA:339,0
DA:340,0
DA:344,0
DA:345,0
DA:346,0
DA:347,0
DA:349,0
DA:351,0
DA:354,0
DA:355,0
DA:356,0
DA:360,0
DA:361,0
DA:362,0
DA:363,0
DA:365,0
DA:366,0
DA:367,0
DA:376,0
DA:377,0
DA:378,0
DA:382,0
DA:383,0
DA:385,0
DA:386,0
DA:387,0
DA:391,0
DA:394,0
DA:397,0
DA:399,0
DA:400,0
DA:401,0
DA:402,0
DA:404,0
DA:406,0
DA:411,0
DA:415,0
DA:416,0
DA:421,0
DA:422,0
DA:423,0
DA:426,0
DA:429,0
DA:433,2
DA:434,0
DA:435,0
DA:439,0
DA:442,2
DA:443,0
DA:445,0
DA:446,0
DA:447,0
DA:448,0
DA:449,0
DA:450,0
DA:452,0
DA:453,0
DA:456,0
DA:459,2
DA:460,0
DA:463,0
DA:464,0
DA:468,0
DA:469,0
DA:470,0
DA:474,0
DA:481,0
DA:482,0
DA:483,0
DA:484,0
DA:485,0
DA:486,0
DA:495,0
DA:499,0
DA:500,0
DA:501,0
DA:502,0
DA:503,0
DA:504,0
DA:505,0
DA:508,0
DA:510,0
DA:517,0
DA:518,0
DA:520,0
DA:522,0
DA:525,0
DA:526,0
DA:528,0
DA:530,0
DA:531,0
DA:532,0
DA:536,0
DA:538,0
DA:541,0
DA:548,0
DA:550,0
DA:556,0
DA:558,0
DA:559,0
DA:560,0
DA:564,0
DA:566,0
DA:569,0
DA:580,0
DA:581,0
DA:582,0
DA:583,0
DA:584,0
DA:586,0
DA:588,0
DA:591,2
DA:593,0
DA:595,0
DA:596,0
DA:598,0
DA:599,0
DA:600,0
DA:602,0
DA:603,0
DA:605,0
DA:609,0
DA:612,2
DA:613,0
DA:614,0
DA:615,0
DA:616,0
DA:617,0
DA:619,0
DA:620,0
DA:632,2
DA:633,0
DA:634,0
DA:636,0
DA:637,0
DA:638,0
DA:640,0
DA:642,0
DA:643,0
DA:644,0
DA:650,0
DA:651,0
DA:652,0
DA:657,0
DA:658,0
DA:661,0
DA:664,2
DA:665,0
DA:667,0
DA:668,0
DA:669,0
DA:671,0
DA:672,0
DA:676,0
DA:677,0
DA:680,0
DA:683,2
DA:684,0
DA:685,0
DA:686,0
DA:687,0
DA:693,0
DA:694,0
DA:696,0
DA:697,0
DA:700,0
DA:701,0
DA:703,0
DA:704,0
DA:707,2
DA:708,0
DA:712,0
DA:714,0
DA:719,0
DA:720,0
DA:722,0
DA:723,0
DA:726,0
DA:727,0
DA:728,0
DA:729,0
DA:730,0
DA:732,0
DA:733,0
DA:735,0
DA:737,0
DA:739,0
DA:742,0
DA:743,0
DA:745,0
DA:748,2
DA:749,0
DA:752,0
DA:755,0
DA:756,0
DA:759,0
DA:760,0
DA:761,0
DA:764,2
DA:777,0
DA:781,0
DA:786,0
DA:788,0
DA:789,0
DA:790,0
DA:795,0
DA:805,0
DA:806,0
DA:807,0
DA:808,0
DA:809,0
DA:810,0
DA:813,0
DA:814,0
DA:818,0
DA:819,0
DA:823,0
DA:824,0
DA:827,0
DA:828,0
DA:830,0
DA:831,0
DA:832,0
DA:843,0
DA:875,0
DA:876,0
DA:878,0
DA:879,0
DA:883,0
DA:884,0
DA:885,0
DA:888,0
DA:890,0
DA:891,0
DA:894,2
DA:895,0
DA:897,0
DA:903,0
DA:905,0
DA:908,2
DA:931,11
DA:933,11
DA:937,11
DA:942,11
DA:943,0
DA:945,0
DA:950,0
DA:951,0
DA:956,0
DA:963,11
DA:964,11
DA:966,10
DA:967,10
DA:970,9
DA:971,1
DA:975,8
DA:976,8
DA:978,1
DA:979,1
DA:982,7
DA:983,7
DA:985,7
DA:987,7
DA:990,7
DA:991,7
DA:993,7
DA:1001,7
DA:1002,7
DA:1003,0
DA:1004,0
DA:1005,0
DA:1007,0
DA:1012,7
DA:1052,7
DA:1054,7
DA:1057,7
DA:1058,0
DA:1068,7
DA:1069,7
DA:1070,7
DA:1073,7
DA:1075,7
DA:1076,7
DA:1079,2
DA:1080,0
DA:1081,0
DA:1082,0
DA:1085,2
DA:1086,14
DA:1087,14
DA:1088,14
DA:1089,40
DA:1092,14
DA:1095,2
DA:1096,0
DA:1104,2
DA:1105,0
DA:1107,0
DA:1109,0
DA:1115,0
DA:1116,0
DA:1118,0
DA:1120,0
DA:1123,2
DA:1124,0
DA:1126,0
DA:1127,0
DA:1129,0
DA:1132,2
DA:1133,0
DA:1144,0
DA:1146,0
DA:1151,2
DA:1152,0
DA:1154,0
DA:1156,0
DA:1158,0
DA:1159,0
DA:1161,0
DA:1162,0
DA:1164,0
DA:1165,0
DA:1167,0
DA:1168,0
DA:1170,0
DA:1171,0
DA:1173,0
DA:1174,0
DA:1176,0
DA:1177,0
DA:1179,0
DA:1180,0
DA:1182,0
DA:1185,0
DA:1188,2
DA:1189,0
DA:1190,0
DA:1193,2
LF:499
LH:85
BRDA:53,0,0,0
BRDA:53,0,1,0
BRDA:53,0,2,0
BRDA:53,0,3,0
BRDA:53,0,4,0
BRDA:53,0,5,0
BRDA:53,0,6,0
BRDA:53,0,7,0
BRDA:53,0,8,0
BRDA:53,0,9,0
BRDA:53,0,10,0
BRDA:56,1,0,0
BRDA:56,1,1,0
BRDA:67,2,0,0
BRDA:67,2,1,0
BRDA:72,3,0,0
BRDA:72,3,1,0
BRDA:76,4,0,0
BRDA:76,4,1,0
BRDA:80,5,0,0
BRDA:80,5,1,0
BRDA:94,6,0,0
BRDA:94,6,1,0
BRDA:100,7,0,0
BRDA:100,7,1,0
BRDA:107,8,0,0
BRDA:107,8,1,0
BRDA:111,9,0,0
BRDA:111,9,1,0
BRDA:126,10,0,0
BRDA:126,10,1,0
BRDA:138,11,0,0
BRDA:138,11,1,0
BRDA:164,12,0,0
BRDA:164,12,1,0
BRDA:166,13,0,0
BRDA:166,13,1,0
BRDA:174,14,0,0
BRDA:174,14,1,0
BRDA:177,15,0,0
BRDA:177,15,1,0
BRDA:196,16,0,0
BRDA:196,16,1,0
BRDA:202,17,0,0
BRDA:202,17,1,0
BRDA:202,18,0,0
BRDA:202,18,1,0
BRDA:204,19,0,0
BRDA:204,19,1,0
BRDA:209,20,0,0
BRDA:209,20,1,0
BRDA:209,21,0,0
BRDA:209,21,1,0
BRDA:232,22,0,0
BRDA:232,22,1,0
BRDA:234,23,0,0
BRDA:234,23,1,0
BRDA:251,24,0,0
BRDA:251,24,1,0
BRDA:255,25,0,0
BRDA:255,25,1,0
BRDA:266,26,0,0
BRDA:266,26,1,0
BRDA:266,27,0,0
BRDA:266,27,1,0
BRDA:266,27,2,0
BRDA:269,28,0,0
BRDA:269,28,1,0
BRDA:269,29,0,0
BRDA:269,29,1,0
BRDA:270,30,0,0
BRDA:270,30,1,0
BRDA:287,31,0,0
BRDA:287,31,1,0
BRDA:289,32,0,0
BRDA:289,32,1,0
BRDA:306,33,0,0
BRDA:306,33,1,0
BRDA:308,34,0,0
BRDA:308,34,1,0
BRDA:314,35,0,0
BRDA:314,35,1,0
BRDA:314,36,0,0
BRDA:314,36,1,0
BRDA:319,37,0,0
BRDA:319,37,1,0
BRDA:322,38,0,0
BRDA:322,38,1,0
BRDA:340,39,0,0
BRDA:340,39,1,0
BRDA:345,40,0,0
BRDA:345,40,1,0
BRDA:355,41,0,0
BRDA:355,41,1,0
BRDA:376,42,0,0
BRDA:376,42,1,0
BRDA:382,43,0,0
BRDA:382,43,1,0
BRDA:382,44,0,0
BRDA:382,44,1,0
BRDA:387,45,0,0
BRDA:387,45,1,0
BRDA:388,46,0,0
BRDA:388,46,1,0
BRDA:397,47,0,0
BRDA:397,47,1,0
BRDA:400,48,0,0
BRDA:400,48,1,0
BRDA:400,49,0,0
BRDA:400,49,1,0
BRDA:400,49,2,0
BRDA:404,50,0,0
BRDA:404,50,1,0
BRDA:415,51,0,0
BRDA:415,51,1,0
BRDA:422,52,0,0
BRDA:422,52,1,0
BRDA:445,53,0,0
BRDA:445,53,1,0
BRDA:448,54,0,0
BRDA:448,54,1,0
BRDA:463,55,0,0
BRDA:463,55,1,0
BRDA:469,56,0,0
BRDA:469,56,1,0
BRDA:482,57,0,0
BRDA:482,57,1,0
BRDA:484,58,0,0
BRDA:484,58,1,0
BRDA:500,59,0,0
BRDA:500,59,1,0
BRDA:502,60,0,0
BRDA:502,60,1,0
BRDA:503,61,0,0
BRDA:503,61,1,0
BRDA:508,62,0,0
BRDA:508,62,1,0
BRDA:508,63,0,0
BRDA:508,63,1,0
BRDA:517,64,0,0
BRDA:517,64,1,0
BRDA:526,65,0,0
BRDA:526,65,1,0
BRDA:530,66,0,0
BRDA:530,66,1,0
BRDA:531,67,0,0
BRDA:531,67,1,0
BRDA:548,68,0,0
BRDA:548,68,1,0
BRDA:558,69,0,0
BRDA:558,69,1,0
BRDA:559,70,0,0
BRDA:559,70,1,0
BRDA:581,71,0,0
BRDA:581,71,1,0
BRDA:583,72,0,0
BRDA:583,72,1,0
BRDA:599,73,0,0
BRDA:599,73,1,0
BRDA:599,74,0,0
BRDA:599,74,1,0
BRDA:599,74,2,0
BRDA:615,75,0,0
BRDA:615,75,1,0
BRDA:615,76,0,0
BRDA:615,76,1,0
BRDA:616,77,0,0
BRDA:616,77,1,0
BRDA:616,78,0,0
BRDA:616,78,1,0
BRDA:637,79,0,0
BRDA:637,79,1,0
BRDA:640,80,0,0
BRDA:640,80,1,0
BRDA:642,81,0,0
BRDA:642,81,1,0
BRDA:650,82,0,0
BRDA:650,82,1,0
BRDA:658,83,0,0
BRDA:658,83,1,0
BRDA:671,84,0,0
BRDA:671,84,1,0
BRDA:690,85,0,0
BRDA:690,85,1,0
BRDA:694,86,0,0
BRDA:694,86,1,0
BRDA:696,87,0,0
BRDA:696,87,1,0
BRDA:712,88,0,0
BRDA:712,88,1,0
BRDA:719,89,0,0
BRDA:719,89,1,0
BRDA:719,90,0,0
BRDA:719,90,1,0
BRDA:719,90,2,0
BRDA:722,91,0,0
BRDA:722,91,1,0
BRDA:730,92,0,0
BRDA:730,92,1,0
BRDA:732,93,0,0
BRDA:732,93,1,0
BRDA:732,94,0,0
BRDA:732,94,1,0
BRDA:732,94,2,0
BRDA:752,95,0,0
BRDA:752,95,1,0
BRDA:755,96,0,0
BRDA:755,96,1,0
BRDA:786,97,0,0
BRDA:786,97,1,0
BRDA:790,98,0,0
BRDA:790,98,1,0
BRDA:791,99,0,0
BRDA:791,99,1,0
BRDA:791,99,2,0
BRDA:808,100,0,0
BRDA:808,100,1,0
BRDA:818,101,0,0
BRDA:818,101,1,0
BRDA:827,102,0,0
BRDA:827,102,1,0
BRDA:831,103,0,0
BRDA:831,103,1,0
BRDA:903,104,0,0
BRDA:903,104,1,0
BRDA:942,105,0,0
BRDA:942,105,1,11
BRDA:945,106,0,0
BRDA:945,106,1,0
BRDA:946,107,0,0
BRDA:946,107,1,0
BRDA:951,108,0,0
BRDA:951,108,1,0
BRDA:952,109,0,0
BRDA:952,109,1,0
BRDA:952,109,2,0
BRDA:964,110,0,1
BRDA:964,110,1,10
BRDA:967,111,0,1
BRDA:967,111,1,9
BRDA:970,112,0,1
BRDA:970,112,1,8
BRDA:985,113,0,7
BRDA:985,113,1,0
BRDA:987,114,0,7
BRDA:987,114,1,0
BRDA:1002,115,0,0
BRDA:1002,115,1,7
BRDA:1057,116,0,0
BRDA:1057,116,1,7
BRDA:1057,117,0,7
BRDA:1057,117,1,7
BRDA:1081,118,0,0
BRDA:1081,118,1,0
BRDA:1089,119,0,13
BRDA:1089,119,1,27
BRDA:1107,120,0,0
BRDA:1107,120,1,0
BRDA:1126,121,0,0
BRDA:1126,121,1,0
BRDA:1126,122,0,0
BRDA:1126,122,1,0
BRDA:1156,123,0,0
BRDA:1156,123,1,0
BRDA:1156,124,0,0
BRDA:1156,124,1,0
BRDA:1159,125,0,0
BRDA:1159,125,1,0
BRDA:1159,126,0,0
BRDA:1159,126,1,0
BRDA:1162,127,0,0
BRDA:1162,127,1,0
BRDA:1162,128,0,0
BRDA:1162,128,1,0
BRDA:1165,129,0,0
BRDA:1165,129,1,0
BRDA:1165,130,0,0
BRDA:1165,130,1,0
BRDA:1168,131,0,0
BRDA:1168,131,1,0
BRDA:1168,132,0,0
BRDA:1168,132,1,0
BRDA:1171,133,0,0
BRDA:1171,133,1,0
BRDA:1171,134,0,0
BRDA:1171,134,1,0
BRDA:1174,135,0,0
BRDA:1174,135,1,0
BRDA:1174,136,0,0
BRDA:1174,136,1,0
BRDA:1177,137,0,0
BRDA:1177,137,1,0
BRDA:1177,138,0,0
BRDA:1177,138,1,0
BRDA:1180,139,0,0
BRDA:1180,139,1,0
BRF:296
BRH:15
end_of_record
TN:
SF:controllers/auth.js
FN:12,(anonymous_0)
FN:20,deleteAllExpiredTokens
FN:28,generateRandomStr
FN:43,isTokenValid
FN:63,renewToken
FN:75,(anonymous_5)
FN:92,(anonymous_6)
FN:103,(anonymous_7)
FN:121,(anonymous_8)
FN:148,(anonymous_9)
FN:163,(anonymous_10)
FNF:11
FNH:7
FNDA:0,(anonymous_0)
FNDA:0,deleteAllExpiredTokens
FNDA:20,generateRandomStr
FNDA:17,isTokenValid
FNDA:17,renewToken
FNDA:13,(anonymous_5)
FNDA:7,(anonymous_6)
FNDA:0,(anonymous_7)
FNDA:12,(anonymous_8)
FNDA:7,(anonymous_9)
FNDA:0,(anonymous_10)
DA:1,2
DA:2,2
DA:4,2
DA:5,2
DA:12,2
DA:13,0
DA:21,0
DA:29,20
DA:30,20
DA:31,20
DA:32,640
DA:34,20
DA:44,17
DA:45,17
DA:46,0
DA:48,17
DA:49,0
DA:51,17
DA:52,0
DA:53,0
DA:55,17
DA:57,2
DA:64,17
DA:65,17
DA:66,17
DA:75,2
DA:76,13
DA:77,13
DA:83,13
DA:84,13
DA:92,2
DA:93,7
DA:99,7
DA:100,7
DA:103,2
DA:104,0
DA:110,0
DA:111,0
DA:121,2
DA:122,12
DA:123,12
DA:124,1
DA:126,11
DA:127,11
DA:128,0
DA:130,11
DA:132,11
DA:133,11
DA:134,11
DA:135,11
DA:136,11
DA:138,11
DA:148,2
DA:149,7
DA:151,7
DA:152,1
DA:154,6
DA:155,6
DA:156,0
DA:158,6
DA:159,6
DA:160,6
DA:163,2
DA:164,0
DA:166,0
DA:167,0
DA:169,0
DA:170,0
DA:171,0
DA:173,0
DA:174,0
DA:177,2
LF:72
LH:53
BRDA:45,0,0,0
BRDA:45,0,1,17
BRDA:48,1,0,0
BRDA:48,1,1,17
BRDA:51,2,0,0
BRDA:51,2,1,17
BRDA:64,3,0,17
BRDA:64,3,1,0
BRDA:123,4,0,1
BRDA:123,4,1,11
BRDA:127,5,0,0
BRDA:127,5,1,11
BRDA:135,6,0,11
BRDA:135,6,1,0
BRDA:151,7,0,1
BRDA:151,7,1,6
BRDA:155,8,0,0
BRDA:155,8,1,6
BRDA:166,9,0,0
BRDA:166,9,1,0
BRDA:170,10,0,0
BRDA:170,10,1,0
BRF:22
BRH:11
end_of_record
TN:
SF:controllers/common.js
FN:10,(anonymous_0)
FN:80,(anonymous_1)
FN:85,(anonymous_2)
FN:89,(anonymous_3)
FNF:4
FNH:0
FNDA:0,(anonymous_0)
FNDA:0,(anonymous_1)
FNDA:0,(anonymous_2)
FNDA:0,(anonymous_3)
DA:1,2
DA:2,2
DA:4,2
DA:5,2
DA:6,2
DA:7,2
DA:8,2
DA:10,2
DA:11,0
DA:12,0
DA:15,0
DA:27,0
DA:30,0
DA:31,0
DA:33,0
DA:34,0
DA:35,0
DA:36,0
DA:38,0
DA:39,0
DA:42,0
DA:43,0
DA:44,0
DA:49,0
DA:50,0
DA:51,0
DA:54,0
DA:55,0
DA:56,0
DA:59,0
DA:60,0
DA:61,0
DA:64,0
DA:65,0
DA:66,0
DA:71,0
DA:73,0
DA:74,0
DA:77,0
DA:80,2
DA:81,0
DA:82,0
DA:85,2
DA:86,0
DA:89,2
DA:90,0
DA:91,0
DA:92,0
DA:93,0
DA:95,0
LF:50
LH:11
BRDA:11,0,0,0
BRDA:11,0,1,0
BRDA:15,1,0,0
BRDA:15,1,1,0
BRDA:16,2,0,0
BRDA:16,2,1,0
BRDA:35,3,0,0
BRDA:35,3,1,0
BRDA:38,4,0,0
BRDA:38,4,1,0
BRDA:40,5,0,0
BRDA:40,5,1,0
BRDA:43,6,0,0
BRDA:43,6,1,0
BRDA:45,7,0,0
BRDA:45,7,1,0
BRDA:50,8,0,0
BRDA:50,8,1,0
BRDA:52,9,0,0
BRDA:52,9,1,0
BRDA:55,10,0,0
BRDA:55,10,1,0
BRDA:57,11,0,0
BRDA:57,11,1,0
BRDA:60,12,0,0
BRDA:60,12,1,0
BRDA:62,13,0,0
BRDA:62,13,1,0
BRDA:65,14,0,0
BRDA:65,14,1,0
BRDA:67,15,0,0
BRDA:67,15,1,0
BRDA:73,16,0,0
BRDA:73,16,1,0
BRDA:92,17,0,0
BRDA:92,17,1,0
BRF:36
BRH:0
end_of_record
TN:
SF:controllers/feedback.js
FN:13,(anonymous_0)
FN:28,(anonymous_1)
FN:38,(anonymous_2)
FN:51,(anonymous_3)
FN:67,(anonymous_4)
FN:111,(anonymous_5)
FN:129,(anonymous_6)
FN:132,(anonymous_7)
FNF:8
FNH:0
FNDA:0,(anonymous_0)
FNDA:0,(anonymous_1)
FNDA:0,(anonymous_2)
FNDA:0,(anonymous_3)
FNDA:0,(anonymous_4)
FNDA:0,(anonymous_5)
FNDA:0,(anonymous_6)
FNDA:0,(anonymous_7)
DA:1,2
DA:2,2
DA:3,2
DA:4,2
DA:5,2
DA:13,2
DA:14,0
DA:16,0
DA:18,0
DA:20,0
DA:26,0
DA:28,0
DA:29,0
DA:38,2
DA:40,0
DA:41,0
DA:43,0
DA:51,0
DA:52,0
DA:58,0
DA:67,2
DA:68,0
DA:69,0
DA:72,0
DA:73,0
DA:76,0
DA:86,0
DA:89,0
DA:92,0
DA:95,0
DA:97,0
DA:111,2
DA:112,0
DA:113,0
DA:114,0
DA:115,0
DA:116,0
DA:117,0
DA:118,0
DA:119,0
DA:120,0
DA:121,0
DA:123,0
DA:129,0
DA:132,0
DA:133,0
DA:134,0
DA:135,0
DA:150,0
DA:157,2
LF:50
LH:10
BRDA:14,0,0,0
BRDA:14,0,1,0
BRDA:18,1,0,0
BRDA:18,1,1,0
BRDA:26,2,0,0
BRDA:26,2,1,0
BRDA:28,3,0,0
BRDA:28,3,1,0
BRDA:41,4,0,0
BRDA:41,4,1,0
BRDA:68,5,0,0
BRDA:68,5,1,0
BRDA:69,6,0,0
BRDA:69,6,1,0
BRDA:73,7,0,0
BRDA:73,7,1,0
BRDA:86,8,0,0
BRDA:86,8,1,0
BRDA:89,9,0,0
BRDA:89,9,1,0
BRDA:92,10,0,0
BRDA:92,10,1,0
BRDA:95,11,0,0
BRDA:95,11,1,0
BRDA:112,12,0,0
BRDA:112,12,1,0
BRDA:113,13,0,0
BRDA:113,13,1,0
BRDA:114,14,0,0
BRDA:114,14,1,0
BRDA:115,15,0,0
BRDA:115,15,1,0
BRDA:116,16,0,0
BRDA:116,16,1,0
BRDA:117,17,0,0
BRDA:117,17,1,0
BRDA:118,18,0,0
BRDA:118,18,1,0
BRDA:119,19,0,0
BRDA:119,19,1,0
BRDA:120,20,0,0
BRDA:120,20,1,0
BRDA:121,21,0,0
BRDA:121,21,1,0
BRDA:133,22,0,0
BRDA:133,22,1,0
BRF:46
BRH:0
end_of_record
TN:
SF:controllers/matching.js
FN:16,(anonymous_0)
FN:28,(anonymous_1)
FN:59,(anonymous_2)
FN:89,(anonymous_3)
FN:119,(anonymous_4)
FN:133,(anonymous_5)
FN:168,(anonymous_6)
FN:183,(anonymous_7)
FN:184,(anonymous_8)
FN:186,(anonymous_9)
FN:222,(anonymous_10)
FN:222,(anonymous_11)
FN:223,(anonymous_12)
FN:229,(anonymous_13)
FN:238,(anonymous_14)
FN:239,(anonymous_15)
FN:241,(anonymous_16)
FN:247,(anonymous_17)
FN:266,(anonymous_18)
FN:266,(anonymous_19)
FN:267,(anonymous_20)
FN:279,getDetailedMatching
FN:305,applyApartmentsMatchingLevels
FN:334,applyRentRequestsHostMatchingLevels
FN:350,getTenantRentRequestDetailedMatching
FN:387,saveMatchHistory
FN:406,calculateIdealRenterScore
FN:489,(anonymous_27)
FNF:28
FNH:0
FNDA:0,(anonymous_0)
FNDA:0,(anonymous_1)
FNDA:0,(anonymous_2)
FNDA:0,(anonymous_3)
FNDA:0,(anonymous_4)
FNDA:0,(anonymous_5)
FNDA:0,(anonymous_6)
FNDA:0,(anonymous_7)
FNDA:0,(anonymous_8)
FNDA:0,(anonymous_9)
FNDA:0,(anonymous_10)
FNDA:0,(anonymous_11)
FNDA:0,(anonymous_12)
FNDA:0,(anonymous_13)
FNDA:0,(anonymous_14)
FNDA:0,(anonymous_15)
FNDA:0,(anonymous_16)
FNDA:0,(anonymous_17)
FNDA:0,(anonymous_18)
FNDA:0,(anonymous_19)
FNDA:0,(anonymous_20)
FNDA:0,getDetailedMatching
FNDA:0,applyApartmentsMatchingLevels
FNDA:0,applyRentRequestsHostMatchingLevels
FNDA:0,getTenantRentRequestDetailedMatching
FNDA:0,saveMatchHistory
FNDA:0,calculateIdealRenterScore
FNDA:0,(anonymous_27)
DA:1,4
DA:2,4
DA:3,4
DA:4,4
DA:5,4
DA:6,4
DA:7,4
DA:8,4
DA:11,0
DA:12,0
DA:13,0
DA:14,0
DA:17,0
DA:21,0
DA:22,0
DA:24,0
DA:29,0
DA:30,0
DA:31,0
DA:32,0
DA:36,0
DA:37,0
DA:43,0
DA:50,0
DA:60,0
DA:61,0
DA:62,0
DA:66,0
DA:67,0
DA:73,0
DA:80,0
DA:90,0
DA:91,0
DA:92,0
DA:96,0
DA:97,0
DA:103,0
DA:110,0
DA:120,0
DA:121,0
DA:123,0
DA:127,0
DA:128,0
DA:130,0
DA:134,0
DA:135,0
DA:136,0
DA:138,0
DA:139,0
DA:140,0
DA:142,0
DA:144,0
DA:145,0
DA:147,0
DA:149,0
DA:150,0
DA:151,0
DA:152,0
DA:153,0
DA:154,0
DA:155,0
DA:156,0
DA:157,0
DA:158,0
DA:159,0
DA:160,0
DA:161,0
DA:162,0
DA:163,0
DA:169,0
DA:170,0
DA:171,0
DA:172,0
DA:173,0
DA:174,0
DA:175,0
DA:176,0
DA:178,0
DA:180,0
DA:181,0
DA:182,0
DA:183,0
DA:184,0
DA:185,0
DA:186,0
DA:190,0
DA:191,0
DA:192,0
DA:193,0
DA:195,0
DA:197,0
DA:198,0
DA:199,0
DA:201,0
DA:203,0
DA:206,0
DA:208,0
DA:209,0
DA:210,0
DA:212,0
DA:214,0
DA:217,0
DA:218,0
DA:219,0
DA:220,0
DA:222,0
DA:223,0
DA:226,0
DA:230,0
DA:231,0
DA:232,0
DA:233,0
DA:234,0
DA:235,0
DA:236,0
DA:237,0
DA:238,0
DA:239,0
DA:240,0
DA:241,0
DA:244,0
DA:248,0
DA:249,0
DA:260,0
DA:261,0
DA:262,0
DA:266,0
DA:267,0
DA:271,0
DA:280,0
DA:281,0
DA:282,0
DA:283,0
DA:287,0
DA:294,0
DA:295,0
DA:297,0
DA:298,0
DA:306,0
DA:307,0
DA:308,0
DA:309,0
DA:310,0
DA:314,0
DA:321,0
DA:323,0
DA:326,0
DA:327,0
DA:335,0
DA:336,0
DA:337,0
DA:338,0
DA:339,0
DA:340,0
DA:342,0
DA:343,0
DA:351,0
DA:352,0
DA:353,0
DA:354,0
DA:355,0
DA:356,0
DA:360,0
DA:380,0
DA:381,0
DA:383,0
DA:384,0
DA:388,0
DA:389,0
DA:390,0
DA:407,0
DA:408,0
DA:409,0
DA:410,0
DA:411,0
DA:412,0
DA:413,0
DA:416,0
DA:417,0
DA:418,0
DA:420,0
DA:421,0
DA:422,0
DA:423,0
DA:424,0
DA:425,0
DA:428,0
DA:429,0
DA:436,0
DA:441,0
DA:442,0
DA:443,0
DA:444,0
DA:445,0
DA:446,0
DA:447,0
DA:448,0
DA:449,0
DA:450,0
DA:451,0
DA:457,0
DA:462,0
DA:463,0
DA:464,0
DA:465,0
DA:466,0
DA:467,0
DA:468,0
DA:469,0
DA:474,0
DA:489,4
DA:490,0
DA:491,0
DA:492,0
DA:495,0
DA:499,4
LF:216
LH:10
BRDA:21,0,0,0
BRDA:21,0,1,0
BRDA:29,1,0,0
BRDA:29,1,1,0
BRDA:29,2,0,0
BRDA:29,2,1,0
BRDA:30,3,0,0
BRDA:30,3,1,0
BRDA:31,4,0,0
BRDA:31,4,1,0
BRDA:36,5,0,0
BRDA:36,5,1,0
BRDA:60,6,0,0
BRDA:60,6,1,0
BRDA:60,7,0,0
BRDA:60,7,1,0
BRDA:61,8,0,0
BRDA:61,8,1,0
BRDA:66,9,0,0
BRDA:66,9,1,0
BRDA:90,10,0,0
BRDA:90,10,1,0
BRDA:90,11,0,0
BRDA:90,11,1,0
BRDA:91,12,0,0
BRDA:91,12,1,0
BRDA:96,13,0,0
BRDA:96,13,1,0
BRDA:120,14,0,0
BRDA:120,14,1,0
BRDA:121,15,0,0
BRDA:121,15,1,0
BRDA:136,16,0,0
BRDA:136,16,1,0
BRDA:144,17,0,0
BRDA:144,17,1,0
BRDA:147,18,0,0
BRDA:147,18,1,0
BRDA:147,19,0,0
BRDA:147,19,1,0
BRDA:147,19,2,0
BRDA:152,20,0,0
BRDA:152,20,1,0
BRDA:156,21,0,0
BRDA:156,21,1,0
BRDA:160,22,0,0
BRDA:160,22,1,0
BRDA:178,23,0,0
BRDA:178,23,1,0
BRDA:180,24,0,0
BRDA:180,24,1,0
BRDA:192,25,0,0
BRDA:192,25,1,0
BRDA:199,26,0,0
BRDA:199,26,1,0
BRDA:201,27,0,0
BRDA:201,27,1,0
BRDA:210,28,0,0
BRDA:210,28,1,0
BRDA:212,29,0,0
BRDA:212,29,1,0
BRDA:217,30,0,0
BRDA:217,30,1,0
BRDA:217,31,0,0
BRDA:217,31,1,0
BRDA:219,32,0,0
BRDA:219,32,1,0
BRDA:235,33,0,0
BRDA:235,33,1,0
BRDA:260,34,0,0
BRDA:260,34,1,0
BRDA:339,35,0,0
BRDA:339,35,1,0
BRDA:354,36,0,0
BRDA:354,36,1,0
BRDA:389,37,0,0
BRDA:389,37,1,0
BRDA:407,38,0,0
BRDA:407,38,1,0
BRDA:407,39,0,0
BRDA:407,39,1,0
BRDA:408,40,0,0
BRDA:408,40,1,0
BRDA:408,41,0,0
BRDA:408,41,1,0
BRDA:413,42,0,0
BRDA:413,42,1,0
BRDA:413,43,0,0
BRDA:413,43,1,0
BRDA:413,43,2,0
BRDA:413,43,3,0
BRDA:417,44,0,0
BRDA:417,44,1,0
BRDA:417,45,0,0
BRDA:417,45,1,0
BRDA:421,46,0,0
BRDA:421,46,1,0
BRDA:421,47,0,0
BRDA:421,47,1,0
BRDA:424,48,0,0
BRDA:424,48,1,0
BRDA:424,49,0,0
BRDA:424,49,1,0
BRDA:424,49,2,0
BRDA:428,50,0,0
BRDA:428,50,1,0
BRDA:428,51,0,0
BRDA:428,51,1,0
BRDA:436,52,0,0
BRDA:436,52,1,0
BRDA:437,53,0,0
BRDA:437,53,1,0
BRDA:437,53,2,0
BRDA:442,54,0,0
BRDA:442,54,1,0
BRDA:442,55,0,0
BRDA:442,55,1,0
BRDA:444,56,0,0
BRDA:444,56,1,0
BRDA:444,57,0,0
BRDA:444,57,1,0
BRDA:446,58,0,0
BRDA:446,58,1,0
BRDA:446,59,0,0
BRDA:446,59,1,0
BRDA:448,60,0,0
BRDA:448,60,1,0
BRDA:448,61,0,0
BRDA:448,61,1,0
BRDA:450,62,0,0
BRDA:450,62,1,0
BRDA:450,63,0,0
BRDA:450,63,1,0
BRDA:457,64,0,0
BRDA:457,64,1,0
BRDA:458,65,0,0
BRDA:458,65,1,0
BRDA:458,65,2,0
BRDA:464,66,0,0
BRDA:464,66,1,0
BRDA:464,67,0,0
BRDA:464,67,1,0
BRDA:466,68,0,0
BRDA:466,68,1,0
BRDA:466,69,0,0
BRDA:466,69,1,0
BRDA:468,70,0,0
BRDA:468,70,1,0
BRDA:468,71,0,0
BRDA:468,71,1,0
BRF:150
BRH:0
end_of_record
TN:
SF:controllers/payments.js
FN:8,(anonymous_0)
FNF:1
FNH:0
FNDA:0,(anonymous_0)
DA:1,2
DA:2,2
DA:3,2
DA:4,2
DA:5,2
DA:6,2
DA:8,2
DA:10,0
DA:11,0
DA:12,0
DA:14,0
DA:15,0
DA:18,0
DA:20,0
DA:21,0
DA:26,0
DA:29,0
DA:30,0
DA:31,0
DA:33,0
DA:34,0
DA:35,0
DA:40,0
DA:43,0
DA:46,2
LF:25
LH:8
BRDA:20,0,0,0
BRDA:20,0,1,0
BRF:2
BRH:0
end_of_record
TN:
SF:controllers/rent-requests.js
FN:36,(anonymous_0)
FN:42,(anonymous_1)
FN:54,(anonymous_2)
FN:84,(anonymous_3)
FN:111,(anonymous_4)
FN:153,(anonymous_5)
FN:175,(anonymous_6)
FN:216,(anonymous_7)
FN:228,(anonymous_8)
FN:270,(anonymous_9)
FN:282,(anonymous_10)
FN:300,(anonymous_11)
FN:308,(anonymous_12)
FN:335,(anonymous_13)
FN:346,getUserPhotoLink
FN:369,(anonymous_15)
FN:390,(anonymous_16)
FN:406,(anonymous_17)
FN:429,(anonymous_18)
FN:465,(anonymous_19)
FN:497,(anonymous_20)
FN:521,(anonymous_21)
FN:546,(anonymous_22)
FN:580,(anonymous_23)
FN:673,(anonymous_24)
FN:715,(anonymous_25)
FN:731,(anonymous_26)
FN:747,(anonymous_27)
FN:762,(anonymous_28)
FN:772,(anonymous_29)
FN:798,(anonymous_30)
FN:829,(anonymous_31)
FN:839,(anonymous_32)
FN:847,(anonymous_33)
FN:856,(anonymous_34)
FN:946,(anonymous_35)
FN:990,(anonymous_36)
FN:998,(anonymous_37)
FN:1002,(anonymous_38)
FN:1015,(anonymous_39)
FN:1052,(anonymous_40)
FN:1069,(anonymous_41)
FN:1073,(anonymous_42)
FN:1083,(anonymous_43)
FN:1101,(anonymous_44)
FN:1121,(anonymous_45)
FN:1122,(anonymous_46)
FN:1206,(anonymous_47)
FN:1223,(anonymous_48)
FN:1238,(anonymous_49)
FN:1250,(anonymous_50)
FN:1261,(anonymous_51)
FN:1278,(anonymous_52)
FNF:53
FNH:0
FNDA:0,(anonymous_0)
FNDA:0,(anonymous_1)
FNDA:0,(anonymous_2)
FNDA:0,(anonymous_3)
FNDA:0,(anonymous_4)
FNDA:0,(anonymous_5)
FNDA:0,(anonymous_6)
FNDA:0,(anonymous_7)
FNDA:0,(anonymous_8)
FNDA:0,(anonymous_9)
FNDA:0,(anonymous_10)
FNDA:0,(anonymous_11)
FNDA:0,(anonymous_12)
FNDA:0,(anonymous_13)
FNDA:0,getUserPhotoLink
FNDA:0,(anonymous_15)
FNDA:0,(anonymous_16)
FNDA:0,(anonymous_17)
FNDA:0,(anonymous_18)
FNDA:0,(anonymous_19)
FNDA:0,(anonymous_20)
FNDA:0,(anonymous_21)
FNDA:0,(anonymous_22)
FNDA:0,(anonymous_23)
FNDA:0,(anonymous_24)
FNDA:0,(anonymous_25)
FNDA:0,(anonymous_26)
FNDA:0,(anonymous_27)
FNDA:0,(anonymous_28)
FNDA:0,(anonymous_29)
FNDA:0,(anonymous_30)
FNDA:0,(anonymous_31)
FNDA:0,(anonymous_32)
FNDA:0,(anonymous_33)
FNDA:0,(anonymous_34)
FNDA:0,(anonymous_35)
FNDA:0,(anonymous_36)
FNDA:0,(anonymous_37)
FNDA:0,(anonymous_38)
FNDA:0,(anonymous_39)
FNDA:0,(anonymous_40)
FNDA:0,(anonymous_41)
FNDA:0,(anonymous_42)
FNDA:0,(anonymous_43)
FNDA:0,(anonymous_44)
FNDA:0,(anonymous_45)
FNDA:0,(anonymous_46)
FNDA:0,(anonymous_47)
FNDA:0,(anonymous_48)
FNDA:0,(anonymous_49)
FNDA:0,(anonymous_50)
FNDA:0,(anonymous_51)
FNDA:0,(anonymous_52)
DA:1,2
DA:2,2
DA:3,2
DA:4,2
DA:5,2
DA:6,2
DA:7,2
DA:8,2
DA:14,2
DA:15,2
DA:16,2
DA:17,2
DA:18,2
DA:28,2
DA:29,2
DA:30,2
DA:31,2
DA:32,2
DA:33,2
DA:34,2
DA:36,2
DA:37,0
DA:38,0
DA:39,0
DA:42,2
DA:43,0
DA:49,0
DA:50,0
DA:51,0
DA:54,2
DA:65,0
DA:66,0
DA:67,0
DA:68,0
DA:69,0
DA:70,0
DA:71,0
DA:72,0
DA:73,0
DA:74,0
DA:75,0
DA:76,0
DA:77,0
DA:78,0
DA:79,0
DA:80,0
DA:81,0
DA:84,2
DA:86,0
DA:111,0
DA:112,0
DA:115,0
DA:117,0
DA:119,0
DA:120,0
DA:121,0
DA:124,0
DA:125,0
DA:130,0
DA:138,0
DA:141,0
DA:144,0
DA:145,0
DA:146,0
DA:150,0
DA:153,2
DA:155,0
DA:167,0
DA:169,0
DA:170,0
DA:173,0
DA:175,2
DA:177,0
DA:206,0
DA:209,0
DA:210,0
DA:211,0
DA:216,0
DA:217,0
DA:222,0
DA:225,0
DA:228,2
DA:230,0
DA:261,0
DA:262,0
DA:263,0
DA:264,0
DA:265,0
DA:270,0
DA:271,0
DA:276,0
DA:279,0
DA:282,2
DA:284,0
DA:289,0
DA:294,0
DA:300,2
DA:301,0
DA:302,0
DA:308,0
DA:309,0
DA:314,0
DA:315,0
DA:316,0
DA:317,0
DA:318,0
DA:323,0
DA:325,0
DA:326,0
DA:327,0
DA:328,0
DA:332,0
DA:335,2
DA:336,0
DA:337,0
DA:338,0
DA:339,0
DA:341,0
DA:351,0
DA:352,0
DA:353,0
DA:355,0
DA:356,0
DA:357,0
DA:361,0
DA:363,0
DA:365,0
DA:369,2
DA:370,0
DA:371,0
DA:374,0
DA:379,0
DA:380,0
DA:381,0
DA:382,0
DA:383,0
DA:384,0
DA:385,0
DA:386,0
DA:387,0
DA:390,2
DA:391,0
DA:392,0
DA:395,0
DA:397,0
DA:398,0
DA:399,0
DA:400,0
DA:401,0
DA:402,0
DA:403,0
DA:406,2
DA:407,0
DA:408,0
DA:409,0
DA:410,0
DA:415,0
DA:416,0
DA:417,0
DA:418,0
DA:419,0
DA:420,0
DA:421,0
DA:422,0
DA:423,0
DA:424,0
DA:425,0
DA:426,0
DA:429,2
DA:430,0
DA:431,0
DA:432,0
DA:434,0
DA:443,0
DA:445,0
DA:446,0
DA:447,0
DA:450,0
DA:451,0
DA:454,0
DA:458,0
DA:459,0
DA:462,0
DA:465,2
DA:466,0
DA:467,0
DA:468,0
DA:470,0
DA:479,0
DA:481,0
DA:486,0
DA:491,0
DA:492,0
DA:493,0
DA:494,0
DA:497,2
DA:498,0
DA:499,0
DA:501,0
DA:510,0
DA:512,0
DA:517,0
DA:518,0
DA:521,2
DA:522,0
DA:524,0
DA:543,0
DA:546,2
DA:547,0
DA:548,0
DA:556,0
DA:557,0
DA:560,0
DA:561,0
DA:562,0
DA:565,0
DA:566,0
DA:567,0
DA:568,0
DA:569,0
DA:570,0
DA:571,0
DA:572,0
DA:573,0
DA:574,0
DA:575,0
DA:576,0
DA:577,0
DA:580,2
DA:581,0
DA:584,0
DA:585,0
DA:586,0
DA:587,0
DA:594,0
DA:604,0
DA:605,0
DA:609,0
DA:610,0
DA:611,0
DA:614,0
DA:615,0
DA:620,0
DA:621,0
DA:622,0
DA:623,0
DA:624,0
DA:628,0
DA:629,0
DA:630,0
DA:635,0
DA:636,0
DA:637,0
DA:643,0
DA:644,0
DA:649,0
DA:650,0
DA:651,0
DA:652,0
DA:653,0
DA:657,0
DA:658,0
DA:659,0
DA:664,0
DA:665,0
DA:666,0
DA:673,2
DA:674,0
DA:682,0
DA:684,0
DA:685,0
DA:686,0
DA:691,0
DA:692,0
DA:693,0
DA:695,0
DA:697,0
DA:698,0
DA:699,0
DA:704,0
DA:705,0
DA:706,0
DA:708,0
DA:711,0
DA:715,2
DA:716,0
DA:719,0
DA:720,0
DA:721,0
DA:728,0
DA:731,2
DA:732,0
DA:735,0
DA:736,0
DA:737,0
DA:744,0
DA:747,2
DA:748,0
DA:749,0
DA:750,0
DA:757,0
DA:758,0
DA:759,0
DA:762,2
DA:763,0
DA:764,0
DA:765,0
DA:766,0
DA:767,0
DA:768,0
DA:769,0
DA:772,2
DA:773,0
DA:774,0
DA:776,0
DA:777,0
DA:779,0
DA:780,0
DA:783,0
DA:784,0
DA:786,0
DA:795,0
DA:798,2
DA:799,0
DA:805,0
DA:812,0
DA:819,0
DA:820,0
DA:822,0
DA:823,0
DA:825,0
DA:826,0
DA:829,2
DA:830,0
DA:831,0
DA:832,0
DA:833,0
DA:834,0
DA:835,0
DA:836,0
DA:839,2
DA:840,0
DA:841,0
DA:842,0
DA:843,0
DA:844,0
DA:847,2
DA:848,0
DA:849,0
DA:850,0
DA:851,0
DA:852,0
DA:853,0
DA:856,2
DA:858,0
DA:859,0
DA:862,0
DA:868,0
DA:869,0
DA:871,0
DA:872,0
DA:877,0
DA:879,0
DA:880,0
DA:883,0
DA:884,0
DA:885,0
DA:886,0
DA:887,0
DA:890,0
DA:892,0
DA:896,0
DA:897,0
DA:899,0
DA:900,0
DA:901,0
DA:902,0
DA:904,0
DA:906,0
DA:907,0
DA:909,0
DA:910,0
DA:916,0
DA:917,0
DA:922,0
DA:926,0
DA:927,0
DA:931,0
DA:934,0
DA:936,0
DA:937,0
DA:939,0
DA:942,0
DA:943,0
DA:946,2
DA:948,0
DA:949,0
DA:952,0
DA:958,0
DA:959,0
DA:962,0
DA:964,0
DA:965,0
DA:968,0
DA:969,0
DA:970,0
DA:971,0
DA:972,0
DA:974,0
DA:976,0
DA:977,0
DA:979,0
DA:980,0
DA:985,0
DA:986,0
DA:987,0
DA:990,2
DA:991,0
DA:992,0
DA:994,0
DA:998,2
DA:999,0
DA:1002,2
DA:1004,0
DA:1005,0
DA:1006,0
DA:1007,0
DA:1008,0
DA:1014,0
DA:1015,0
DA:1017,0
DA:1052,2
DA:1053,0
DA:1054,0
DA:1056,0
DA:1057,0
DA:1059,0
DA:1060,0
DA:1062,0
DA:1063,0
DA:1065,0
DA:1069,2
DA:1070,0
DA:1073,2
DA:1074,0
DA:1075,0
DA:1076,0
DA:1077,0
DA:1079,0
DA:1083,2
DA:1084,0
DA:1100,0
DA:1102,0
DA:1103,0
DA:1106,0
DA:1107,0
DA:1108,0
DA:1110,0
DA:1112,0
DA:1114,0
DA:1119,0
DA:1121,0
DA:1123,0
DA:1124,0
DA:1125,0
DA:1126,0
DA:1129,0
DA:1134,0
DA:1135,0
DA:1139,0
DA:1142,0
DA:1144,0
DA:1145,0
DA:1147,0
DA:1149,0
DA:1150,0
DA:1152,0
DA:1153,0
DA:1154,0
DA:1159,0
DA:1160,0
DA:1164,0
DA:1170,0
DA:1171,0
DA:1172,0
DA:1173,0
DA:1179,0
DA:1180,0
DA:1188,0
DA:1192,0
DA:1197,0
DA:1199,0
DA:1203,0
DA:1206,2
DA:1207,0
DA:1220,0
DA:1223,2
DA:1224,0
DA:1233,0
DA:1235,0
DA:1238,2
DA:1239,0
DA:1247,0
DA:1250,2
DA:1251,0
DA:1252,0
DA:1258,0
DA:1261,2
DA:1262,0
DA:1263,0
DA:1264,0
DA:1265,0
DA:1275,0
DA:1278,2
DA:1279,0
DA:1280,0
DA:1281,0
DA:1282,0
DA:1292,0
DA:1295,2
LF:520
LH:65
BRDA:49,0,0,0
BRDA:49,0,1,0
BRDA:115,1,0,0
BRDA:115,1,1,0
BRDA:117,2,0,0
BRDA:117,2,1,0
BRDA:119,3,0,0
BRDA:119,3,1,0
BRDA:120,4,0,0
BRDA:120,4,1,0
BRDA:124,5,0,0
BRDA:124,5,1,0
BRDA:124,6,0,0
BRDA:124,6,1,0
BRDA:145,7,0,0
BRDA:145,7,1,0
BRDA:145,8,0,0
BRDA:145,8,1,0
BRDA:169,9,0,0
BRDA:169,9,1,0
BRDA:210,10,0,0
BRDA:210,10,1,0
BRDA:210,11,0,0
BRDA:210,11,1,0
BRDA:295,12,0,0
BRDA:295,12,1,0
BRDA:296,13,0,0
BRDA:296,13,1,0
BRDA:314,14,0,0
BRDA:314,14,1,0
BRDA:314,15,0,0
BRDA:314,15,1,0
BRDA:337,16,0,0
BRDA:337,16,1,0
BRDA:338,17,0,0
BRDA:338,17,1,0
BRDA:351,18,0,0
BRDA:351,18,1,0
BRDA:352,19,0,0
BRDA:352,19,1,0
BRDA:356,20,0,0
BRDA:356,20,1,0
BRDA:357,21,0,0
BRDA:357,21,1,0
BRDA:358,22,0,0
BRDA:358,22,1,0
BRDA:370,23,0,0
BRDA:370,23,1,0
BRDA:370,24,0,0
BRDA:370,24,1,0
BRDA:374,25,0,0
BRDA:374,25,1,0
BRDA:374,26,0,0
BRDA:374,26,1,0
BRDA:376,27,0,0
BRDA:376,27,1,0
BRDA:391,28,0,0
BRDA:391,28,1,0
BRDA:391,29,0,0
BRDA:391,29,1,0
BRDA:395,30,0,0
BRDA:395,30,1,0
BRDA:395,31,0,0
BRDA:395,31,1,0
BRDA:395,32,0,0
BRDA:395,32,1,0
BRDA:410,33,0,0
BRDA:410,33,1,0
BRDA:450,34,0,0
BRDA:450,34,1,0
BRDA:450,35,0,0
BRDA:450,35,1,0
BRDA:454,36,0,0
BRDA:454,36,1,0
BRDA:455,37,0,0
BRDA:455,37,1,0
BRDA:455,37,2,0
BRDA:528,38,0,0
BRDA:528,38,1,0
BRDA:556,39,0,0
BRDA:556,39,1,0
BRDA:561,40,0,0
BRDA:561,40,1,0
BRDA:585,41,0,0
BRDA:585,41,1,0
BRDA:614,42,0,0
BRDA:614,42,1,0
BRDA:620,43,0,0
BRDA:620,43,1,0
BRDA:620,44,0,0
BRDA:620,44,1,0
BRDA:628,45,0,0
BRDA:628,45,1,0
BRDA:643,46,0,0
BRDA:643,46,1,0
BRDA:649,47,0,0
BRDA:649,47,1,0
BRDA:649,48,0,0
BRDA:649,48,1,0
BRDA:657,49,0,0
BRDA:657,49,1,0
BRDA:682,50,0,0
BRDA:682,50,1,0
BRDA:684,51,0,0
BRDA:684,51,1,0
BRDA:697,52,0,0
BRDA:697,52,1,0
BRDA:717,53,0,0
BRDA:717,53,1,0
BRDA:719,54,0,0
BRDA:719,54,1,0
BRDA:724,55,0,0
BRDA:724,55,1,0
BRDA:733,56,0,0
BRDA:733,56,1,0
BRDA:735,57,0,0
BRDA:735,57,1,0
BRDA:740,58,0,0
BRDA:740,58,1,0
BRDA:753,59,0,0
BRDA:753,59,1,0
BRDA:774,60,0,0
BRDA:774,60,1,0
BRDA:776,61,0,0
BRDA:776,61,1,0
BRDA:779,62,0,0
BRDA:779,62,1,0
BRDA:790,63,0,0
BRDA:790,63,1,0
BRDA:802,64,0,0
BRDA:802,64,1,0
BRDA:809,65,0,0
BRDA:809,65,1,0
BRDA:816,66,0,0
BRDA:816,66,1,0
BRDA:858,67,0,0
BRDA:858,67,1,0
BRDA:858,68,0,0
BRDA:858,68,1,0
BRDA:868,69,0,0
BRDA:868,69,1,0
BRDA:871,70,0,0
BRDA:871,70,1,0
BRDA:879,71,0,0
BRDA:879,71,1,0
BRDA:884,72,0,0
BRDA:884,72,1,0
BRDA:892,73,0,0
BRDA:892,73,1,0
BRDA:909,74,0,0
BRDA:909,74,1,0
BRDA:948,75,0,0
BRDA:948,75,1,0
BRDA:948,76,0,0
BRDA:948,76,1,0
BRDA:958,77,0,0
BRDA:958,77,1,0
BRDA:964,78,0,0
BRDA:964,78,1,0
BRDA:964,79,0,0
BRDA:964,79,1,0
BRDA:964,79,2,0
BRDA:969,80,0,0
BRDA:969,80,1,0
BRDA:991,81,0,0
BRDA:991,81,1,0
BRDA:992,82,0,0
BRDA:992,82,1,0
BRDA:999,83,0,0
BRDA:999,83,1,0
BRDA:1002,84,0,0
BRDA:1002,85,0,0
BRDA:1007,86,0,0
BRDA:1007,86,1,0
BRDA:1019,87,0,0
BRDA:1019,87,1,0
BRDA:1019,87,2,0
BRDA:1021,88,0,0
BRDA:1021,88,1,0
BRDA:1021,89,0,0
BRDA:1021,89,1,0
BRDA:1027,90,0,0
BRDA:1027,90,1,0
BRDA:1031,91,0,0
BRDA:1031,91,1,0
BRDA:1035,92,0,0
BRDA:1035,92,1,0
BRDA:1053,93,0,0
BRDA:1053,93,1,0
BRDA:1056,94,0,0
BRDA:1056,94,1,0
BRDA:1057,95,0,0
BRDA:1057,95,1,0
BRDA:1059,96,0,0
BRDA:1059,96,1,0
BRDA:1060,97,0,0
BRDA:1060,97,1,0
BRDA:1062,98,0,0
BRDA:1062,98,1,0
BRDA:1063,99,0,0
BRDA:1063,99,1,0
BRDA:1102,100,0,0
BRDA:1102,100,1,0
BRDA:1102,101,0,0
BRDA:1102,101,1,0
BRDA:1107,102,0,0
BRDA:1107,102,1,0
BRDA:1123,103,0,0
BRDA:1123,103,1,0
BRDA:1124,104,0,0
BRDA:1124,104,1,0
BRDA:1124,105,0,0
BRDA:1124,105,1,0
BRDA:1125,106,0,0
BRDA:1125,106,1,0
BRDA:1149,107,0,0
BRDA:1149,107,1,0
BRDA:1159,108,0,0
BRDA:1159,108,1,0
BRDA:1170,109,0,0
BRDA:1170,109,1,0
BRDA:1263,110,0,0
BRDA:1263,110,1,0
BRF:223
BRH:0
end_of_record
TN:
SF:controllers/users.js
FN:53,_buildFilters
FN:82,sendWelcomeEmail
FN:101,sendVerificationCodeEmail
FN:118,_saveUser
FN:133,_updateUserReferences
FN:157,(anonymous_5)
FN:168,(anonymous_6)
FN:176,(anonymous_7)
FN:198,(anonymous_8)
FN:207,(anonymous_9)
FN:216,(anonymous_10)
FN:229,(anonymous_11)
FN:276,(anonymous_12)
FN:294,(anonymous_13)
FN:313,(anonymous_14)
FN:377,(anonymous_15)
FN:425,(anonymous_16)
FN:462,(anonymous_17)
FN:490,generateEmailConfirmToken
FN:530,(anonymous_19)
FN:563,(anonymous_20)
FN:619,(anonymous_21)
FN:652,(anonymous_22)
FN:712,(anonymous_23)
FN:802,(anonymous_24)
FN:815,(anonymous_25)
FN:860,(anonymous_26)
FN:892,(anonymous_27)
FN:905,(anonymous_28)
FN:919,(anonymous_29)
FN:938,(anonymous_30)
FN:967,(anonymous_31)
FN:983,(anonymous_32)
FN:994,(anonymous_33)
FN:998,(anonymous_34)
FN:1008,(anonymous_35)
FN:1073,(anonymous_36)
FN:1086,(anonymous_37)
FN:1114,(anonymous_38)
FN:1128,(anonymous_39)
FNF:40
FNH:0
FNDA:0,_buildFilters
FNDA:0,sendWelcomeEmail
FNDA:0,sendVerificationCodeEmail
FNDA:0,_saveUser
FNDA:0,_updateUserReferences
FNDA:0,(anonymous_5)
FNDA:0,(anonymous_6)
FNDA:0,(anonymous_7)
FNDA:0,(anonymous_8)
FNDA:0,(anonymous_9)
FNDA:0,(anonymous_10)
FNDA:0,(anonymous_11)
FNDA:0,(anonymous_12)
FNDA:0,(anonymous_13)
FNDA:0,(anonymous_14)
FNDA:0,(anonymous_15)
FNDA:0,(anonymous_16)
FNDA:0,(anonymous_17)
FNDA:0,generateEmailConfirmToken
FNDA:0,(anonymous_19)
FNDA:0,(anonymous_20)
FNDA:0,(anonymous_21)
FNDA:0,(anonymous_22)
FNDA:0,(anonymous_23)
FNDA:0,(anonymous_24)
FNDA:0,(anonymous_25)
FNDA:0,(anonymous_26)
FNDA:0,(anonymous_27)
FNDA:0,(anonymous_28)
FNDA:0,(anonymous_29)
FNDA:0,(anonymous_30)
FNDA:0,(anonymous_31)
FNDA:0,(anonymous_32)
FNDA:0,(anonymous_33)
FNDA:0,(anonymous_34)
FNDA:0,(anonymous_35)
FNDA:0,(anonymous_36)
FNDA:0,(anonymous_37)
FNDA:0,(anonymous_38)
FNDA:0,(anonymous_39)
DA:1,2
DA:2,2
DA:3,2
DA:4,2
DA:5,2
DA:6,2
DA:7,2
DA:8,2
DA:9,2
DA:10,2
DA:11,2
DA:12,2
DA:13,2
DA:14,2
DA:15,2
DA:16,2
DA:17,2
DA:18,2
DA:19,2
DA:20,2
DA:21,2
DA:22,2
DA:23,2
DA:24,2
DA:26,2
DA:39,2
DA:54,0
DA:56,0
DA:57,0
DA:58,0
DA:59,0
DA:62,0
DA:63,0
DA:66,0
DA:67,0
DA:69,0
DA:71,0
DA:72,0
DA:73,0
DA:76,0
DA:79,0
DA:83,0
DA:85,0
DA:86,0
DA:88,0
DA:90,0
DA:98,0
DA:102,0
DA:103,0
DA:105,0
DA:107,0
DA:115,0
DA:119,0
DA:120,0
DA:121,0
DA:124,0
DA:125,0
DA:128,0
DA:129,0
DA:134,0
DA:142,0
DA:146,0
DA:157,2
DA:162,0
DA:163,0
DA:166,0
DA:169,0
DA:172,0
DA:174,0
DA:175,0
DA:176,0
DA:177,0
DA:178,0
DA:183,0
DA:187,0
DA:188,0
DA:189,0
DA:191,0
DA:192,0
DA:195,0
DA:198,2
DA:199,0
DA:204,0
DA:207,2
DA:208,0
DA:213,0
DA:216,2
DA:217,0
DA:220,0
DA:221,0
DA:222,0
DA:225,0
DA:226,0
DA:229,2
DA:230,0
DA:232,0
DA:233,0
DA:236,0
DA:237,0
DA:240,0
DA:243,0
DA:244,0
DA:246,0
DA:250,0
DA:256,0
DA:258,0
DA:259,0
DA:261,0
DA:262,0
DA:263,0
DA:264,0
DA:265,0
DA:266,0
DA:267,0
DA:268,0
DA:271,0
DA:273,0
DA:276,2
DA:277,0
DA:279,0
DA:281,0
DA:283,0
DA:284,0
DA:285,0
DA:286,0
DA:287,0
DA:288,0
DA:291,0
DA:294,2
DA:295,0
DA:300,0
DA:301,0
DA:302,0
DA:306,0
DA:307,0
DA:310,0
DA:313,2
DA:314,0
DA:316,0
DA:317,0
DA:320,0
DA:321,0
DA:323,0
DA:324,0
DA:327,0
DA:328,0
DA:333,0
DA:334,0
DA:341,0
DA:342,0
DA:343,0
DA:344,0
DA:347,0
DA:349,0
DA:350,0
DA:354,0
DA:355,0
DA:357,0
DA:358,0
DA:359,0
DA:361,0
DA:363,0
DA:369,0
DA:370,0
DA:371,0
DA:373,0
DA:377,2
DA:378,0
DA:380,0
DA:381,0
DA:384,0
DA:385,0
DA:387,0
DA:388,0
DA:391,0
DA:392,0
DA:393,0
DA:395,0
DA:416,0
DA:417,0
DA:418,0
DA:420,0
DA:422,0
DA:425,2
DA:426,0
DA:428,0
DA:429,0
DA:432,0
DA:433,0
DA:435,0
DA:436,0
DA:440,0
DA:441,0
DA:444,0
DA:445,0
DA:449,0
DA:450,0
DA:453,0
DA:454,0
DA:455,0
DA:456,0
DA:457,0
DA:459,0
DA:462,2
DA:463,0
DA:465,0
DA:466,0
DA:468,0
DA:469,0
DA:471,0
DA:472,0
DA:476,0
DA:478,0
DA:480,0
DA:481,0
DA:483,0
DA:484,0
DA:485,0
DA:487,0
DA:491,0
DA:492,0
DA:493,0
DA:494,0
DA:495,0
DA:499,0
DA:501,0
DA:504,0
DA:527,0
DA:530,2
DA:531,0
DA:533,0
DA:534,0
DA:538,0
DA:539,0
DA:541,0
DA:542,0
DA:545,0
DA:546,0
DA:547,0
DA:550,0
DA:551,0
DA:552,0
DA:553,0
DA:554,0
DA:556,0
DA:557,0
DA:560,0
DA:563,2
DA:564,0
DA:566,0
DA:568,0
DA:569,0
DA:571,0
DA:572,0
DA:574,0
DA:575,0
DA:576,0
DA:577,0
DA:579,0
DA:580,0
DA:581,0
DA:583,0
DA:584,0
DA:589,0
DA:591,0
DA:592,0
DA:593,0
DA:594,0
DA:597,0
DA:598,0
DA:603,0
DA:606,0
DA:609,0
DA:610,0
DA:615,0
DA:619,2
DA:620,0
DA:621,0
DA:622,0
DA:623,0
DA:626,0
DA:629,0
DA:631,0
DA:632,0
DA:637,0
DA:640,0
DA:652,2
DA:653,0
DA:654,0
DA:656,0
DA:658,0
DA:659,0
DA:661,0
DA:663,0
DA:665,0
DA:666,0
DA:670,0
DA:671,0
DA:672,0
DA:673,0
DA:674,0
DA:678,0
DA:679,0
DA:682,0
DA:688,0
DA:690,0
DA:692,0
DA:693,0
DA:694,0
DA:695,0
DA:697,0
DA:699,0
DA:700,0
DA:703,0
DA:704,0
DA:705,0
DA:712,2
DA:714,0
DA:715,0
DA:716,0
DA:717,0
DA:718,0
DA:719,0
DA:720,0
DA:721,0
DA:722,0
DA:723,0
DA:724,0
DA:725,0
DA:726,0
DA:727,0
DA:729,0
DA:733,0
DA:734,0
DA:738,0
DA:739,0
DA:740,0
DA:741,0
DA:743,0
DA:746,0
DA:747,0
DA:748,0
DA:749,0
DA:751,0
DA:756,0
DA:760,0
DA:761,0
DA:770,0
DA:771,0
DA:772,0
DA:773,0
DA:774,0
DA:775,0
DA:776,0
DA:777,0
DA:779,0
DA:780,0
DA:783,0
DA:784,0
DA:785,0
DA:787,0
DA:788,0
DA:789,0
DA:790,0
DA:791,0
DA:793,0
DA:799,0
DA:802,2
DA:803,0
DA:807,0
DA:809,0
DA:810,0
DA:812,0
DA:815,2
DA:816,0
DA:820,0
DA:822,0
DA:823,0
DA:825,0
DA:827,0
DA:828,0
DA:831,0
DA:838,0
DA:840,0
DA:841,0
DA:845,0
DA:853,0
DA:854,0
DA:856,0
DA:860,2
DA:861,0
DA:865,0
DA:867,0
DA:869,0
DA:871,0
DA:872,0
DA:873,0
DA:875,0
DA:880,0
DA:882,0
DA:884,0
DA:887,0
DA:892,2
DA:893,0
DA:897,0
DA:899,0
DA:905,2
DA:906,0
DA:907,0
DA:908,0
DA:911,0
DA:912,0
DA:913,0
DA:915,0
DA:919,2
DA:921,0
DA:925,0
DA:927,0
DA:928,0
DA:933,0
DA:938,2
DA:940,0
DA:941,0
DA:944,0
DA:948,0
DA:949,0
DA:952,0
DA:953,0
DA:954,0
DA:955,0
DA:959,0
DA:960,0
DA:967,0
DA:968,0
DA:969,0
DA:970,0
DA:972,0
DA:974,0
DA:977,0
DA:979,0
DA:983,2
DA:984,0
DA:985,0
DA:988,0
DA:992,0
DA:994,0
DA:995,0
DA:998,0
DA:999,0
DA:1000,0
DA:1001,0
DA:1002,0
DA:1003,0
DA:1004,0
DA:1005,0
DA:1008,0
DA:1009,0
DA:1010,0
DA:1011,0
DA:1015,0
DA:1030,0
DA:1032,0
DA:1033,0
DA:1034,0
DA:1035,0
DA:1036,0
DA:1046,0
DA:1047,0
DA:1048,0
DA:1049,0
DA:1050,0
DA:1054,0
DA:1055,0
DA:1059,0
DA:1061,0
DA:1068,0
DA:1070,0
DA:1073,2
DA:1074,0
DA:1075,0
DA:1076,0
DA:1078,0
DA:1079,0
DA:1080,0
DA:1082,0
DA:1086,2
DA:1087,0
DA:1088,0
DA:1089,0
DA:1092,0
DA:1093,0
DA:1094,0
DA:1097,0
DA:1104,0
DA:1106,0
DA:1107,0
DA:1108,0
DA:1110,0
DA:1114,2
DA:1115,0
DA:1116,0
DA:1118,0
DA:1127,0
DA:1128,0
DA:1130,0
DA:1131,0
DA:1134,0
LF:507
LH:53
BRDA:56,0,0,0
BRDA:56,0,1,0
BRDA:56,1,0,0
BRDA:56,1,1,0
BRDA:58,2,0,0
BRDA:58,2,1,0
BRDA:58,3,0,0
BRDA:58,3,1,0
BRDA:62,4,0,0
BRDA:62,4,1,0
BRDA:66,5,0,0
BRDA:66,5,1,0
BRDA:71,6,0,0
BRDA:71,6,1,0
BRDA:72,7,0,0
BRDA:72,7,1,0
BRDA:85,8,0,0
BRDA:85,8,1,0
BRDA:93,9,0,0
BRDA:93,9,1,0
BRDA:118,10,0,0
BRDA:128,11,0,0
BRDA:128,11,1,0
BRDA:138,12,0,0
BRDA:138,12,1,0
BRDA:151,13,0,0
BRDA:151,13,1,0
BRDA:162,14,0,0
BRDA:162,14,1,0
BRDA:162,15,0,0
BRDA:162,15,1,0
BRDA:172,16,0,0
BRDA:172,16,1,0
BRDA:174,17,0,0
BRDA:174,17,1,0
BRDA:177,18,0,0
BRDA:177,18,1,0
BRDA:177,19,0,0
BRDA:177,19,1,0
BRDA:187,20,0,0
BRDA:187,20,1,0
BRDA:221,21,0,0
BRDA:221,21,1,0
BRDA:230,22,0,0
BRDA:230,22,1,0
BRDA:232,23,0,0
BRDA:232,23,1,0
BRDA:232,24,0,0
BRDA:232,24,1,0
BRDA:236,25,0,0
BRDA:236,25,1,0
BRDA:240,26,0,0
BRDA:240,26,1,0
BRDA:250,27,0,0
BRDA:250,27,1,0
BRDA:251,28,0,0
BRDA:251,28,1,0
BRDA:251,28,2,0
BRDA:251,28,3,0
BRDA:259,29,0,0
BRDA:259,29,1,0
BRDA:279,30,0,0
BRDA:279,30,1,0
BRDA:283,31,0,0
BRDA:283,31,1,0
BRDA:301,32,0,0
BRDA:301,32,1,0
BRDA:301,33,0,0
BRDA:301,33,1,0
BRDA:306,34,0,0
BRDA:306,34,1,0
BRDA:306,35,0,0
BRDA:306,35,1,0
BRDA:306,35,2,0
BRDA:316,36,0,0
BRDA:316,36,1,0
BRDA:316,37,0,0
BRDA:316,37,1,0
BRDA:316,37,2,0
BRDA:323,38,0,0
BRDA:323,38,1,0
BRDA:327,39,0,0
BRDA:327,39,1,0
BRDA:327,40,0,0
BRDA:327,40,1,0
BRDA:333,41,0,0
BRDA:333,41,1,0
BRDA:333,42,0,0
BRDA:333,42,1,0
BRDA:341,43,0,0
BRDA:341,43,1,0
BRDA:342,44,0,0
BRDA:342,44,1,0
BRDA:343,45,0,0
BRDA:343,45,1,0
BRDA:347,46,0,0
BRDA:347,46,1,0
BRDA:349,47,0,0
BRDA:349,47,1,0
BRDA:355,48,0,0
BRDA:355,48,1,0
BRDA:380,49,0,0
BRDA:380,49,1,0
BRDA:387,50,0,0
BRDA:387,50,1,0
BRDA:428,51,0,0
BRDA:428,51,1,0
BRDA:428,52,0,0
BRDA:428,52,1,0
BRDA:428,52,2,0
BRDA:435,53,0,0
BRDA:435,53,1,0
BRDA:440,54,0,0
BRDA:440,54,1,0
BRDA:440,55,0,0
BRDA:440,55,1,0
BRDA:444,56,0,0
BRDA:444,56,1,0
BRDA:465,57,0,0
BRDA:465,57,1,0
BRDA:465,58,0,0
BRDA:465,58,1,0
BRDA:465,58,2,0
BRDA:471,59,0,0
BRDA:471,59,1,0
BRDA:471,60,0,0
BRDA:471,60,1,0
BRDA:471,60,2,0
BRDA:478,61,0,0
BRDA:478,61,1,0
BRDA:533,62,0,0
BRDA:533,62,1,0
BRDA:533,63,0,0
BRDA:533,63,1,0
BRDA:541,64,0,0
BRDA:541,64,1,0
BRDA:541,65,0,0
BRDA:541,65,1,0
BRDA:541,65,2,0
BRDA:545,66,0,0
BRDA:545,66,1,0
BRDA:556,67,0,0
BRDA:556,67,1,0
BRDA:571,68,0,0
BRDA:571,68,1,0
BRDA:571,69,0,0
BRDA:571,69,1,0
BRDA:572,70,0,0
BRDA:572,70,1,0
BRDA:574,71,0,0
BRDA:574,71,1,0
BRDA:580,72,0,0
BRDA:580,72,1,0
BRDA:589,73,0,0
BRDA:589,73,1,0
BRDA:591,74,0,0
BRDA:591,74,1,0
BRDA:592,75,0,0
BRDA:592,75,1,0
BRDA:620,76,0,0
BRDA:620,76,1,0
BRDA:622,77,0,0
BRDA:622,77,1,0
BRDA:622,78,0,0
BRDA:622,78,1,0
BRDA:629,79,0,0
BRDA:629,79,1,0
BRDA:631,80,0,0
BRDA:631,80,1,0
BRDA:635,81,0,0
BRDA:635,81,1,0
BRDA:645,82,0,0
BRDA:645,82,1,0
BRDA:648,83,0,0
BRDA:648,83,1,0
BRDA:658,84,0,0
BRDA:658,84,1,0
BRDA:665,85,0,0
BRDA:665,85,1,0
BRDA:670,86,0,0
BRDA:670,86,1,0
BRDA:678,87,0,0
BRDA:678,87,1,0
BRDA:685,88,0,0
BRDA:685,88,1,0
BRDA:690,89,0,0
BRDA:690,89,1,0
BRDA:693,90,0,0
BRDA:693,90,1,0
BRDA:699,91,0,0
BRDA:699,91,1,0
BRDA:703,92,0,0
BRDA:703,92,1,0
BRDA:733,93,0,0
BRDA:733,93,1,0
BRDA:738,94,0,0
BRDA:738,94,1,0
BRDA:746,95,0,0
BRDA:746,95,1,0
BRDA:760,96,0,0
BRDA:760,96,1,0
BRDA:770,97,0,0
BRDA:770,97,1,0
BRDA:770,98,0,0
BRDA:770,98,1,0
BRDA:783,99,0,0
BRDA:783,99,1,0
BRDA:783,100,0,0
BRDA:783,100,1,0
BRDA:785,101,0,0
BRDA:785,101,1,0
BRDA:796,102,0,0
BRDA:796,102,1,0
BRDA:807,103,0,0
BRDA:807,103,1,0
BRDA:820,104,0,0
BRDA:820,104,1,0
BRDA:822,105,0,0
BRDA:822,105,1,0
BRDA:825,106,0,0
BRDA:825,106,1,0
BRDA:827,107,0,0
BRDA:827,107,1,0
BRDA:840,108,0,0
BRDA:840,108,1,0
BRDA:865,109,0,0
BRDA:865,109,1,0
BRDA:867,110,0,0
BRDA:867,110,1,0
BRDA:871,111,0,0
BRDA:871,111,1,0
BRDA:897,112,0,0
BRDA:897,112,1,0
BRDA:900,113,0,0
BRDA:900,113,1,0
BRDA:906,114,0,0
BRDA:906,114,1,0
BRDA:907,115,0,0
BRDA:907,115,1,0
BRDA:927,116,0,0
BRDA:927,116,1,0
BRDA:940,117,0,0
BRDA:940,117,1,0
BRDA:948,118,0,0
BRDA:948,118,1,0
BRDA:954,119,0,0
BRDA:954,119,1,0
BRDA:959,120,0,0
BRDA:959,120,1,0
BRDA:968,121,0,0
BRDA:968,121,1,0
BRDA:984,122,0,0
BRDA:984,122,1,0
BRDA:984,123,0,0
BRDA:984,123,1,0
BRDA:984,123,2,0
BRDA:984,123,3,0
BRDA:984,123,4,0
BRDA:992,124,0,0
BRDA:992,124,1,0
BRDA:992,125,0,0
BRDA:992,125,1,0
BRDA:999,126,0,0
BRDA:999,126,1,0
BRDA:1000,127,0,0
BRDA:1000,127,1,0
BRDA:1001,128,0,0
BRDA:1001,128,1,0
BRDA:1002,129,0,0
BRDA:1002,129,1,0
BRDA:1003,130,0,0
BRDA:1003,130,1,0
BRDA:1004,131,0,0
BRDA:1004,131,1,0
BRDA:1009,132,0,0
BRDA:1009,132,1,0
BRDA:1010,133,0,0
BRDA:1010,133,1,0
BRDA:1023,134,0,0
BRDA:1023,134,1,0
BRDA:1026,135,0,0
BRDA:1026,135,1,0
BRDA:1027,136,0,0
BRDA:1027,136,1,0
BRDA:1049,137,0,0
BRDA:1049,137,1,0
BRDA:1052,138,0,0
BRDA:1052,138,1,0
BRDA:1054,139,0,0
BRDA:1054,139,1,0
BRDA:1057,140,0,0
BRDA:1057,140,1,0
BRDA:1075,141,0,0
BRDA:1075,141,1,0
BRDA:1088,142,0,0
BRDA:1088,142,1,0
BRDA:1093,143,0,0
BRDA:1093,143,1,0
BRDA:1104,144,0,0
BRDA:1104,144,1,0
BRDA:1130,145,0,0
BRDA:1130,145,1,0
BRF:302
BRH:0
end_of_record
TN:
SF:controllers/websocket.js
FN:5,(anonymous_0)
FN:9,(anonymous_1)
FN:12,(anonymous_2)
FN:17,(anonymous_3)
FN:26,(anonymous_4)
FN:31,(anonymous_5)
FNF:6
FNH:0
FNDA:0,(anonymous_0)
FNDA:0,(anonymous_1)
FNDA:0,(anonymous_2)
FNDA:0,(anonymous_3)
FNDA:0,(anonymous_4)
FNDA:0,(anonymous_5)
DA:3,2
DA:5,2
DA:6,0
DA:7,0
DA:9,0
DA:10,0
DA:12,0
DA:13,0
DA:16,0
DA:17,0
DA:18,0
DA:23,0
DA:26,2
DA:27,0
DA:28,0
DA:31,2
DA:32,0
DA:33,0
DA:36,2
LF:19
LH:5
BRDA:6,0,0,0
BRDA:6,0,1,0
BRDA:27,1,0,0
BRDA:27,1,1,0
BRDA:32,2,0,0
BRDA:32,2,1,0
BRF:6
BRH:0
end_of_record
TN:
SF:handler/stripeEventHandler.js
FN:37,(anonymous_0)
FN:60,(anonymous_1)
FN:110,handleChargeEvent
FN:122,(anonymous_3)
FN:142,(anonymous_4)
FN:146,(anonymous_5)
FN:150,(anonymous_6)
FN:196,(anonymous_7)
FN:213,(anonymous_8)
FN:219,(anonymous_9)
FN:223,(anonymous_10)
FN:230,(anonymous_11)
FN:237,(anonymous_12)
FN:243,(anonymous_13)
FN:247,(anonymous_14)
FNF:15
FNH:0
FNDA:0,(anonymous_0)
FNDA:0,(anonymous_1)
FNDA:0,handleChargeEvent
FNDA:0,(anonymous_3)
FNDA:0,(anonymous_4)
FNDA:0,(anonymous_5)
FNDA:0,(anonymous_6)
FNDA:0,(anonymous_7)
FNDA:0,(anonymous_8)
FNDA:0,(anonymous_9)
FNDA:0,(anonymous_10)
FNDA:0,(anonymous_11)
FNDA:0,(anonymous_12)
FNDA:0,(anonymous_13)
FNDA:0,(anonymous_14)
DA:1,2
DA:2,2
DA:3,2
DA:4,2
DA:5,2
DA:6,2
DA:12,2
DA:18,2
DA:19,2
DA:21,2
DA:22,2
DA:23,2
DA:25,2
DA:37,2
DA:38,0
DA:39,0
DA:41,0
DA:42,0
DA:43,0
DA:46,0
DA:50,0
DA:51,0
DA:54,0
DA:57,0
DA:60,2
DA:61,0
DA:64,0
DA:66,0
DA:67,0
DA:74,0
DA:75,0
DA:76,0
DA:87,0
DA:89,0
DA:95,0
DA:96,0
DA:97,0
DA:98,0
DA:99,0
DA:100,0
DA:101,0
DA:103,0
DA:104,0
DA:106,0
DA:107,0
DA:111,0
DA:113,0
DA:114,0
DA:115,0
DA:116,0
DA:117,0
DA:118,0
DA:122,2
DA:123,0
DA:125,0
DA:130,0
DA:131,0
DA:132,0
DA:137,0
DA:138,0
DA:141,2
DA:143,0
DA:144,0
DA:147,0
DA:148,0
DA:151,0
DA:153,0
DA:155,0
DA:156,0
DA:159,0
DA:161,0
DA:162,0
DA:163,0
DA:164,0
DA:167,0
DA:169,0
DA:170,0
DA:171,0
DA:174,0
DA:180,0
DA:182,0
DA:183,0
DA:185,0
DA:189,0
DA:197,0
DA:199,0
DA:201,0
DA:202,0
DA:205,0
DA:206,0
DA:213,0
DA:214,0
DA:215,0
DA:217,0
DA:220,0
DA:221,0
DA:224,0
DA:231,0
DA:238,0
DA:244,0
DA:247,2
DA:248,0
DA:258,0
DA:261,0
DA:263,0
DA:264,0
DA:267,0
DA:268,0
DA:270,0
DA:271,0
DA:272,0
DA:275,0
DA:276,0
DA:277,0
DA:280,0
DA:281,0
DA:284,2
LF:117
LH:19
BRDA:41,0,0,0
BRDA:41,0,1,0
BRDA:50,1,0,0
BRDA:50,1,1,0
BRDA:74,2,0,0
BRDA:74,2,1,0
BRDA:74,3,0,0
BRDA:74,3,1,0
BRDA:110,4,0,0
BRDA:113,5,0,0
BRDA:113,5,1,0
BRDA:113,6,0,0
BRDA:113,6,1,0
BRDA:117,7,0,0
BRDA:117,7,1,0
BRDA:131,8,0,0
BRDA:131,8,1,0
BRDA:155,9,0,0
BRDA:155,9,1,0
BRDA:161,10,0,0
BRDA:161,10,1,0
BRDA:170,11,0,0
BRDA:170,11,1,0
BRDA:201,12,0,0
BRDA:201,12,1,0
BRDA:248,13,0,0
BRDA:248,13,1,0
BRDA:263,14,0,0
BRDA:263,14,1,0
BRDA:263,15,0,0
BRDA:263,15,1,0
BRDA:263,15,2,0
BRDA:267,16,0,0
BRDA:267,16,1,0
BRDA:267,17,0,0
BRDA:267,17,1,0
BRDA:275,18,0,0
BRDA:275,18,1,0
BRF:38
BRH:0
end_of_record
TN:
SF:middlewares/auth.js
FN:9,(anonymous_0)
FN:25,(anonymous_1)
FN:36,(anonymous_2)
FN:46,(anonymous_3)
FN:100,(anonymous_4)
FNF:5
FNH:0
FNDA:0,(anonymous_0)
FNDA:0,(anonymous_1)
FNDA:0,(anonymous_2)
FNDA:0,(anonymous_3)
FNDA:0,(anonymous_4)
DA:1,2
DA:2,2
DA:3,2
DA:4,2
DA:5,2
DA:6,2
DA:7,2
DA:9,2
DA:10,0
DA:11,0
DA:12,0
DA:15,0
DA:18,0
DA:19,0
DA:21,0
DA:22,0
DA:25,2
DA:26,0
DA:27,0
DA:30,0
DA:31,0
DA:33,0
DA:36,2
DA:37,0
DA:38,0
DA:39,0
DA:40,0
DA:46,2
DA:47,0
DA:48,0
DA:49,0
DA:50,0
DA:53,0
DA:54,0
DA:58,0
DA:59,0
DA:62,0
DA:63,0
DA:66,0
DA:67,0
DA:68,0
DA:69,0
DA:72,0
DA:74,0
DA:75,0
DA:79,0
DA:80,0
DA:82,0
DA:83,0
DA:84,0
DA:85,0
DA:86,0
DA:89,0
DA:90,0
DA:91,0
DA:93,0
DA:96,0
DA:100,2
DA:101,0
DA:102,0
DA:103,0
DA:106,2
LF:62
LH:13
BRDA:10,0,0,0
BRDA:10,0,1,0
BRDA:10,1,0,0
BRDA:10,1,1,0
BRDA:15,2,0,0
BRDA:15,2,1,0
BRDA:18,3,0,0
BRDA:18,3,1,0
BRDA:30,4,0,0
BRDA:30,4,1,0
BRDA:48,5,0,0
BRDA:48,5,1,0
BRDA:48,6,0,0
BRDA:48,6,1,0
BRDA:53,7,0,0
BRDA:53,7,1,0
BRDA:58,8,0,0
BRDA:58,8,1,0
BRDA:58,9,0,0
BRDA:58,9,1,0
BRDA:62,10,0,0
BRDA:62,10,1,0
BRDA:62,11,0,0
BRDA:62,11,1,0
BRDA:66,12,0,0
BRDA:66,12,1,0
BRDA:67,13,0,0
BRDA:67,13,1,0
BRDA:68,14,0,0
BRDA:68,14,1,0
BRDA:72,15,0,0
BRDA:72,15,1,0
BRDA:74,16,0,0
BRDA:74,16,1,0
BRDA:80,17,0,0
BRDA:80,17,1,0
BRF:36
BRH:0
end_of_record
TN:
SF:middlewares/index.js
FN:4,(anonymous_0)
FN:18,(anonymous_1)
FN:26,(anonymous_2)
FNF:3
FNH:1
FNDA:11,(anonymous_0)
FNDA:0,(anonymous_1)
FNDA:0,(anonymous_2)
DA:1,2
DA:2,2
DA:4,2
DA:5,11
DA:6,0
DA:9,11
DA:11,11
DA:12,0
DA:14,11
DA:15,11
DA:18,2
DA:19,0
DA:20,0
DA:23,0
DA:26,2
DA:27,0
DA:28,0
DA:31,0
LF:18
LH:10
BRDA:5,0,0,0
BRDA:5,0,1,11
BRDA:5,1,0,11
BRDA:5,1,1,0
BRDA:9,2,0,11
BRDA:9,2,1,0
BRDA:11,3,0,0
BRDA:11,3,1,11
BRDA:19,4,0,0
BRDA:19,4,1,0
BRDA:27,5,0,0
BRDA:27,5,1,0
BRF:12
BRH:4
end_of_record
TN:
SF:models/admin.js
FN:16,(anonymous_0)
FNF:1
FNH:0
FNDA:0,(anonymous_0)
DA:1,2
DA:2,2
DA:4,2
DA:16,2
DA:17,0
DA:20,2
DA:21,2
LF:7
LH:6
BRDA:17,0,0,0
BRDA:17,0,1,0
BRF:2
BRH:0
end_of_record
TN:
SF:models/apartment.js
FN:191,updateFields
FNF:1
FNH:0
FNDA:0,updateFields
DA:1,4
DA:2,4
DA:3,4
DA:5,4
DA:191,4
DA:192,0
DA:193,0
DA:194,0
DA:195,0
DA:196,0
DA:197,0
DA:198,0
DA:199,0
DA:200,0
DA:201,0
DA:202,0
DA:203,0
DA:204,0
DA:205,0
DA:206,0
DA:207,0
DA:208,0
DA:209,0
DA:210,0
DA:211,0
DA:212,0
DA:213,0
DA:214,0
DA:215,0
DA:216,0
DA:217,0
DA:218,0
DA:219,0
DA:220,0
DA:221,0
DA:224,4
DA:225,4
LF:37
LH:7
BRDA:192,0,0,0
BRDA:192,0,1,0
BRDA:193,1,0,0
BRDA:193,1,1,0
BRDA:194,2,0,0
BRDA:194,2,1,0
BRDA:195,3,0,0
BRDA:195,3,1,0
BRDA:196,4,0,0
BRDA:196,4,1,0
BRDA:197,5,0,0
BRDA:197,5,1,0
BRDA:198,6,0,0
BRDA:198,6,1,0
BRDA:199,7,0,0
BRDA:199,7,1,0
BRDA:200,8,0,0
BRDA:200,8,1,0
BRDA:201,9,0,0
BRDA:201,9,1,0
BRDA:202,10,0,0
BRDA:202,10,1,0
BRDA:203,11,0,0
BRDA:203,11,1,0
BRDA:204,12,0,0
BRDA:204,12,1,0
BRDA:205,13,0,0
BRDA:205,13,1,0
BRDA:206,14,0,0
BRDA:206,14,1,0
BRDA:207,15,0,0
BRDA:207,15,1,0
BRDA:208,16,0,0
BRDA:208,16,1,0
BRDA:209,17,0,0
BRDA:209,17,1,0
BRDA:210,18,0,0
BRDA:210,18,1,0
BRDA:211,19,0,0
BRDA:211,19,1,0
BRDA:212,20,0,0
BRDA:212,20,1,0
BRDA:213,21,0,0
BRDA:213,21,1,0
BRDA:214,22,0,0
BRDA:214,22,1,0
BRDA:215,23,0,0
BRDA:215,23,1,0
BRDA:216,24,0,0
BRDA:216,24,1,0
BRDA:217,25,0,0
BRDA:217,25,1,0
BRDA:218,26,0,0
BRDA:218,26,1,0
BRDA:219,27,0,0
BRDA:219,27,1,0
BRDA:219,28,0,0
BRDA:219,28,1,0
BRDA:221,29,0,0
BRDA:221,29,1,0
BRF:60
BRH:0
end_of_record
TN:
SF:models/city.js
FNF:0
FNH:0
DA:1,2
DA:3,2
DA:15,2
DA:16,2
LF:4
LH:4
BRF:0
BRH:0
end_of_record
TN:
SF:models/feedback.js
FNF:0
FNH:0
DA:1,4
DA:2,4
DA:3,4
DA:9,4
DA:11,4
DA:27,4
DA:91,4
DA:103,4
DA:121,4
DA:136,4
DA:149,4
DA:177,4
DA:179,4
DA:181,4
DA:182,4
DA:184,4
DA:185,4
DA:187,4
LF:18
LH:18
BRF:0
BRH:0
end_of_record
TN:
SF:models/keyword-category.js
FNF:0
FNH:0
DA:1,4
DA:9,4
DA:38,4
LF:3
LH:3
BRF:0
BRH:0
end_of_record
TN:
SF:models/matching.js
FNF:0
FNH:0
DA:1,4
DA:9,4
DA:43,4
DA:115,4
DA:116,4
DA:118,4
LF:6
LH:6
BRF:0
BRH:0
end_of_record
TN:
SF:models/neighborhood.js
FNF:0
FNH:0
DA:1,2
DA:9,2
DA:25,2
LF:3
LH:3
BRF:0
BRH:0
end_of_record
TN:
SF:models/payout.js
FN:46,updateFields
FNF:1
FNH:0
FNDA:0,updateFields
DA:1,5
DA:2,5
DA:3,5
DA:5,5
DA:46,5
DA:47,0
DA:48,0
DA:49,0
DA:50,0
DA:51,0
DA:52,0
DA:53,0
DA:54,0
DA:55,0
DA:56,0
DA:59,5
DA:60,5
LF:17
LH:7
BRDA:47,0,0,0
BRDA:47,0,1,0
BRDA:47,1,0,0
BRDA:47,1,1,0
BRDA:48,2,0,0
BRDA:48,2,1,0
BRDA:48,3,0,0
BRDA:48,3,1,0
BRDA:49,4,0,0
BRDA:49,4,1,0
BRDA:49,5,0,0
BRDA:49,5,1,0
BRDA:50,6,0,0
BRDA:50,6,1,0
BRDA:50,7,0,0
BRDA:50,7,1,0
BRDA:51,8,0,0
BRDA:51,8,1,0
BRDA:51,9,0,0
BRDA:51,9,1,0
BRDA:52,10,0,0
BRDA:52,10,1,0
BRDA:52,11,0,0
BRDA:52,11,1,0
BRDA:53,12,0,0
BRDA:53,12,1,0
BRDA:53,13,0,0
BRDA:53,13,1,0
BRDA:54,14,0,0
BRDA:54,14,1,0
BRDA:54,15,0,0
BRDA:54,15,1,0
BRDA:55,16,0,0
BRDA:55,16,1,0
BRDA:55,17,0,0
BRDA:55,17,1,0
BRDA:56,18,0,0
BRDA:56,18,1,0
BRDA:56,19,0,0
BRDA:56,19,1,0
BRF:40
BRH:0
end_of_record
TN:
SF:models/pending-rent-requests.js
FN:147,updateFields
FNF:1
FNH:1
FNDA:2,updateFields
DA:1,5
DA:2,5
DA:3,5
DA:5,5
DA:147,5
DA:148,2
DA:149,2
DA:150,2
DA:151,2
DA:152,2
DA:153,2
DA:154,2
DA:155,2
DA:156,2
DA:157,2
DA:158,2
DA:159,2
DA:160,2
DA:161,2
DA:162,2
DA:163,2
DA:164,2
DA:165,2
DA:166,2
DA:167,2
DA:168,2
DA:169,2
DA:170,2
DA:171,2
DA:172,2
DA:173,2
DA:174,2
DA:175,2
DA:176,2
DA:177,2
DA:178,2
DA:179,2
DA:180,2
DA:181,2
DA:182,2
DA:183,2
DA:184,2
DA:185,2
DA:188,5
DA:190,5
LF:45
LH:45
BRDA:148,0,0,0
BRDA:148,0,1,2
BRDA:149,1,0,0
BRDA:149,1,1,2
BRDA:150,2,0,0
BRDA:150,2,1,2
BRDA:151,3,0,0
BRDA:151,3,1,2
BRDA:152,4,0,2
BRDA:152,4,1,0
BRDA:153,5,0,2
BRDA:153,5,1,0
BRDA:154,6,0,2
BRDA:154,6,1,0
BRDA:155,7,0,0
BRDA:155,7,1,2
BRDA:156,8,0,0
BRDA:156,8,1,2
BRDA:157,9,0,0
BRDA:157,9,1,2
BRDA:158,10,0,0
BRDA:158,10,1,2
BRDA:159,11,0,0
BRDA:159,11,1,2
BRDA:160,12,0,0
BRDA:160,12,1,2
BRDA:161,13,0,0
BRDA:161,13,1,2
BRDA:162,14,0,0
BRDA:162,14,1,2
BRDA:163,15,0,0
BRDA:163,15,1,2
BRDA:164,16,0,0
BRDA:164,16,1,2
BRDA:165,17,0,0
BRDA:165,17,1,2
BRDA:166,18,0,0
BRDA:166,18,1,2
BRDA:167,19,0,0
BRDA:167,19,1,2
BRDA:168,20,0,0
BRDA:168,20,1,2
BRDA:169,21,0,0
BRDA:169,21,1,2
BRDA:170,22,0,0
BRDA:170,22,1,2
BRDA:171,23,0,0
BRDA:171,23,1,2
BRDA:172,24,0,0
BRDA:172,24,1,2
BRDA:173,25,0,0
BRDA:173,25,1,2
BRDA:174,26,0,0
BRDA:174,26,1,2
BRDA:175,27,0,0
BRDA:175,27,1,2
BRDA:176,28,0,0
BRDA:176,28,1,2
BRDA:177,29,0,0
BRDA:177,29,1,2
BRDA:178,30,0,0
BRDA:178,30,1,2
BRDA:179,31,0,0
BRDA:179,31,1,2
BRDA:180,32,0,0
BRDA:180,32,1,2
BRDA:181,33,0,0
BRDA:181,33,1,2
BRDA:182,34,0,0
BRDA:182,34,1,2
BRDA:183,35,0,0
BRDA:183,35,1,2
BRDA:184,36,0,0
BRDA:184,36,1,2
BRDA:185,37,0,0
BRDA:185,37,1,2
BRF:76
BRH:38
end_of_record
TN:
SF:models/rent-requests.js
FN:89,(anonymous_0)
FN:104,(anonymous_1)
FNF:2
FNH:0
FNDA:0,(anonymous_0)
FNDA:0,(anonymous_1)
DA:1,2
DA:2,2
DA:3,2
DA:4,2
DA:6,2
DA:89,0
DA:104,2
DA:105,0
DA:106,0
DA:107,0
DA:108,0
DA:112,2
LF:12
LH:7
BRDA:106,0,0,0
BRDA:106,0,1,0
BRF:2
BRH:0
end_of_record
TN:
SF:models/sent-mails.js
FN:15,(anonymous_0)
FNF:1
FNH:0
FNDA:0,(anonymous_0)
DA:1,6
DA:3,6
DA:15,6
DA:16,0
DA:17,0
DA:18,0
DA:19,0
DA:20,0
DA:21,0
DA:24,6
LF:10
LH:4
BRDA:16,0,0,0
BRDA:16,0,1,0
BRDA:17,1,0,0
BRDA:17,1,1,0
BRDA:18,2,0,0
BRDA:18,2,1,0
BRDA:19,3,0,0
BRDA:19,3,1,0
BRDA:20,4,0,0
BRDA:20,4,1,0
BRDA:21,5,0,0
BRDA:21,5,1,0
BRF:12
BRH:0
end_of_record
TN:
SF:models/sent-message.js
FNF:0
FNH:0
DA:1,2
DA:3,2
DA:18,2
LF:3
LH:3
BRF:0
BRH:0
end_of_record
TN:
SF:models/templates.js
FN:12,(anonymous_0)
FNF:1
FNH:0
FNDA:0,(anonymous_0)
DA:1,2
DA:3,2
DA:12,2
DA:13,0
DA:14,0
DA:17,2
DA:18,2
LF:7
LH:5
BRDA:13,0,0,0
BRDA:13,0,1,0
BRDA:14,1,0,0
BRDA:14,1,1,0
BRF:4
BRH:0
end_of_record
TN:
SF:models/token.js
FNF:0
FNH:0
DA:1,2
DA:2,2
DA:4,2
DA:16,2
DA:17,2
LF:5
LH:5
BRF:0
BRH:0
end_of_record
TN:
SF:models/transaction.js
FN:44,(anonymous_0)
FNF:1
FNH:0
FNDA:0,(anonymous_0)
DA:1,2
DA:2,2
DA:4,2
DA:44,2
DA:45,0
DA:48,2
LF:6
LH:5
BRF:0
BRH:0
end_of_record
TN:
SF:models/user.js
FN:145,updateFields
FNF:1
FNH:0
FNDA:0,updateFields
DA:1,4
DA:2,4
DA:4,4
DA:145,4
DA:146,0
DA:147,0
DA:148,0
DA:149,0
DA:150,0
DA:151,0
DA:152,0
DA:153,0
DA:154,0
DA:155,0
DA:157,0
DA:158,0
DA:159,0
DA:160,0
DA:161,0
DA:162,0
DA:163,0
DA:164,0
DA:165,0
DA:166,0
DA:167,0
DA:168,0
DA:169,0
DA:170,0
DA:171,0
DA:172,0
DA:175,0
DA:176,0
DA:177,0
DA:178,0
DA:179,0
DA:180,0
DA:181,0
DA:184,0
DA:185,0
DA:186,0
DA:187,0
DA:188,0
DA:189,0
DA:192,4
DA:193,4
LF:45
LH:6
BRDA:146,0,0,0
BRDA:146,0,1,0
BRDA:147,1,0,0
BRDA:147,1,1,0
BRDA:148,2,0,0
BRDA:148,2,1,0
BRDA:149,3,0,0
BRDA:149,3,1,0
BRDA:150,4,0,0
BRDA:150,4,1,0
BRDA:151,5,0,0
BRDA:151,5,1,0
BRDA:152,6,0,0
BRDA:152,6,1,0
BRDA:153,7,0,0
BRDA:153,7,1,0
BRDA:154,8,0,0
BRDA:154,8,1,0
BRDA:155,9,0,0
BRDA:155,9,1,0
BRDA:157,10,0,0
BRDA:157,10,1,0
BRDA:158,11,0,0
BRDA:158,11,1,0
BRDA:159,12,0,0
BRDA:159,12,1,0
BRDA:160,13,0,0
BRDA:160,13,1,0
BRDA:161,14,0,0
BRDA:161,14,1,0
BRDA:162,15,0,0
BRDA:162,15,1,0
BRDA:163,16,0,0
BRDA:163,16,1,0
BRDA:164,17,0,0
BRDA:164,17,1,0
BRDA:165,18,0,0
BRDA:165,18,1,0
BRDA:166,19,0,0
BRDA:166,19,1,0
BRDA:167,20,0,0
BRDA:167,20,1,0
BRDA:168,21,0,0
BRDA:168,21,1,0
BRDA:169,22,0,0
BRDA:169,22,1,0
BRDA:170,23,0,0
BRDA:170,23,1,0
BRDA:171,24,0,0
BRDA:171,24,1,0
BRDA:172,25,0,0
BRDA:172,25,1,0
BRDA:175,26,0,0
BRDA:175,26,1,0
BRDA:176,27,0,0
BRDA:176,27,1,0
BRDA:177,28,0,0
BRDA:177,28,1,0
BRDA:178,29,0,0
BRDA:178,29,1,0
BRDA:179,30,0,0
BRDA:179,30,1,0
BRDA:180,31,0,0
BRDA:180,31,1,0
BRDA:181,32,0,0
BRDA:181,32,1,0
BRDA:184,33,0,0
BRDA:184,33,1,0
BRDA:185,34,0,0
BRDA:185,34,1,0
[...]
DA:152,6
DA:155,9
DA:156,3
DA:157,3
DA:158,2
DA:159,2
DA:160,2
DA:161,2
DA:162,2
DA:163,2
DA:164,2
DA:165,2
DA:166,2
DA:169,3
DA:171,3
DA:173,6
DA:174,6
DA:175,6
DA:178,9
DA:179,9
DA:181,9
DA:182,9
DA:183,9
DA:203,6
DA:204,9
DA:205,9
DA:206,10
DA:208,0
DA:209,0
DA:212,0
DA:213,0
DA:216,10
DA:217,10
DA:220,9
DA:223,6
DA:224,18
DA:225,18
DA:226,20
DA:228,0
DA:229,0
DA:232,0
DA:233,0
DA:236,20
DA:237,20
DA:240,18
DA:243,6
DA:244,9
DA:246,9
DA:247,10
DA:250,9
DA:253,6
DA:254,9
DA:255,9
DA:256,9
DA:259,6
DA:260,0
DA:261,0
DA:264,6
DA:265,0
DA:266,0
DA:268,0
DA:269,0
DA:274,6
DA:275,0
DA:278,6
DA:279,13
DA:280,13
DA:282,13
DA:288,6
DA:289,13
DA:290,13
DA:291,13
DA:293,13
DA:296,13
DA:297,13
DA:298,13
DA:300,13
DA:301,13
DA:302,13
DA:304,13
DA:306,13
DA:307,6
DA:308,7
DA:309,4
DA:310,3
DA:311,2
DA:313,1
DA:316,13
DA:319,6
DA:320,0
DA:324,0
DA:325,0
DA:326,0
DA:328,0
DA:329,0
DA:330,0
DA:331,0
DA:332,0
DA:333,0
DA:335,0
DA:339,0
DA:345,0
DA:346,0
DA:347,0
DA:355,0
DA:356,0
DA:357,0
DA:358,0
DA:359,0
DA:360,0
DA:361,0
DA:362,0
DA:364,0
DA:367,0
DA:368,0
DA:370,0
DA:371,0
DA:372,0
DA:374,0
DA:375,0
DA:379,6
DA:380,0
DA:398,0
DA:399,0
DA:407,0
DA:428,0
DA:434,0
DA:435,0
DA:437,0
DA:442,0
DA:445,6
LF:181
LH:119
BRDA:81,0,0,0
BRDA:91,1,0,0
BRDA:91,1,1,0
BRDA:102,2,0,0
BRDA:106,3,0,9
BRDA:136,4,0,3
BRDA:136,4,1,6
BRDA:138,5,0,3
BRDA:138,5,1,6
BRDA:145,6,0,6
BRDA:145,6,1,5
BRDA:150,7,0,6
BRDA:150,7,1,3
BRDA:150,8,0,9
BRDA:150,8,1,6
BRDA:155,9,0,3
BRDA:155,9,1,6
BRDA:157,10,0,2
BRDA:157,10,1,1
BRDA:171,11,0,2
BRDA:171,11,1,1
BRDA:181,12,0,2
BRDA:181,12,1,7
BRDA:182,13,0,2
BRDA:182,13,1,7
BRDA:206,14,0,0
BRDA:206,14,1,0
BRDA:206,14,2,10
BRDA:226,15,0,0
BRDA:226,15,1,0
BRDA:226,15,2,20
BRDA:261,16,0,0
BRDA:261,16,1,0
BRDA:265,17,0,0
BRDA:265,17,1,0
BRDA:266,18,0,0
BRDA:266,18,1,0
BRDA:269,19,0,0
BRDA:269,19,1,0
BRDA:275,20,0,0
BRDA:275,20,1,0
BRDA:291,21,0,13
BRDA:291,21,1,8
BRDA:294,22,0,6
BRDA:294,22,1,7
BRDA:294,23,0,0
BRDA:294,23,1,7
BRDA:294,24,0,7
BRDA:294,24,1,2
BRDA:302,25,0,8
BRDA:302,25,1,5
BRDA:306,26,0,6
BRDA:306,26,1,7
BRDA:308,27,0,4
BRDA:308,27,1,3
BRDA:308,28,0,7
BRDA:308,28,1,5
BRDA:310,29,0,2
BRDA:310,29,1,1
BRDA:310,30,0,3
BRDA:310,30,1,2
BRDA:326,31,0,0
BRDA:326,31,1,0
BRDA:344,32,0,0
BRDA:344,33,0,0
BRDA:356,34,0,0
BRDA:356,34,1,0
BRDA:398,35,0,0
BRDA:398,35,1,0
BRDA:401,36,0,0
BRDA:401,36,1,0
BRDA:404,37,0,0
BRDA:404,37,1,0
BRDA:411,38,0,0
BRDA:411,38,1,0
BRDA:419,39,0,0
BRDA:419,39,1,0
BRDA:425,40,0,0
BRDA:425,40,1,0
BRDA:428,41,0,0
BRDA:428,41,1,0
BRDA:432,42,0,0
BRDA:432,42,1,0
BRDA:435,43,0,0
BRDA:435,43,1,0
BRF:85
BRH:42
end_of_record
TN:
SF:utils/dateUtils.js
FN:1,(anonymous_0)
FNF:1
FNH:1
FNDA:16,(anonymous_0)
DA:1,5
DA:2,16
DA:5,5
LF:3
LH:3
BRDA:2,0,0,16
BRDA:2,0,1,7
BRDA:2,0,2,4
BRF:3
BRH:3
end_of_record
TN:
SF:utils/emailTemplatesUtils.js
FN:10,(anonymous_0)
FN:29,(anonymous_1)
FN:59,(anonymous_2)
FN:65,(anonymous_3)
FN:72,(anonymous_4)
FN:105,(anonymous_5)
FN:121,(anonymous_6)
FN:151,(anonymous_7)
FN:159,generateUpdateHTML
FN:212,(anonymous_9)
FN:232,(anonymous_10)
FN:251,(anonymous_11)
FN:305,(anonymous_12)
FN:311,(anonymous_13)
FN:326,(anonymous_14)
FN:333,(anonymous_15)
FN:341,(anonymous_16)
FN:349,(anonymous_17)
FN:353,(anonymous_18)
FN:361,(anonymous_19)
FN:371,(anonymous_20)
FN:475,(anonymous_21)
FN:566,(anonymous_22)
FN:705,(anonymous_23)
FN:712,(anonymous_24)
FN:721,(anonymous_25)
FN:730,(anonymous_26)
FN:736,(anonymous_27)
FN:782,(anonymous_28)
FN:788,(anonymous_29)
FN:895,(anonymous_30)
FN:902,(anonymous_31)
FN:917,(anonymous_32)
FN:975,(anonymous_33)
FNF:34
FNH:0
FNDA:0,(anonymous_0)
FNDA:0,(anonymous_1)
FNDA:0,(anonymous_2)
FNDA:0,(anonymous_3)
FNDA:0,(anonymous_4)
FNDA:0,(anonymous_5)
FNDA:0,(anonymous_6)
FNDA:0,(anonymous_7)
FNDA:0,generateUpdateHTML
FNDA:0,(anonymous_9)
FNDA:0,(anonymous_10)
FNDA:0,(anonymous_11)
FNDA:0,(anonymous_12)
FNDA:0,(anonymous_13)
FNDA:0,(anonymous_14)
FNDA:0,(anonymous_15)
FNDA:0,(anonymous_16)
FNDA:0,(anonymous_17)
FNDA:0,(anonymous_18)
FNDA:0,(anonymous_19)
FNDA:0,(anonymous_20)
FNDA:0,(anonymous_21)
FNDA:0,(anonymous_22)
FNDA:0,(anonymous_23)
FNDA:0,(anonymous_24)
FNDA:0,(anonymous_25)
FNDA:0,(anonymous_26)
FNDA:0,(anonymous_27)
FNDA:0,(anonymous_28)
FNDA:0,(anonymous_29)
FNDA:0,(anonymous_30)
FNDA:0,(anonymous_31)
FNDA:0,(anonymous_32)
FNDA:0,(anonymous_33)
DA:1,2
DA:2,2
DA:3,2
DA:5,2
DA:6,2
DA:7,2
DA:8,2
DA:10,2
DA:11,0
DA:13,0
DA:15,0
DA:17,0
DA:19,0
DA:21,0
DA:23,0
DA:25,0
DA:29,2
DA:30,0
DA:31,0
DA:32,0
DA:34,0
DA:36,0
DA:38,0
DA:40,0
DA:42,0
DA:44,0
DA:46,0
DA:48,0
DA:50,0
DA:52,0
DA:54,0
DA:56,0
DA:59,2
DA:60,0
DA:65,2
DA:66,0
DA:72,2
DA:73,0
DA:74,0
DA:75,0
DA:76,0
DA:78,0
DA:101,0
DA:103,0
DA:105,2
DA:106,0
DA:110,0
DA:114,0
DA:115,0
DA:116,0
DA:118,0
DA:121,2
DA:122,0
DA:123,0
DA:124,0
DA:125,0
DA:127,0
DA:146,0
DA:148,0
DA:151,2
DA:152,0
DA:160,0
DA:161,0
DA:162,0
DA:175,0
DA:176,0
DA:191,0
DA:209,0
DA:212,2
DA:213,0
DA:214,0
DA:218,0
DA:219,0
DA:224,0
DA:225,0
DA:226,0
DA:227,0
DA:229,0
DA:232,2
DA:233,0
DA:234,0
DA:238,0
DA:239,0
DA:244,0
DA:245,0
DA:246,0
DA:248,0
DA:251,2
DA:252,0
DA:253,0
DA:257,0
DA:258,0
DA:263,0
DA:264,0
DA:266,0
DA:276,0
DA:277,0
DA:285,0
DA:286,0
DA:299,0
DA:301,0
DA:305,2
DA:306,0
DA:311,2
DA:312,0
DA:313,0
DA:314,0
DA:316,0
DA:322,0
DA:326,2
DA:327,0
DA:333,2
DA:334,0
DA:335,0
DA:336,0
DA:337,0
DA:338,0
DA:341,2
DA:342,0
DA:343,0
DA:344,0
DA:345,0
DA:346,0
DA:349,2
DA:350,0
DA:353,2
DA:354,0
DA:361,2
DA:362,0
DA:363,0
DA:367,0
DA:368,0
DA:371,2
DA:372,0
DA:373,0
DA:374,0
DA:375,0
DA:376,0
DA:377,0
DA:378,0
DA:379,0
DA:380,0
DA:381,0
DA:383,0
DA:385,0
DA:386,0
DA:388,0
DA:389,0
DA:392,0
DA:393,0
DA:396,0
DA:397,0
DA:400,0
DA:401,0
DA:403,0
DA:404,0
DA:408,0
DA:409,0
DA:412,0
DA:413,0
DA:416,0
DA:417,0
DA:420,0
DA:421,0
DA:424,0
DA:425,0
DA:428,0
DA:429,0
DA:430,0
DA:441,0
DA:442,0
DA:450,0
DA:453,0
DA:454,0
DA:455,0
DA:459,0
DA:464,0
DA:465,0
DA:466,0
DA:467,0
DA:468,0
DA:469,0
DA:470,0
DA:471,0
DA:472,0
DA:475,2
DA:476,0
DA:477,0
DA:478,0
DA:479,0
DA:480,0
DA:481,0
DA:482,0
DA:483,0
DA:484,0
DA:486,0
DA:488,0
DA:489,0
DA:491,0
DA:492,0
DA:495,0
DA:496,0
DA:499,0
DA:500,0
DA:503,0
DA:504,0
DA:506,0
DA:507,0
DA:511,0
DA:512,0
DA:515,0
DA:516,0
DA:519,0
DA:520,0
DA:523,0
DA:524,0
DA:527,0
DA:528,0
DA:532,0
DA:533,0
DA:534,0
DA:544,0
DA:547,0
DA:548,0
DA:549,0
DA:553,0
DA:558,0
DA:559,0
DA:560,0
DA:561,0
DA:562,0
DA:563,0
DA:566,2
DA:567,0
DA:568,0
DA:569,0
DA:571,0
DA:572,0
DA:599,0
DA:612,0
DA:613,0
DA:614,0
DA:615,0
DA:616,0
DA:617,0
DA:618,0
DA:619,0
DA:620,0
DA:621,0
DA:623,0
DA:625,0
DA:626,0
DA:628,0
DA:629,0
DA:632,0
DA:633,0
DA:636,0
DA:637,0
DA:640,0
DA:641,0
DA:643,0
DA:644,0
DA:648,0
DA:649,0
DA:652,0
DA:653,0
DA:656,0
DA:657,0
DA:660,0
DA:661,0
DA:664,0
DA:665,0
DA:669,0
DA:670,0
DA:671,0
DA:681,0
DA:684,0
DA:685,0
DA:686,0
DA:690,0
DA:695,0
DA:696,0
DA:697,0
DA:698,0
DA:699,0
DA:700,0
DA:701,0
DA:702,0
DA:705,2
DA:706,0
DA:712,2
DA:713,0
DA:714,0
DA:715,0
DA:716,0
DA:717,0
DA:718,0
DA:721,2
DA:722,0
DA:723,0
DA:724,0
DA:725,0
DA:726,0
DA:727,0
DA:730,2
DA:731,0
DA:736,2
DA:737,0
DA:738,0
DA:739,0
DA:740,0
DA:741,0
DA:742,0
DA:743,0
DA:744,0
DA:745,0
DA:746,0
DA:747,0
DA:748,0
DA:749,0
DA:750,0
DA:753,0
DA:754,0
DA:755,0
DA:765,0
DA:768,0
DA:769,0
DA:770,0
DA:774,0
DA:779,0
DA:782,2
DA:783,0
DA:788,2
DA:789,0
DA:790,0
DA:791,0
DA:792,0
DA:793,0
DA:794,0
DA:796,0
DA:798,0
DA:799,0
DA:800,0
DA:801,0
DA:802,0
DA:804,0
DA:806,0
DA:807,0
DA:809,0
DA:810,0
DA:813,0
DA:814,0
DA:817,0
DA:818,0
DA:821,0
DA:822,0
DA:824,0
DA:825,0
DA:829,0
DA:830,0
DA:833,0
DA:834,0
DA:837,0
DA:838,0
DA:841,0
DA:842,0
DA:845,0
DA:849,0
DA:851,0
DA:857,0
DA:858,0
DA:859,0
DA:860,0
DA:864,0
DA:865,0
DA:866,0
DA:873,0
DA:876,0
DA:877,0
DA:878,0
DA:882,0
DA:887,0
DA:888,0
DA:889,0
DA:890,0
DA:891,0
DA:892,0
DA:895,2
DA:896,0
DA:902,2
DA:903,0
DA:904,0
DA:905,0
DA:906,0
DA:907,0
DA:908,0
DA:909,0
DA:910,0
DA:911,0
DA:912,0
DA:913,0
DA:914,0
DA:917,2
DA:918,0
DA:919,0
DA:920,0
DA:922,0
DA:923,0
DA:950,0
DA:962,0
DA:963,0
DA:964,0
DA:965,0
DA:966,0
DA:967,0
DA:968,0
DA:969,0
DA:970,0
DA:971,0
DA:972,0
DA:975,2
DA:976,0
DA:977,0
DA:978,0
DA:979,0
DA:980,0
DA:981,0
DA:982,0
DA:983,0
DA:984,0
DA:987,2
LF:431
LH:41
BRDA:11,0,0,0
BRDA:11,0,1,0
BRDA:11,0,2,0
BRDA:11,0,3,0
BRDA:11,0,4,0
BRDA:11,0,5,0
BRDA:11,0,6,0
BRDA:32,1,0,0
BRDA:32,1,1,0
BRDA:32,1,2,0
BRDA:32,1,3,0
BRDA:32,1,4,0
BRDA:32,1,5,0
BRDA:32,1,6,0
BRDA:32,1,7,0
BRDA:32,1,8,0
BRDA:32,1,9,0
BRDA:32,1,10,0
BRDA:32,1,11,0
BRDA:161,2,0,0
BRDA:161,2,1,0
BRDA:161,3,0,0
BRDA:161,3,1,0
BRDA:175,4,0,0
BRDA:175,4,1,0
BRDA:213,5,0,0
BRDA:213,5,1,0
BRDA:218,6,0,0
BRDA:218,6,1,0
BRDA:233,7,0,0
BRDA:233,7,1,0
BRDA:238,8,0,0
BRDA:238,8,1,0
BRDA:252,9,0,0
BRDA:252,9,1,0
BRDA:257,10,0,0
BRDA:257,10,1,0
BRDA:276,11,0,0
BRDA:276,11,1,0
BRDA:285,12,0,0
BRDA:285,12,1,0
BRDA:383,13,0,0
BRDA:383,13,1,0
BRDA:383,13,2,0
BRDA:383,13,3,0
BRDA:383,13,4,0
BRDA:383,13,5,0
BRDA:383,14,0,0
BRDA:383,14,1,0
BRDA:386,15,0,0
BRDA:386,15,1,0
BRDA:386,15,2,0
BRDA:386,15,3,0
BRDA:441,16,0,0
BRDA:441,16,1,0
BRDA:486,17,0,0
BRDA:486,17,1,0
BRDA:486,17,2,0
BRDA:486,17,3,0
BRDA:486,17,4,0
BRDA:486,17,5,0
BRDA:486,18,0,0
BRDA:486,18,1,0
BRDA:489,19,0,0
BRDA:489,19,1,0
BRDA:489,19,2,0
BRDA:489,19,3,0
BRDA:571,20,0,0
BRDA:571,20,1,0
BRDA:572,21,0,0
BRDA:572,21,1,0
BRDA:623,22,0,0
BRDA:623,22,1,0
BRDA:623,22,2,0
BRDA:623,22,3,0
BRDA:623,22,4,0
BRDA:623,22,5,0
BRDA:623,23,0,0
BRDA:623,23,1,0
BRDA:626,24,0,0
BRDA:626,24,1,0
BRDA:626,24,2,0
BRDA:626,24,3,0
BRDA:699,25,0,0
BRDA:699,25,1,0
BRDA:701,26,0,0
BRDA:701,26,1,0
BRDA:791,27,0,0
BRDA:791,27,1,0
BRDA:796,28,0,0
BRDA:796,28,1,0
BRDA:804,29,0,0
BRDA:804,29,1,0
BRDA:804,29,2,0
BRDA:804,29,3,0
BRDA:804,29,4,0
BRDA:804,29,5,0
BRDA:804,30,0,0
BRDA:804,30,1,0
BRDA:807,31,0,0
BRDA:807,31,1,0
BRDA:807,31,2,0
BRDA:807,31,3,0
BRDA:853,32,0,0
BRDA:853,32,1,0
BRDA:922,33,0,0
BRDA:922,33,1,0
BRDA:923,34,0,0
BRDA:923,34,1,0
BRF:109
BRH:0
end_of_record
TN:
SF:utils/error.js
FN:2,(anonymous_0)
FN:9,(anonymous_1)
FN:12,(anonymous_2)
FN:15,(anonymous_3)
FN:18,(anonymous_4)
FN:21,(anonymous_5)
FNF:6
FNH:2
FNDA:8,(anonymous_0)
FNDA:8,(anonymous_1)
FNDA:0,(anonymous_2)
FNDA:0,(anonymous_3)
FNDA:0,(anonymous_4)
FNDA:0,(anonymous_5)
DA:3,8
DA:4,8
DA:5,8
DA:9,4
DA:10,8
DA:12,4
DA:13,0
DA:15,4
DA:16,0
DA:18,4
DA:19,0
DA:21,4
DA:22,0
LF:13
LH:9
BRF:0
BRH:0
end_of_record
TN:
SF:utils/helperUtils.js
FN:6,(anonymous_0)
FN:10,httpGet
FN:12,(anonymous_2)
FN:14,(anonymous_3)
FN:16,(anonymous_4)
FN:17,(anonymous_5)
FN:25,(anonymous_6)
FN:31,httpPost
FN:42,(anonymous_8)
FN:43,(anonymous_9)
FN:45,(anonymous_10)
FN:46,(anonymous_11)
FN:54,(anonymous_12)
FN:57,(anonymous_13)
FN:66,(anonymous_14)
FN:67,(anonymous_15)
FN:69,(anonymous_16)
FN:76,(anonymous_17)
FNF:18
FNH:0
FNDA:0,(anonymous_0)
FNDA:0,httpGet
FNDA:0,(anonymous_2)
FNDA:0,(anonymous_3)
FNDA:0,(anonymous_4)
FNDA:0,(anonymous_5)
FNDA:0,(anonymous_6)
FNDA:0,httpPost
FNDA:0,(anonymous_8)
FNDA:0,(anonymous_9)
FNDA:0,(anonymous_10)
FNDA:0,(anonymous_11)
FNDA:0,(anonymous_12)
FNDA:0,(anonymous_13)
FNDA:0,(anonymous_14)
FNDA:0,(anonymous_15)
FNDA:0,(anonymous_16)
FNDA:0,(anonymous_17)
DA:1,4
DA:2,4
DA:3,4
DA:4,4
DA:6,4
DA:7,0
DA:11,0
DA:12,0
DA:13,0
DA:15,0
DA:16,0
DA:17,0
DA:18,0
DA:19,0
DA:20,0
DA:22,0
DA:26,0
DA:32,0
DA:33,0
DA:34,0
DA:42,0
DA:43,0
DA:44,0
DA:45,0
DA:46,0
DA:47,0
DA:48,0
DA:49,0
DA:51,0
DA:54,0
DA:55,0
DA:57,0
DA:58,0
DA:59,0
DA:61,0
DA:62,0
DA:66,4
DA:67,0
DA:68,0
DA:69,0
DA:70,0
DA:71,0
DA:76,4
DA:77,0
DA:80,4
LF:45
LH:8
BRDA:13,0,0,0
BRDA:13,0,1,0
BRDA:31,1,0,0
BRDA:31,2,0,0
BRDA:43,3,0,0
BRDA:43,3,1,0
BRDA:70,4,0,0
BRDA:70,4,1,0
BRF:8
BRH:0
end_of_record
TN:
SF:utils/index.js
FN:2,(anonymous_0)
FN:3,(anonymous_1)
FNF:2
FNH:2
FNDA:302,(anonymous_0)
FNDA:17,(anonymous_1)
DA:1,2
DA:3,302
DA:4,17
LF:3
LH:3
BRF:0
BRH:0
end_of_record
TN:
SF:utils/log.js
FN:34,(anonymous_0)
FN:35,(anonymous_1)
FN:51,(anonymous_2)
FN:102,(anonymous_3)
FN:165,(anonymous_4)
FN:172,(anonymous_5)
FN:175,(anonymous_6)
FN:192,(anonymous_7)
FNF:8
FNH:3
FNDA:1,(anonymous_0)
FNDA:0,(anonymous_1)
FNDA:0,(anonymous_2)
FNDA:0,(anonymous_3)
FNDA:0,(anonymous_4)
FNDA:25,(anonymous_5)
FNDA:0,(anonymous_6)
FNDA:1,(anonymous_7)
DA:1,6
DA:2,6
DA:3,6
DA:4,6
DA:5,6
DA:7,6
DA:9,6
DA:34,1
DA:36,0
DA:37,0
DA:42,6
DA:43,0
DA:44,0
DA:47,6
DA:48,0
DA:52,0
DA:53,0
DA:54,0
DA:56,0
DA:60,0
DA:98,6
DA:99,0
DA:103,0
DA:104,0
DA:107,0
DA:138,6
DA:143,6
DA:164,6
DA:166,0
DA:170,6
DA:173,25
DA:176,0
DA:195,1
DA:197,1
DA:198,0
DA:199,0
DA:201,1
DA:202,1
DA:203,1
DA:204,0
DA:208,1
LF:41
LH:22
BRDA:26,0,0,0
BRDA:26,0,1,6
BRDA:42,1,0,0
BRDA:42,1,1,6
BRDA:47,2,0,0
BRDA:47,2,1,6
BRDA:53,3,0,0
BRDA:53,3,1,0
BRDA:53,4,0,0
BRDA:53,4,1,0
BRDA:56,5,0,0
BRDA:56,5,1,0
BRDA:98,6,0,0
BRDA:98,6,1,6
BRDA:103,7,0,0
BRDA:103,7,1,0
BRDA:172,8,0,25
BRDA:175,9,0,0
BRDA:197,10,0,0
BRDA:197,10,1,1
BRDA:199,11,0,0
BRDA:199,11,1,0
BRDA:202,12,0,1
BRDA:202,12,1,0
BRDA:203,13,0,0
BRDA:203,13,1,1
BRDA:204,14,0,0
BRDA:204,14,1,0
BRF:28
BRH:8
end_of_record
TN:
SF:utils/paymentUtils.js
FN:9,(anonymous_0)
FN:11,(anonymous_1)
FN:32,(anonymous_2)
FN:74,(anonymous_3)
FN:83,(anonymous_4)
FN:87,(anonymous_5)
FN:92,(anonymous_6)
FN:120,(anonymous_7)
FN:139,(anonymous_8)
FN:146,(anonymous_9)
FN:152,(anonymous_10)
FN:158,(anonymous_11)
FN:169,(anonymous_12)
FN:171,(anonymous_13)
FN:181,(anonymous_14)
FN:182,(anonymous_15)
FN:188,httpGet
FN:189,(anonymous_17)
FN:191,(anonymous_18)
FN:198,(anonymous_19)
FN:202,(anonymous_20)
FN:206,(anonymous_21)
FN:212,httpPost
FN:222,(anonymous_23)
FN:223,(anonymous_24)
FN:229,(anonymous_25)
FN:230,(anonymous_26)
FN:236,(anonymous_27)
FN:240,(anonymous_28)
FNF:29
FNH:1
FNDA:0,(anonymous_0)
FNDA:0,(anonymous_1)
FNDA:0,(anonymous_2)
FNDA:0,(anonymous_3)
FNDA:0,(anonymous_4)
FNDA:7,(anonymous_5)
FNDA:0,(anonymous_6)
FNDA:0,(anonymous_7)
FNDA:0,(anonymous_8)
FNDA:0,(anonymous_9)
FNDA:0,(anonymous_10)
FNDA:0,(anonymous_11)
FNDA:0,(anonymous_12)
FNDA:0,(anonymous_13)
FNDA:0,(anonymous_14)
FNDA:0,(anonymous_15)
FNDA:0,httpGet
FNDA:0,(anonymous_17)
FNDA:0,(anonymous_18)
FNDA:0,(anonymous_19)
FNDA:0,(anonymous_20)
FNDA:0,(anonymous_21)
FNDA:0,httpPost
FNDA:0,(anonymous_23)
FNDA:0,(anonymous_24)
FNDA:0,(anonymous_25)
FNDA:0,(anonymous_26)
FNDA:0,(anonymous_27)
FNDA:0,(anonymous_28)
DA:1,4
DA:2,4
DA:3,4
DA:5,4
DA:6,4
DA:7,4
DA:9,4
DA:11,4
DA:12,0
DA:13,0
DA:14,0
DA:17,0
DA:19,0
DA:21,0
DA:22,0
DA:23,0
DA:24,0
DA:27,0
DA:29,0
DA:32,4
DA:42,0
DA:43,0
DA:44,0
DA:45,0
DA:47,0
DA:74,4
DA:75,0
DA:83,4
DA:84,0
DA:87,4
DA:88,7
DA:92,4
DA:93,0
DA:102,0
DA:103,0
DA:109,0
DA:114,0
DA:115,0
DA:117,0
DA:120,4
DA:121,0
DA:136,0
DA:139,4
DA:140,0
DA:141,0
DA:142,0
DA:143,0
DA:146,4
DA:147,0
DA:148,0
DA:149,0
DA:152,4
DA:153,0
DA:154,0
DA:155,0
DA:158,4
DA:159,0
DA:164,0
DA:166,0
DA:169,4
DA:171,4
DA:172,0
DA:173,0
DA:175,0
DA:176,0
DA:178,0
DA:181,0
DA:182,0
DA:185,0
DA:189,0
DA:190,0
DA:192,0
DA:194,0
DA:195,0
DA:198,0
DA:199,0
DA:202,0
DA:203,0
DA:207,0
DA:213,0
DA:214,0
DA:222,0
DA:223,0
DA:224,0
DA:225,0
DA:228,0
DA:229,0
DA:230,0
DA:231,0
DA:232,0
DA:236,0
DA:237,0
DA:240,0
DA:241,0
DA:242,0
DA:245,0
DA:246,0
DA:250,4
LF:98
LH:22
BRDA:17,0,0,0
BRDA:17,0,1,0
BRDA:19,1,0,0
BRDA:19,1,1,0
BRDA:21,2,0,0
BRDA:21,2,1,0
BRDA:21,3,0,0
BRDA:21,3,1,0
BRDA:27,4,0,0
BRDA:27,4,1,0
BRDA:60,5,0,0
BRDA:60,5,1,0
BRDA:63,6,0,0
BRDA:63,6,1,0
BRDA:63,6,2,0
BRDA:67,7,0,0
BRDA:67,7,1,0
BRDA:74,8,0,0
BRDA:84,9,0,0
BRDA:84,9,1,0
BRDA:103,10,0,0
BRDA:103,10,1,0
BRDA:105,11,0,0
BRDA:105,11,1,0
BRDA:120,12,0,0
BRDA:125,13,0,0
BRDA:125,13,1,0
BRDA:159,14,0,0
BRDA:159,14,1,0
BRDA:160,15,0,0
BRDA:160,15,1,0
BRDA:160,15,2,0
BRDA:169,16,0,0
BRDA:169,16,1,0
BRDA:178,17,0,0
BRDA:178,17,1,0
BRDA:188,18,0,0
BRDA:190,19,0,0
BRDA:190,19,1,0
BRDA:194,20,0,0
BRDA:194,20,1,0
BRDA:212,21,0,0
BRDA:223,22,0,0
BRDA:223,22,1,0
BRDA:224,23,0,0
BRDA:224,23,1,0
BRDA:224,24,0,0
BRDA:224,24,1,0
BRF:48
BRH:0
end_of_record
TN:
SF:utils/payoutUtils.js
FN:10,(anonymous_0)
FN:48,(anonymous_1)
FN:94,(anonymous_2)
FN:100,(anonymous_3)
FN:108,(anonymous_4)
FN:141,(anonymous_5)
FN:217,(anonymous_6)
FN:222,(anonymous_7)
FN:225,(anonymous_8)
FN:232,(anonymous_9)
FN:235,(anonymous_10)
FN:241,(anonymous_11)
FN:268,(anonymous_12)
FN:275,(anonymous_13)
FN:282,(anonymous_14)
FN:284,(anonymous_15)
FNF:16
FNH:9
FNDA:0,(anonymous_0)
FNDA:16,(anonymous_1)
FNDA:2,(anonymous_2)
FNDA:2,(anonymous_3)
FNDA:4,(anonymous_4)
FNDA:8,(anonymous_5)
FNDA:0,(anonymous_6)
FNDA:8,(anonymous_7)
FNDA:16,(anonymous_8)
FNDA:0,(anonymous_9)
FNDA:0,(anonymous_10)
FNDA:0,(anonymous_11)
FNDA:0,(anonymous_12)
FNDA:0,(anonymous_13)
FNDA:8,(anonymous_14)
FNDA:16,(anonymous_15)
DA:1,5
DA:2,5
DA:3,5
DA:4,5
DA:5,5
DA:6,5
DA:7,5
DA:8,5
DA:10,5
DA:11,0
DA:12,0
DA:44,0
DA:45,0
DA:48,5
DA:49,16
DA:50,16
DA:51,16
DA:52,16
DA:53,16
DA:54,16
DA:56,16
DA:58,12
DA:59,4
DA:61,4
DA:62,2
DA:63,2
DA:65,2
DA:69,4
DA:73,16
DA:78,2
DA:82,16
DA:94,5
DA:95,2
DA:96,2
DA:97,2
DA:100,5
DA:101,2
DA:102,2
DA:103,2
DA:104,2
DA:105,2
DA:108,5
DA:109,4
DA:110,4
DA:112,1
DA:113,3
DA:115,3
DA:116,0
DA:118,0
DA:119,0
DA:121,0
DA:122,0
DA:124,0
DA:125,0
DA:127,0
DA:128,0
DA:130,0
DA:131,0
DA:133,0
DA:134,0
DA:136,0
DA:138,0
DA:141,5
DA:144,8
DA:145,8
DA:147,8
DA:148,8
DA:149,8
DA:150,8
DA:153,8
DA:154,8
DA:155,8
DA:156,8
DA:157,8
DA:158,8
DA:160,8
DA:162,8
DA:166,8
DA:177,8
DA:182,8
DA:183,6
DA:197,8
DA:201,2
DA:214,8
DA:217,5
DA:218,0
DA:219,0
DA:222,5
DA:223,8
DA:224,8
DA:225,8
DA:226,16
DA:227,16
DA:229,8
DA:232,5
DA:233,0
DA:234,0
DA:235,0
DA:236,0
DA:237,0
DA:241,5
DA:242,0
DA:243,0
DA:252,0
DA:253,0
DA:254,0
DA:255,0
DA:260,0
DA:262,0
DA:265,0
DA:268,5
DA:269,0
DA:270,0
DA:272,0
DA:275,5
DA:276,0
DA:277,0
DA:279,0
DA:282,5
DA:283,8
DA:284,8
DA:285,16
DA:287,8
DA:290,5
LF:124
LH:83
BRDA:11,0,0,0
BRDA:11,0,1,0
BRDA:11,1,0,0
BRDA:11,1,1,0
BRDA:56,2,0,12
BRDA:56,2,1,4
BRDA:58,3,0,4
BRDA:58,3,1,8
BRDA:61,4,0,2
BRDA:61,4,1,2
BRDA:73,5,0,2
BRDA:73,5,1,14
BRDA:74,6,0,16
BRDA:74,6,1,12
BRDA:74,6,2,4
BRDA:110,7,0,1
BRDA:110,7,1,3
BRDA:110,8,0,4
BRDA:110,8,1,4
BRDA:113,9,0,3
BRDA:113,9,1,0
BRDA:113,10,0,3
BRDA:113,10,1,3
BRDA:116,11,0,0
BRDA:116,11,1,0
BRDA:116,12,0,0
BRDA:116,12,1,0
BRDA:119,13,0,0
BRDA:119,13,1,0
BRDA:119,14,0,0
BRDA:119,14,1,0
BRDA:122,15,0,0
BRDA:122,15,1,0
BRDA:122,16,0,0
BRDA:122,16,1,0
BRDA:125,17,0,0
BRDA:125,17,1,0
BRDA:125,18,0,0
BRDA:125,18,1,0
BRDA:128,19,0,0
BRDA:128,19,1,0
BRDA:128,20,0,0
BRDA:128,20,1,0
BRDA:131,21,0,0
BRDA:131,21,1,0
BRDA:131,22,0,0
BRDA:131,22,1,0
BRDA:134,23,0,0
BRDA:134,23,1,0
BRDA:147,24,0,0
BRDA:147,24,1,8
BRDA:156,25,0,4
BRDA:156,25,1,4
BRDA:160,26,0,4
BRDA:160,26,1,4
BRDA:163,27,0,16
BRDA:163,27,1,12
BRDA:182,28,0,6
BRDA:182,28,1,2
BRDA:182,29,0,8
BRDA:182,29,1,4
BRDA:197,30,0,2
BRDA:197,30,1,6
BRDA:198,31,0,8
BRDA:198,31,1,4
BRDA:207,32,0,0
BRDA:207,32,1,2
BRDA:253,33,0,0
BRDA:253,33,1,0
BRDA:270,34,0,0
BRDA:270,34,1,0
BRDA:277,35,0,0
BRDA:277,35,1,0
BRDA:277,36,0,0
BRDA:277,36,1,0
BRF:75
BRH:34
end_of_record
TN:
SF:utils/s3Utils.js
FN:17,(anonymous_0)
FN:21,(anonymous_1)
FN:24,(anonymous_2)
FN:47,(anonymous_3)
FN:97,(anonymous_4)
FN:108,(anonymous_5)
FN:114,(anonymous_6)
FN:115,(anonymous_7)
FN:125,(anonymous_8)
FNF:9
FNH:0
FNDA:0,(anonymous_0)
FNDA:0,(anonymous_1)
FNDA:0,(anonymous_2)
FNDA:0,(anonymous_3)
FNDA:0,(anonymous_4)
FNDA:0,(anonymous_5)
FNDA:0,(anonymous_6)
FNDA:0,(anonymous_7)
FNDA:0,(anonymous_8)
DA:1,2
DA:3,2
DA:4,2
DA:5,2
DA:6,2
DA:7,2
DA:8,2
DA:10,2
DA:11,2
DA:12,2
DA:14,2
DA:15,2
DA:17,2
DA:18,0
DA:20,0
DA:21,0
DA:22,0
DA:25,0
DA:26,0
DA:29,0
DA:36,0
DA:37,0
DA:40,0
DA:42,0
DA:43,0
DA:47,2
DA:48,0
DA:50,0
DA:51,0
DA:53,0
DA:57,0
DA:58,0
DA:59,0
DA:60,0
DA:64,0
DA:68,0
DA:69,0
DA:74,0
DA:76,0
DA:80,0
DA:81,0
DA:88,0
DA:89,0
DA:90,0
DA:92,0
DA:93,0
DA:97,2
DA:98,0
DA:105,0
DA:108,2
DA:109,0
DA:114,0
DA:115,0
DA:116,0
DA:117,0
DA:119,0
DA:125,2
DA:126,0
DA:130,0
DA:131,0
DA:134,2
LF:61
LH:18
BRDA:25,0,0,0
BRDA:25,0,1,0
BRDA:48,1,0,0
BRDA:48,1,1,0
BRDA:50,2,0,0
BRDA:50,2,1,0
BRDA:50,3,0,0
BRDA:50,3,1,0
BRDA:53,4,0,0
BRDA:53,4,1,0
BRDA:57,5,0,0
BRDA:57,5,1,0
BRDA:64,6,0,0
BRDA:64,6,1,0
BRDA:65,7,0,0
BRDA:65,7,1,0
BRDA:65,7,2,0
BRDA:116,8,0,0
BRDA:116,8,1,0
BRF:19
BRH:0
end_of_record
